This is pdfTeX, Version 3.14159265-2.6-1.40.20 (MiKTeX 2.9.7200 64-bit) (preloaded format=pdflatex 2019.10.31)  14 APR 2020 15:24
entering extended mode
**./wp4.tex
(wp4.tex
LaTeX2e <2019-10-01> patch level 1
(wiley-article-04t.cls

LaTeX Warning: You have requested document class `wiley-article-04t',
               but the document class provides `wiley-article'.

Document Class: wiley-article 2017/05/26, v1.1
("C:\Users\1\AppData\Local\Programs\MiKTeX 2.9\tex/latex/base\article.cls"
Document Class: article 2019/08/27 v1.4j Standard LaTeX document class
("C:\Users\1\AppData\Local\Programs\MiKTeX 2.9\tex/latex/base\size10.clo"
File: size10.clo 2019/08/27 v1.4j Standard LaTeX file (size option)
)
\c@part=\count80
\c@section=\count81
\c@subsection=\count82
\c@subsubsection=\count83
\c@paragraph=\count84
\c@subparagraph=\count85
\c@figure=\count86
\c@table=\count87
\abovecaptionskip=\skip41
\belowcaptionskip=\skip42
\bibindent=\dimen102
)
("C:\Users\1\AppData\Local\Programs\MiKTeX 2.9\tex/latex/xcolor\xcolor.sty"
Package: xcolor 2016/05/11 v2.12 LaTeX color extensions (UK)

("C:\Users\1\AppData\Local\Programs\MiKTeX 2.9\tex/latex/graphics-cfg\color.cfg
"
File: color.cfg 2016/01/02 v1.6 sample color configuration
)
Package xcolor Info: Driver file: pdftex.def on input line 225.

("C:\Users\1\AppData\Local\Programs\MiKTeX 2.9\tex/latex/graphics-def\pdftex.de
f"
File: pdftex.def 2018/01/08 v1.0l Graphics/color driver for pdftex
)
("C:\Users\1\AppData\Local\Programs\MiKTeX 2.9\tex/latex/colortbl\colortbl.sty"
Package: colortbl 2020/01/04 v1.0e Color table columns (DPC)
("C:\Users\1\AppData\Local\Programs\MiKTeX 2.9\tex/latex/tools\array.sty"
Package: array 2019/08/31 v2.4l Tabular extension package (FMi)
\col@sep=\dimen103
\ar@mcellbox=\box27
\extrarowheight=\dimen104
\NC@list=\toks14
\extratabsurround=\skip43
\backup@length=\skip44
\ar@cellbox=\box28
)
\everycr=\toks15
\minrowclearance=\skip45
)
\rownum=\count88
Package xcolor Info: Model `cmy' substituted by `cmy0' on input line 1348.
Package xcolor Info: Model `hsb' substituted by `rgb' on input line 1352.
Package xcolor Info: Model `RGB' extended on input line 1364.
Package xcolor Info: Model `HTML' substituted by `rgb' on input line 1366.
Package xcolor Info: Model `Hsb' substituted by `hsb' on input line 1367.
Package xcolor Info: Model `tHsb' substituted by `hsb' on input line 1368.
Package xcolor Info: Model `HSB' substituted by `hsb' on input line 1369.
Package xcolor Info: Model `Gray' substituted by `gray' on input line 1370.
Package xcolor Info: Model `wave' substituted by `hsb' on input line 1371.
)
("C:\Users\1\AppData\Local\Programs\MiKTeX 2.9\tex/generic/oberdiek\ifpdf.sty"
Package: ifpdf 2018/09/07 v3.3 Provides the ifpdf switch
) ("C:\Users\1\AppData\Local\Programs\MiKTeX 2.9\tex/generic/ifxetex\ifxetex.st
y"
Package: ifxetex 2010/09/12 v0.6 Provides ifxetex conditional
)
("C:\Users\1\AppData\Local\Programs\MiKTeX 2.9\tex/generic/oberdiek\ifluatex.st
y"
Package: ifluatex 2016/05/16 v1.4 Provides the ifluatex switch (HO)
Package ifluatex Info: LuaTeX not detected.
)
("C:\Users\1\AppData\Local\Programs\MiKTeX 2.9\tex/latex/mathtools\mathtools.st
y"
Package: mathtools 2020/03/24 v1.24 mathematical typesetting tools
 ("C:\Users\1\AppData\Local\Programs\MiKTeX 2.9\tex/latex/graphics\keyval.sty"
Package: keyval 2014/10/28 v1.15 key=value parser (DPC)
\KV@toks@=\toks16
) ("C:\Users\1\AppData\Local\Programs\MiKTeX 2.9\tex/latex/tools\calc.sty"
Package: calc 2017/05/25 v4.3 Infix arithmetic (KKT,FJ)
\calc@Acount=\count89
\calc@Bcount=\count90
\calc@Adimen=\dimen105
\calc@Bdimen=\dimen106
\calc@Askip=\skip46
\calc@Bskip=\skip47
LaTeX Info: Redefining \setlength on input line 80.
LaTeX Info: Redefining \addtolength on input line 81.
\calc@Ccount=\count91
\calc@Cskip=\skip48
)
("C:\Users\1\AppData\Local\Programs\MiKTeX 2.9\tex/latex/mathtools\mhsetup.sty"
Package: mhsetup 2017/03/31 v1.3 programming setup (MH)
) ("C:\Users\1\AppData\Local\Programs\MiKTeX 2.9\tex/latex/amsmath\amsmath.sty"
Package: amsmath 2019/04/01 v2.17c AMS math features
\@mathmargin=\skip49
For additional information on amsmath, use the `?' option.
("C:\Users\1\AppData\Local\Programs\MiKTeX 2.9\tex/latex/amsmath\amstext.sty"
Package: amstext 2000/06/29 v2.01 AMS text

("C:\Users\1\AppData\Local\Programs\MiKTeX 2.9\tex/latex/amsmath\amsgen.sty"
File: amsgen.sty 1999/11/30 v2.0 generic functions
\@emptytoks=\toks17
\ex@=\dimen107
))
("C:\Users\1\AppData\Local\Programs\MiKTeX 2.9\tex/latex/amsmath\amsbsy.sty"
Package: amsbsy 1999/11/29 v1.2d Bold Symbols
\pmbraise@=\dimen108
)
("C:\Users\1\AppData\Local\Programs\MiKTeX 2.9\tex/latex/amsmath\amsopn.sty"
Package: amsopn 2016/03/08 v2.02 operator names
)
\inf@bad=\count92
LaTeX Info: Redefining \frac on input line 227.
\uproot@=\count93
\leftroot@=\count94
LaTeX Info: Redefining \overline on input line 389.
\classnum@=\count95
\DOTSCASE@=\count96
LaTeX Info: Redefining \ldots on input line 486.
LaTeX Info: Redefining \dots on input line 489.
LaTeX Info: Redefining \cdots on input line 610.
\Mathstrutbox@=\box29
\strutbox@=\box30
\big@size=\dimen109
LaTeX Font Info:    Redeclaring font encoding OML on input line 733.
LaTeX Font Info:    Redeclaring font encoding OMS on input line 734.
\macc@depth=\count97
\c@MaxMatrixCols=\count98
\dotsspace@=\muskip10
\c@parentequation=\count99
\dspbrk@lvl=\count100
\tag@help=\toks18
\row@=\count101
\column@=\count102
\maxfields@=\count103
\andhelp@=\toks19
\eqnshift@=\dimen110
\alignsep@=\dimen111
\tagshift@=\dimen112
\tagwidth@=\dimen113
\totwidth@=\dimen114
\lineht@=\dimen115
\@envbody=\toks20
\multlinegap=\skip50
\multlinetaggap=\skip51
\mathdisplay@stack=\toks21
LaTeX Info: Redefining \[ on input line 2855.
LaTeX Info: Redefining \] on input line 2856.
)
LaTeX Info: Thecontrolsequence`\('isalreadyrobust on input line 130.
LaTeX Info: Thecontrolsequence`\)'isalreadyrobust on input line 130.
LaTeX Info: Thecontrolsequence`\['isalreadyrobust on input line 130.
LaTeX Info: Thecontrolsequence`\]'isalreadyrobust on input line 130.
\g_MT_multlinerow_int=\count104
\l_MT_multwidth_dim=\dimen116
\origjot=\skip52
\l_MT_shortvdotswithinadjustabove_dim=\dimen117
\l_MT_shortvdotswithinadjustbelow_dim=\dimen118
\l_MT_above_intertext_sep=\dimen119
\l_MT_below_intertext_sep=\dimen120
\l_MT_above_shortintertext_sep=\dimen121
\l_MT_below_shortintertext_sep=\dimen122
\xmathstrut@box=\box31
\xmathstrut@dim=\dimen123
) ("C:\Users\1\AppData\Local\Programs\MiKTeX 2.9\tex/latex/tools\bm.sty"
Package: bm 2019/07/24 v1.2d Bold Symbol Support (DPC/FMi)
\symboldoperators=\mathgroup4
\symboldletters=\mathgroup5
\symboldsymbols=\mathgroup6
LaTeX Font Info:    Redeclaring math alphabet \mathbf on input line 141.
LaTeX Info: Redefining \bm on input line 209.
)
("C:\Users\1\AppData\Local\Programs\MiKTeX 2.9\tex/latex/graphics\graphicx.sty"
Package: graphicx 2017/06/01 v1.1a Enhanced LaTeX Graphics (DPC,SPQR)
("C:\Users\1\AppData\Local\Programs\MiKTeX 2.9\tex/latex/graphics\graphics.sty"
Package: graphics 2019/10/08 v1.3c Standard LaTeX Graphics (DPC,SPQR)
("C:\Users\1\AppData\Local\Programs\MiKTeX 2.9\tex/latex/graphics\trig.sty"
Package: trig 2016/01/03 v1.10 sin cos tan (DPC)
)
("C:\Users\1\AppData\Local\Programs\MiKTeX 2.9\tex/latex/graphics-cfg\graphics.
cfg"
File: graphics.cfg 2016/06/04 v1.11 sample graphics configuration
)
Package graphics Info: Driver file: pdftex.def on input line 105.
)
\Gin@req@height=\dimen124
\Gin@req@width=\dimen125
)
("C:\Users\1\AppData\Local\Programs\MiKTeX 2.9\tex/latex/tools\tabularx.sty"
Package: tabularx 2016/02/03 v2.11b `tabularx' package (DPC)
\TX@col@width=\dimen126
\TX@old@table=\dimen127
\TX@old@col=\dimen128
\TX@target=\dimen129
\TX@delta=\dimen130
\TX@cols=\count105
\TX@ftn=\toks22
)
("C:\Users\1\AppData\Local\Programs\MiKTeX 2.9\tex/latex/textcase\textcase.sty"
Package: textcase 2019/09/14 v1.00 Text only upper/lower case changing (DPC)
) ("C:\Users\1\AppData\Local\Programs\MiKTeX 2.9\tex/latex/dashrule\dashrule.st
y"
Package: dashrule 2013/03/28 v1.3 Dashed rules
 ("C:\Users\1\AppData\Local\Programs\MiKTeX 2.9\tex/latex/ifmtarg\ifmtarg.sty"
Package: ifmtarg 2018/04/16 v1.2b check for an empty argument
)
\c@hdr@segments=\count106
)
("C:\Users\1\AppData\Local\Programs\MiKTeX 2.9\tex/latex/ragged2e\ragged2e.sty"
Package: ragged2e 2019/07/28 v2.2 ragged2e Package (MS)
("C:\Users\1\AppData\Local\Programs\MiKTeX 2.9\tex/latex/ms\everysel.sty"
Package: everysel 2011/10/28 v1.2 EverySelectfont Package (MS)
)
\CenteringLeftskip=\skip53
\RaggedLeftLeftskip=\skip54
\RaggedRightLeftskip=\skip55
\CenteringRightskip=\skip56
\RaggedLeftRightskip=\skip57
\RaggedRightRightskip=\skip58
\CenteringParfillskip=\skip59
\RaggedLeftParfillskip=\skip60
\RaggedRightParfillskip=\skip61
\JustifyingParfillskip=\skip62
\CenteringParindent=\skip63
\RaggedLeftParindent=\skip64
\RaggedRightParindent=\skip65
\JustifyingParindent=\skip66
)
("C:\Users\1\AppData\Local\Programs\MiKTeX 2.9\tex/latex/preprint\authblk.sty"
Package: authblk 2001/02/27 1.3 (PWD)
\affilsep=\skip67
\@affilsep=\skip68
\c@Maxaffil=\count107
\c@authors=\count108
\c@affil=\count109
) ("C:\Users\1\AppData\Local\Programs\MiKTeX 2.9\tex/latex/url\url.sty"
\Urlmuskip=\muskip11
Package: url 2013/09/16  ver 3.4  Verb mode for urls, etc.
)
("C:\Users\1\AppData\Local\Programs\MiKTeX 2.9\tex/latex/soul\soul.sty"
Package: soul 2003/11/17 v2.4 letterspacing/underlining (mf)
\SOUL@word=\toks23
\SOUL@lasttoken=\toks24
\SOUL@cmds=\toks25
\SOUL@buffer=\toks26
\SOUL@token=\toks27
\SOUL@spaceskip=\skip69
\SOUL@ttwidth=\dimen131
\SOUL@uldp=\dimen132
\SOUL@ulht=\dimen133
)
("C:\Users\1\AppData\Local\Programs\MiKTeX 2.9\tex/latex/xpatch\xpatch.sty"
("C:\Users\1\AppData\Local\Programs\MiKTeX 2.9\tex/latex/l3kernel\expl3.sty"
Package: expl3 2019-10-27 L3 programming layer (loader) 

("C:\Users\1\AppData\Local\Programs\MiKTeX 2.9\tex/latex/l3kernel\expl3-code.te
x"
Package: expl3 2019-10-27 L3 programming layer (code)
\c_max_int=\count110
\l_tmpa_int=\count111
\l_tmpb_int=\count112
\g_tmpa_int=\count113
\g_tmpb_int=\count114
\l__seq_internal_a_int=\count115
\l__seq_internal_b_int=\count116
\g__kernel_prg_map_int=\count117
\c__ior_term_noprompt_ior=\count118
\c_log_iow=\count119
\l_iow_line_count_int=\count120
\l__iow_line_target_int=\count121
\l__iow_one_indent_int=\count122
\l__iow_indent_int=\count123
\c_zero_dim=\dimen134
\c_max_dim=\dimen135
\l_tmpa_dim=\dimen136
\l_tmpb_dim=\dimen137
\g_tmpa_dim=\dimen138
\g_tmpb_dim=\dimen139
\c_zero_skip=\skip70
\c_max_skip=\skip71
\l_tmpa_skip=\skip72
\l_tmpb_skip=\skip73
\g_tmpa_skip=\skip74
\g_tmpb_skip=\skip75
\c_zero_muskip=\muskip12
\c_max_muskip=\muskip13
\l_tmpa_muskip=\muskip14
\l_tmpb_muskip=\muskip15
\g_tmpa_muskip=\muskip16
\g_tmpb_muskip=\muskip17
\l_keys_choice_int=\count124
\l__intarray_loop_int=\count125
\c__intarray_sp_dim=\dimen140
\g__intarray_font_int=\count126
\c__fp_leading_shift_int=\count127
\c__fp_middle_shift_int=\count128
\c__fp_trailing_shift_int=\count129
\c__fp_big_leading_shift_int=\count130
\c__fp_big_middle_shift_int=\count131
\c__fp_big_trailing_shift_int=\count132
\c__fp_Bigg_leading_shift_int=\count133
\c__fp_Bigg_middle_shift_int=\count134
\c__fp_Bigg_trailing_shift_int=\count135
\c__kernel_randint_max_int=\count136
\g__fp_array_int=\count137
\l__fp_array_loop_int=\count138
\l__sort_length_int=\count139
\l__sort_min_int=\count140
\l__sort_top_int=\count141
\l__sort_max_int=\count142
\l__sort_true_max_int=\count143
\l__sort_block_int=\count144
\l__sort_begin_int=\count145
\l__sort_end_int=\count146
\l__sort_A_int=\count147
\l__sort_B_int=\count148
\l__sort_C_int=\count149
\l__str_internal_int=\count150
\c__str_replacement_char_int=\count151
\l__tl_analysis_normal_int=\count152
\l__tl_analysis_index_int=\count153
\l__tl_analysis_nesting_int=\count154
\l__tl_analysis_type_int=\count155
\l__regex_internal_a_int=\count156
\l__regex_internal_b_int=\count157
\l__regex_internal_c_int=\count158
\l__regex_balance_int=\count159
\l__regex_group_level_int=\count160
\l__regex_mode_int=\count161
\c__regex_cs_in_class_mode_int=\count162
\c__regex_cs_mode_int=\count163
\l__regex_catcodes_int=\count164
\l__regex_default_catcodes_int=\count165
\c__regex_catcode_D_int=\count166
\c__regex_catcode_S_int=\count167
\c__regex_catcode_L_int=\count168
\c__regex_catcode_O_int=\count169
\c__regex_catcode_A_int=\count170
\c__regex_all_catcodes_int=\count171
\l__regex_show_lines_int=\count172
\l__regex_min_state_int=\count173
\l__regex_max_state_int=\count174
\l__regex_left_state_int=\count175
\l__regex_right_state_int=\count176
\l__regex_capturing_group_int=\count177
\l__regex_min_pos_int=\count178
\l__regex_max_pos_int=\count179
\l__regex_curr_pos_int=\count180
\l__regex_start_pos_int=\count181
\l__regex_success_pos_int=\count182
\l__regex_curr_char_int=\count183
\l__regex_curr_catcode_int=\count184
\l__regex_last_char_int=\count185
\l__regex_case_changed_char_int=\count186
\l__regex_curr_state_int=\count187
\l__regex_step_int=\count188
\l__regex_min_active_int=\count189
\l__regex_max_active_int=\count190
\l__regex_replacement_csnames_int=\count191
\l__regex_match_count_int=\count192
\l__regex_min_submatch_int=\count193
\l__regex_submatch_int=\count194
\l__regex_zeroth_submatch_int=\count195
\g__regex_trace_regex_int=\count196
\c_empty_box=\box32
\l_tmpa_box=\box33
\l_tmpb_box=\box34
\g_tmpa_box=\box35
\g_tmpb_box=\box36
\l__box_top_dim=\dimen141
\l__box_bottom_dim=\dimen142
\l__box_left_dim=\dimen143
\l__box_right_dim=\dimen144
\l__box_top_new_dim=\dimen145
\l__box_bottom_new_dim=\dimen146
\l__box_left_new_dim=\dimen147
\l__box_right_new_dim=\dimen148
\l__box_internal_box=\box37
\l__coffin_internal_box=\box38
\l__coffin_internal_dim=\dimen149
\l__coffin_offset_x_dim=\dimen150
\l__coffin_offset_y_dim=\dimen151
\l__coffin_x_dim=\dimen152
\l__coffin_y_dim=\dimen153
\l__coffin_x_prime_dim=\dimen154
\l__coffin_y_prime_dim=\dimen155
\c_empty_coffin=\box39
\l__coffin_aligned_coffin=\box40
\l__coffin_aligned_internal_coffin=\box41
\l_tmpa_coffin=\box42
\l_tmpb_coffin=\box43
\g_tmpa_coffin=\box44
\g_tmpb_coffin=\box45
\l__coffin_bounding_shift_dim=\dimen156
\l__coffin_left_corner_dim=\dimen157
\l__coffin_right_corner_dim=\dimen158
\l__coffin_bottom_corner_dim=\dimen159
\l__coffin_top_corner_dim=\dimen160
\l__coffin_scaled_total_height_dim=\dimen161
\l__coffin_scaled_width_dim=\dimen162
\c__coffin_empty_coffin=\box46
\l__coffin_display_coffin=\box47
\l__coffin_display_coord_coffin=\box48
\l__coffin_display_pole_coffin=\box49
\l__coffin_display_offset_dim=\dimen163
\l__coffin_display_x_dim=\dimen164
\l__coffin_display_y_dim=\dimen165
\g__char_data_ior=\read1

("C:\Users\1\AppData\Local\Programs\MiKTeX 2.9\tex/latex/l3kernel\l3deprecation
.def"
File: l3deprecation.def 2019-04-06 v L3 Deprecated functions
))
("C:\Users\1\AppData\Local\Programs\MiKTeX 2.9\tex/latex/l3backend\l3backend-pd
fmode.def"
File: l3backend-pdfmode.def 2019-04-06 L3 backend support: PDF mode
\l__kernel_color_stack_int=\count197
\l__pdf_internal_box=\box50
))
Package: xpatch 2020/03/25 v0.3a Extending etoolbox patching commands

("C:\Users\1\AppData\Local\Programs\MiKTeX 2.9\tex/latex/l3packages/xparse\xpar
se.sty"
Package: xparse 2019-10-11 L3 Experimental document command parser
\l__xparse_current_arg_int=\count198
\g__xparse_grabber_int=\count199
\l__xparse_m_args_int=\count266
\l__xparse_v_nesting_int=\count267
)
("C:\Users\1\AppData\Local\Programs\MiKTeX 2.9\tex/latex/etoolbox\etoolbox.sty"
Package: etoolbox 2019/09/21 v2.5h e-TeX tools for LaTeX (JAW)
\etb@tempcnta=\count268
))
("C:\Users\1\AppData\Local\Programs\MiKTeX 2.9\tex/latex/mdframed\mdframed.sty"
Package: mdframed 2013/07/01 1.9b: mdframed
("C:\Users\1\AppData\Local\Programs\MiKTeX 2.9\tex/latex/oberdiek\kvoptions.sty
"
Package: kvoptions 2016/05/16 v3.12 Key value format for package options (HO)

("C:\Users\1\AppData\Local\Programs\MiKTeX 2.9\tex/generic/oberdiek\ltxcmds.sty
"
Package: ltxcmds 2016/05/16 v1.23 LaTeX kernel commands for general use (HO)
)
("C:\Users\1\AppData\Local\Programs\MiKTeX 2.9\tex/generic/oberdiek\kvsetkeys.s
ty"
Package: kvsetkeys 2016/05/16 v1.17 Key value parser (HO)

("C:\Users\1\AppData\Local\Programs\MiKTeX 2.9\tex/generic/oberdiek\infwarerr.s
ty"
Package: infwarerr 2016/05/16 v1.4 Providing info/warning/error messages (HO)
)
("C:\Users\1\AppData\Local\Programs\MiKTeX 2.9\tex/generic/oberdiek\etexcmds.st
y"
Package: etexcmds 2016/05/16 v1.6 Avoid name clashes with e-TeX commands (HO)
)))
("C:\Users\1\AppData\Local\Programs\MiKTeX 2.9\tex/latex/oberdiek\zref-abspage.
sty"
Package: zref-abspage 2018/11/21 v2.27 Module abspage for zref (HO)

("C:\Users\1\AppData\Local\Programs\MiKTeX 2.9\tex/latex/oberdiek\zref-base.sty
"
Package: zref-base 2018/11/21 v2.27 Module base for zref (HO)

("C:\Users\1\AppData\Local\Programs\MiKTeX 2.9\tex/generic/oberdiek\kvdefinekey
s.sty"
Package: kvdefinekeys 2016/05/16 v1.4 Define keys (HO)
)
("C:\Users\1\AppData\Local\Programs\MiKTeX 2.9\tex/generic/oberdiek\pdftexcmds.
sty"
Package: pdftexcmds 2019/07/25 v0.30 Utility functions of pdfTeX for LuaTeX (HO
)
Package pdftexcmds Info: LuaTeX not detected.
Package pdftexcmds Info: \pdf@primitive is available.
Package pdftexcmds Info: \pdf@ifprimitive is available.
Package pdftexcmds Info: \pdfdraftmode found.
)
("C:\Users\1\AppData\Local\Programs\MiKTeX 2.9\tex/latex/oberdiek\auxhook.sty"
Package: auxhook 2016/05/16 v1.4 Hooks for auxiliary files (HO)
)
Package zref Info: New property list: main on input line 759.
Package zref Info: New property: default on input line 760.
Package zref Info: New property: page on input line 761.
)
("C:\Users\1\AppData\Local\Programs\MiKTeX 2.9\tex/generic/oberdiek\atbegshi.st
y"
Package: atbegshi 2016/06/09 v1.18 At begin shipout hook (HO)
)
\c@abspage=\count269
Package zref Info: New property: abspage on input line 62.
)
("C:\Users\1\AppData\Local\Programs\MiKTeX 2.9\tex/latex/needspace\needspace.st
y"
Package: needspace 2010/09/12 v1.3d reserve vertical space
)
\mdf@templength=\skip76
\c@mdf@globalstyle@cnt=\count270
\mdf@skipabove@length=\skip77
\mdf@skipbelow@length=\skip78
\mdf@leftmargin@length=\skip79
\mdf@rightmargin@length=\skip80
\mdf@innerleftmargin@length=\skip81
\mdf@innerrightmargin@length=\skip82
\mdf@innertopmargin@length=\skip83
\mdf@innerbottommargin@length=\skip84
\mdf@splittopskip@length=\skip85
\mdf@splitbottomskip@length=\skip86
\mdf@outermargin@length=\skip87
\mdf@innermargin@length=\skip88
\mdf@linewidth@length=\skip89
\mdf@innerlinewidth@length=\skip90
\mdf@middlelinewidth@length=\skip91
\mdf@outerlinewidth@length=\skip92
\mdf@roundcorner@length=\skip93
\mdf@footenotedistance@length=\skip94
\mdf@userdefinedwidth@length=\skip95
\mdf@needspace@length=\skip96
\mdf@frametitleaboveskip@length=\skip97
\mdf@frametitlebelowskip@length=\skip98
\mdf@frametitlerulewidth@length=\skip99
\mdf@frametitleleftmargin@length=\skip100
\mdf@frametitlerightmargin@length=\skip101
\mdf@shadowsize@length=\skip102
\mdf@extratopheight@length=\skip103
\mdf@subtitleabovelinewidth@length=\skip104
\mdf@subtitlebelowlinewidth@length=\skip105
\mdf@subtitleaboveskip@length=\skip106
\mdf@subtitlebelowskip@length=\skip107
\mdf@subtitleinneraboveskip@length=\skip108
\mdf@subtitleinnerbelowskip@length=\skip109
\mdf@subsubtitleabovelinewidth@length=\skip110
\mdf@subsubtitlebelowlinewidth@length=\skip111
\mdf@subsubtitleaboveskip@length=\skip112
\mdf@subsubtitlebelowskip@length=\skip113
\mdf@subsubtitleinneraboveskip@length=\skip114
\mdf@subsubtitleinnerbelowskip@length=\skip115

("C:\Users\1\AppData\Local\Programs\MiKTeX 2.9\tex/latex/pgf/frontendlayer\tikz
.sty"
("C:\Users\1\AppData\Local\Programs\MiKTeX 2.9\tex/latex/pgf/basiclayer\pgf.sty
"
("C:\Users\1\AppData\Local\Programs\MiKTeX 2.9\tex/latex/pgf/utilities\pgfrcs.s
ty"
("C:\Users\1\AppData\Local\Programs\MiKTeX 2.9\tex/generic/pgf/utilities\pgfuti
l-common.tex"
\pgfutil@everybye=\toks28
\pgfutil@tempdima=\dimen166
\pgfutil@tempdimb=\dimen167

("C:\Users\1\AppData\Local\Programs\MiKTeX 2.9\tex/generic/pgf/utilities\pgfuti
l-common-lists.tex"))
("C:\Users\1\AppData\Local\Programs\MiKTeX 2.9\tex/generic/pgf/utilities\pgfuti
l-latex.def"
\pgfutil@abb=\box51

("C:\Users\1\AppData\Local\Programs\MiKTeX 2.9\tex/latex/ms\everyshi.sty"
Package: everyshi 2001/05/15 v3.00 EveryShipout Package (MS)
))
("C:\Users\1\AppData\Local\Programs\MiKTeX 2.9\tex/generic/pgf/utilities\pgfrcs
.code.tex"
("C:\Users\1\AppData\Local\Programs\MiKTeX 2.9\tex/generic/pgf\pgf.revision.tex
")
Package: pgfrcs 2019/08/03 v3.1.4b (3.1.4b)
))
Package: pgf 2019/08/03 v3.1.4b (3.1.4b)

("C:\Users\1\AppData\Local\Programs\MiKTeX 2.9\tex/latex/pgf/basiclayer\pgfcore
.sty"
("C:\Users\1\AppData\Local\Programs\MiKTeX 2.9\tex/latex/pgf/systemlayer\pgfsys
.sty"
("C:\Users\1\AppData\Local\Programs\MiKTeX 2.9\tex/generic/pgf/systemlayer\pgfs
ys.code.tex"
Package: pgfsys 2019/08/03 v3.1.4b (3.1.4b)

("C:\Users\1\AppData\Local\Programs\MiKTeX 2.9\tex/generic/pgf/utilities\pgfkey
s.code.tex"
\pgfkeys@pathtoks=\toks29
\pgfkeys@temptoks=\toks30

("C:\Users\1\AppData\Local\Programs\MiKTeX 2.9\tex/generic/pgf/utilities\pgfkey
sfiltered.code.tex"
\pgfkeys@tmptoks=\toks31
))
\pgf@x=\dimen168
\pgf@y=\dimen169
\pgf@xa=\dimen170
\pgf@ya=\dimen171
\pgf@xb=\dimen172
\pgf@yb=\dimen173
\pgf@xc=\dimen174
\pgf@yc=\dimen175
\pgf@xd=\dimen176
\pgf@yd=\dimen177
\w@pgf@writea=\write3
\r@pgf@reada=\read2
\c@pgf@counta=\count271
\c@pgf@countb=\count272
\c@pgf@countc=\count273
\c@pgf@countd=\count274
\t@pgf@toka=\toks32
\t@pgf@tokb=\toks33
\t@pgf@tokc=\toks34
\pgf@sys@id@count=\count275

("C:\Users\1\AppData\Local\Programs\MiKTeX 2.9\tex/generic/pgf/systemlayer\pgf.
cfg"
File: pgf.cfg 2019/08/03 v3.1.4b (3.1.4b)
)
Driver file for pgf: pgfsys-pdftex.def

("C:\Users\1\AppData\Local\Programs\MiKTeX 2.9\tex/generic/pgf/systemlayer\pgfs
ys-pdftex.def"
File: pgfsys-pdftex.def 2019/08/03 v3.1.4b (3.1.4b)

("C:\Users\1\AppData\Local\Programs\MiKTeX 2.9\tex/generic/pgf/systemlayer\pgfs
ys-common-pdf.def"
File: pgfsys-common-pdf.def 2019/08/03 v3.1.4b (3.1.4b)
)))
("C:\Users\1\AppData\Local\Programs\MiKTeX 2.9\tex/generic/pgf/systemlayer\pgfs
yssoftpath.code.tex"
File: pgfsyssoftpath.code.tex 2019/08/03 v3.1.4b (3.1.4b)
\pgfsyssoftpath@smallbuffer@items=\count276
\pgfsyssoftpath@bigbuffer@items=\count277
)
("C:\Users\1\AppData\Local\Programs\MiKTeX 2.9\tex/generic/pgf/systemlayer\pgfs
ysprotocol.code.tex"
File: pgfsysprotocol.code.tex 2019/08/03 v3.1.4b (3.1.4b)
))
("C:\Users\1\AppData\Local\Programs\MiKTeX 2.9\tex/generic/pgf/basiclayer\pgfco
re.code.tex"
Package: pgfcore 2019/08/03 v3.1.4b (3.1.4b)

("C:\Users\1\AppData\Local\Programs\MiKTeX 2.9\tex/generic/pgf/math\pgfmath.cod
e.tex"
("C:\Users\1\AppData\Local\Programs\MiKTeX 2.9\tex/generic/pgf/math\pgfmathcalc
.code.tex"
("C:\Users\1\AppData\Local\Programs\MiKTeX 2.9\tex/generic/pgf/math\pgfmathutil
.code.tex")
("C:\Users\1\AppData\Local\Programs\MiKTeX 2.9\tex/generic/pgf/math\pgfmathpars
er.code.tex"
\pgfmath@dimen=\dimen178
\pgfmath@count=\count278
\pgfmath@box=\box52
\pgfmath@toks=\toks35
\pgfmath@stack@operand=\toks36
\pgfmath@stack@operation=\toks37
)
("C:\Users\1\AppData\Local\Programs\MiKTeX 2.9\tex/generic/pgf/math\pgfmathfunc
tions.code.tex"
("C:\Users\1\AppData\Local\Programs\MiKTeX 2.9\tex/generic/pgf/math\pgfmathfunc
tions.basic.code.tex")
("C:\Users\1\AppData\Local\Programs\MiKTeX 2.9\tex/generic/pgf/math\pgfmathfunc
tions.trigonometric.code.tex")
("C:\Users\1\AppData\Local\Programs\MiKTeX 2.9\tex/generic/pgf/math\pgfmathfunc
tions.random.code.tex")
("C:\Users\1\AppData\Local\Programs\MiKTeX 2.9\tex/generic/pgf/math\pgfmathfunc
tions.comparison.code.tex")
("C:\Users\1\AppData\Local\Programs\MiKTeX 2.9\tex/generic/pgf/math\pgfmathfunc
tions.base.code.tex")
("C:\Users\1\AppData\Local\Programs\MiKTeX 2.9\tex/generic/pgf/math\pgfmathfunc
tions.round.code.tex")
("C:\Users\1\AppData\Local\Programs\MiKTeX 2.9\tex/generic/pgf/math\pgfmathfunc
tions.misc.code.tex")
("C:\Users\1\AppData\Local\Programs\MiKTeX 2.9\tex/generic/pgf/math\pgfmathfunc
tions.integerarithmetics.code.tex")))
("C:\Users\1\AppData\Local\Programs\MiKTeX 2.9\tex/generic/pgf/math\pgfmathfloa
t.code.tex"
\c@pgfmathroundto@lastzeros=\count279
))
("C:\Users\1\AppData\Local\Programs\MiKTeX 2.9\tex/generic/pgf/math\pgfint.code
.tex")
("C:\Users\1\AppData\Local\Programs\MiKTeX 2.9\tex/generic/pgf/basiclayer\pgfco
repoints.code.tex"
File: pgfcorepoints.code.tex 2019/08/03 v3.1.4b (3.1.4b)
\pgf@picminx=\dimen179
\pgf@picmaxx=\dimen180
\pgf@picminy=\dimen181
\pgf@picmaxy=\dimen182
\pgf@pathminx=\dimen183
\pgf@pathmaxx=\dimen184
\pgf@pathminy=\dimen185
\pgf@pathmaxy=\dimen186
\pgf@xx=\dimen187
\pgf@xy=\dimen188
\pgf@yx=\dimen189
\pgf@yy=\dimen190
\pgf@zx=\dimen191
\pgf@zy=\dimen192
)
("C:\Users\1\AppData\Local\Programs\MiKTeX 2.9\tex/generic/pgf/basiclayer\pgfco
repathconstruct.code.tex"
File: pgfcorepathconstruct.code.tex 2019/08/03 v3.1.4b (3.1.4b)
\pgf@path@lastx=\dimen193
\pgf@path@lasty=\dimen194
)
("C:\Users\1\AppData\Local\Programs\MiKTeX 2.9\tex/generic/pgf/basiclayer\pgfco
repathusage.code.tex"
File: pgfcorepathusage.code.tex 2019/08/03 v3.1.4b (3.1.4b)
\pgf@shorten@end@additional=\dimen195
\pgf@shorten@start@additional=\dimen196
)
("C:\Users\1\AppData\Local\Programs\MiKTeX 2.9\tex/generic/pgf/basiclayer\pgfco
rescopes.code.tex"
File: pgfcorescopes.code.tex 2019/08/03 v3.1.4b (3.1.4b)
\pgfpic=\box53
\pgf@hbox=\box54
\pgf@layerbox@main=\box55
\pgf@picture@serial@count=\count280
)
("C:\Users\1\AppData\Local\Programs\MiKTeX 2.9\tex/generic/pgf/basiclayer\pgfco
regraphicstate.code.tex"
File: pgfcoregraphicstate.code.tex 2019/08/03 v3.1.4b (3.1.4b)
\pgflinewidth=\dimen197
)
("C:\Users\1\AppData\Local\Programs\MiKTeX 2.9\tex/generic/pgf/basiclayer\pgfco
retransformations.code.tex"
File: pgfcoretransformations.code.tex 2019/08/03 v3.1.4b (3.1.4b)
\pgf@pt@x=\dimen198
\pgf@pt@y=\dimen199
\pgf@pt@temp=\dimen256
)
("C:\Users\1\AppData\Local\Programs\MiKTeX 2.9\tex/generic/pgf/basiclayer\pgfco
requick.code.tex"
File: pgfcorequick.code.tex 2019/08/03 v3.1.4b (3.1.4b)
)
("C:\Users\1\AppData\Local\Programs\MiKTeX 2.9\tex/generic/pgf/basiclayer\pgfco
reobjects.code.tex"
File: pgfcoreobjects.code.tex 2019/08/03 v3.1.4b (3.1.4b)
)
("C:\Users\1\AppData\Local\Programs\MiKTeX 2.9\tex/generic/pgf/basiclayer\pgfco
repathprocessing.code.tex"
File: pgfcorepathprocessing.code.tex 2019/08/03 v3.1.4b (3.1.4b)
)
("C:\Users\1\AppData\Local\Programs\MiKTeX 2.9\tex/generic/pgf/basiclayer\pgfco
rearrows.code.tex"
File: pgfcorearrows.code.tex 2019/08/03 v3.1.4b (3.1.4b)
\pgfarrowsep=\dimen257
)
("C:\Users\1\AppData\Local\Programs\MiKTeX 2.9\tex/generic/pgf/basiclayer\pgfco
reshade.code.tex"
File: pgfcoreshade.code.tex 2019/08/03 v3.1.4b (3.1.4b)
\pgf@max=\dimen258
\pgf@sys@shading@range@num=\count281
\pgf@shadingcount=\count282
)
("C:\Users\1\AppData\Local\Programs\MiKTeX 2.9\tex/generic/pgf/basiclayer\pgfco
reimage.code.tex"
File: pgfcoreimage.code.tex 2019/08/03 v3.1.4b (3.1.4b)

("C:\Users\1\AppData\Local\Programs\MiKTeX 2.9\tex/generic/pgf/basiclayer\pgfco
reexternal.code.tex"
File: pgfcoreexternal.code.tex 2019/08/03 v3.1.4b (3.1.4b)
\pgfexternal@startupbox=\box56
))
("C:\Users\1\AppData\Local\Programs\MiKTeX 2.9\tex/generic/pgf/basiclayer\pgfco
relayers.code.tex"
File: pgfcorelayers.code.tex 2019/08/03 v3.1.4b (3.1.4b)
)
("C:\Users\1\AppData\Local\Programs\MiKTeX 2.9\tex/generic/pgf/basiclayer\pgfco
retransparency.code.tex"
File: pgfcoretransparency.code.tex 2019/08/03 v3.1.4b (3.1.4b)
)
("C:\Users\1\AppData\Local\Programs\MiKTeX 2.9\tex/generic/pgf/basiclayer\pgfco
repatterns.code.tex"
File: pgfcorepatterns.code.tex 2019/08/03 v3.1.4b (3.1.4b)
)
("C:\Users\1\AppData\Local\Programs\MiKTeX 2.9\tex/generic/pgf/basiclayer\pgfco
rerdf.code.tex"
File: pgfcorerdf.code.tex 2019/08/03 v3.1.4b (3.1.4b)
)))
("C:\Users\1\AppData\Local\Programs\MiKTeX 2.9\tex/generic/pgf/modules\pgfmodul
eshapes.code.tex"
File: pgfmoduleshapes.code.tex 2019/08/03 v3.1.4b (3.1.4b)
\pgfnodeparttextbox=\box57
)
("C:\Users\1\AppData\Local\Programs\MiKTeX 2.9\tex/generic/pgf/modules\pgfmodul
eplot.code.tex"
File: pgfmoduleplot.code.tex 2019/08/03 v3.1.4b (3.1.4b)
)
("C:\Users\1\AppData\Local\Programs\MiKTeX 2.9\tex/latex/pgf/compatibility\pgfc
omp-version-0-65.sty"
Package: pgfcomp-version-0-65 2019/08/03 v3.1.4b (3.1.4b)
\pgf@nodesepstart=\dimen259
\pgf@nodesepend=\dimen260
)
("C:\Users\1\AppData\Local\Programs\MiKTeX 2.9\tex/latex/pgf/compatibility\pgfc
omp-version-1-18.sty"
Package: pgfcomp-version-1-18 2019/08/03 v3.1.4b (3.1.4b)
))
("C:\Users\1\AppData\Local\Programs\MiKTeX 2.9\tex/latex/pgf/utilities\pgffor.s
ty"
("C:\Users\1\AppData\Local\Programs\MiKTeX 2.9\tex/latex/pgf/utilities\pgfkeys.
sty"
("C:\Users\1\AppData\Local\Programs\MiKTeX 2.9\tex/generic/pgf/utilities\pgfkey
s.code.tex"))
("C:\Users\1\AppData\Local\Programs\MiKTeX 2.9\tex/latex/pgf/math\pgfmath.sty"
("C:\Users\1\AppData\Local\Programs\MiKTeX 2.9\tex/generic/pgf/math\pgfmath.cod
e.tex"))
("C:\Users\1\AppData\Local\Programs\MiKTeX 2.9\tex/generic/pgf/utilities\pgffor
.code.tex"
Package: pgffor 2019/08/03 v3.1.4b (3.1.4b)

("C:\Users\1\AppData\Local\Programs\MiKTeX 2.9\tex/generic/pgf/math\pgfmath.cod
e.tex")
\pgffor@iter=\dimen261
\pgffor@skip=\dimen262
\pgffor@stack=\toks38
\pgffor@toks=\toks39
))
("C:\Users\1\AppData\Local\Programs\MiKTeX 2.9\tex/generic/pgf/frontendlayer/ti
kz\tikz.code.tex"
Package: tikz 2019/08/03 v3.1.4b (3.1.4b)

("C:\Users\1\AppData\Local\Programs\MiKTeX 2.9\tex/generic/pgf/libraries\pgflib
raryplothandlers.code.tex"
File: pgflibraryplothandlers.code.tex 2019/08/03 v3.1.4b (3.1.4b)
\pgf@plot@mark@count=\count283
\pgfplotmarksize=\dimen263
)
\tikz@lastx=\dimen264
\tikz@lasty=\dimen265
\tikz@lastxsaved=\dimen266
\tikz@lastysaved=\dimen267
\tikz@lastmovetox=\dimen268
\tikz@lastmovetoy=\dimen269
\tikzleveldistance=\dimen270
\tikzsiblingdistance=\dimen271
\tikz@figbox=\box58
\tikz@figbox@bg=\box59
\tikz@tempbox=\box60
\tikz@tempbox@bg=\box61
\tikztreelevel=\count284
\tikznumberofchildren=\count285
\tikznumberofcurrentchild=\count286
\tikz@fig@count=\count287

("C:\Users\1\AppData\Local\Programs\MiKTeX 2.9\tex/generic/pgf/modules\pgfmodul
ematrix.code.tex"
File: pgfmodulematrix.code.tex 2019/08/03 v3.1.4b (3.1.4b)
\pgfmatrixcurrentrow=\count288
\pgfmatrixcurrentcolumn=\count289
\pgf@matrix@numberofcolumns=\count290
)
\tikz@expandcount=\count291

("C:\Users\1\AppData\Local\Programs\MiKTeX 2.9\tex/generic/pgf/frontendlayer/ti
kz/libraries\tikzlibrarytopaths.code.tex"
File: tikzlibrarytopaths.code.tex 2019/08/03 v3.1.4b (3.1.4b)
)))
("C:\Users\1\AppData\Local\Programs\MiKTeX 2.9\tex/latex/mdframed\md-frame-1.md
f"
File: md-frame-1.mdf 2013/07/01\ 1.9b: md-frame-1
)
\mdf@frametitlebox=\box62
\mdf@footnotebox=\box63
\mdf@splitbox@one=\box64
\mdf@splitbox@two=\box65
\mdf@splitbox@save=\box66
\mdfsplitboxwidth=\skip116
\mdfsplitboxtotalwidth=\skip117
\mdfsplitboxheight=\skip118
\mdfsplitboxdepth=\skip119
\mdfsplitboxtotalheight=\skip120
\mdfframetitleboxwidth=\skip121
\mdfframetitleboxtotalwidth=\skip122
\mdfframetitleboxheight=\skip123
\mdfframetitleboxdepth=\skip124
\mdfframetitleboxtotalheight=\skip125
\mdffootnoteboxwidth=\skip126
\mdffootnoteboxtotalwidth=\skip127
\mdffootnoteboxheight=\skip128
\mdffootnoteboxdepth=\skip129
\mdffootnoteboxtotalheight=\skip130
\mdftotallinewidth=\skip131
\mdfboundingboxwidth=\skip132
\mdfboundingboxtotalwidth=\skip133
\mdfboundingboxheight=\skip134
\mdfboundingboxdepth=\skip135
\mdfboundingboxtotalheight=\skip136
\mdf@freevspace@length=\skip137
\mdf@horizontalwidthofbox@length=\skip138
\mdf@verticalmarginwhole@length=\skip139
\mdf@horizontalspaceofbox=\skip140
\mdfsubtitleheight=\skip141
\mdfsubsubtitleheight=\skip142
\c@mdfcountframes=\count292

****** mdframed patching \endmdf@trivlist

****** -- success******

\mdf@envdepth=\count293
\c@mdf@env@i=\count294
\c@mdf@env@ii=\count295
\c@mdf@zref@counter=\count296
Package zref Info: New property: mdf@pagevalue on input line 895.
)
("C:\Users\1\AppData\Local\Programs\MiKTeX 2.9\tex/latex/silence\silence.sty"
Package: silence 2012/07/02 v1.5b Selective filtering of warnings and error mes
sages
\sl@Save=\count297
\sl@StateNumber=\count298
\sl@MessageCount=\count299
\sl@Casualties=\count300
\sl@Filter=\toks40
\sl@Message=\toks41
\sl@UnexpandedMessage=\toks42
\sl@Mess@ge=\toks43
\sl@WarningCount=\count301
\sl@WarningNumber=\count302
\sl@WarningCasualties=\count303
\sl@TempBOW=\toks44
\sl@BankOfWarnings=\toks45
LaTeX Info: Redefining \GenericWarning on input line 433.
\sl@ErrorCount=\count304
\sl@ErrorNumber=\count305
\sl@ErrorCasualties=\count306
\sl@TempBOE=\toks46
\sl@BankOfErrors=\toks47
LaTeX Info: Redefining \GenericError on input line 601.
)
("C:\Users\1\AppData\Local\Programs\MiKTeX 2.9\tex/latex/microtype\microtype.st
y"
Package: microtype 2019/10/10 v2.7c Micro-typographical refinements (RS)
\MT@toks=\toks48
\MT@count=\count307
LaTeX Info: Redefining \textls on input line 790.
\MT@outer@kern=\dimen272
LaTeX Info: Redefining \textmicrotypecontext on input line 1347.
\MT@listname@count=\count308

("C:\Users\1\AppData\Local\Programs\MiKTeX 2.9\tex/latex/microtype\microtype-pd
ftex.def"
File: microtype-pdftex.def 2019/10/10 v2.7c Definitions specific to pdftex (RS)

LaTeX Info: Redefining \lsstyle on input line 914.
LaTeX Info: Redefining \lslig on input line 914.
\MT@outer@space=\skip143
)
Package microtype Info: Loading configuration file microtype.cfg.

("C:\Users\1\AppData\Local\Programs\MiKTeX 2.9\tex/latex/microtype\microtype.cf
g"
File: microtype.cfg 2019/10/10 v2.7c microtype main configuration file (RS)
)) ("C:\Users\1\AppData\Local\Programs\MiKTeX 2.9\tex/latex/base\fontenc.sty"
Package: fontenc 2018/08/11 v2.0j Standard LaTeX package
("C:\Users\1\AppData\Local\Programs\MiKTeX 2.9\tex/latex/base\t1enc.def"
File: t1enc.def 2018/08/11 v2.0j Standard LaTeX file
LaTeX Font Info:    Redeclaring font encoding T1 on input line 48.
))
("C:\Users\1\AppData\Local\Programs\MiKTeX 2.9\tex/latex/base\inputenc.sty"
Package: inputenc 2018/08/11 v1.3c Input encoding file
\inpenc@prehook=\toks49
\inpenc@posthook=\toks50
)
("C:\Users\1\AppData\Local\Programs\MiKTeX 2.9\tex/latex/lato\lato.sty"
Package: lato 2019/06/20 Style file for Lato.

("C:\Users\1\AppData\Local\Programs\MiKTeX 2.9\tex/latex/fontaxes\fontaxes.sty"
Package: fontaxes 2014/03/23 v1.0d Font selection axes
LaTeX Info: Redefining \upshape on input line 29.
LaTeX Info: Redefining \itshape on input line 31.
LaTeX Info: Redefining \slshape on input line 33.
LaTeX Info: Redefining \scshape on input line 37.
) ("C:\Users\1\AppData\Local\Programs\MiKTeX 2.9\tex/latex/xkeyval\xkeyval.sty"
Package: xkeyval 2014/12/03 v2.7a package option processing (HA)
("C:\Users\1\AppData\Local\Programs\MiKTeX 2.9\tex/generic/xkeyval\xkeyval.tex"
("C:\Users\1\AppData\Local\Programs\MiKTeX 2.9\tex/generic/xkeyval\xkvutils.tex
"
\XKV@toks=\toks51
\XKV@tempa@toks=\toks52
)
\XKV@depth=\count309
File: xkeyval.tex 2014/12/03 v2.7a key=value parser (HA)
)))
("C:\Users\1\AppData\Local\Programs\MiKTeX 2.9\tex/latex/newtxsf\newtxsf.sty"
Package: newtxsf 2018/06/07 v1.051

`newtxsf' v1.051, 2018/06/07 Math macros based on STIX sans serif and txfonts (
msharpe)
("C:\Users\1\AppData\Local\Programs\MiKTeX 2.9\tex/generic/binhex\binhex.tex")
\tx@Isdigit=\count310
LaTeX Font Info:    Redeclaring symbol font `operators' on input line 47.
LaTeX Font Info:    Encoding `OT1' has changed to `T1' for symbol font
(Font)              `operators' in the math version `normal' on input line 47.
LaTeX Font Info:    Overwriting symbol font `operators' in version `normal'
(Font)                  OT1/cmr/m/n --> T1/lato-TLF/m/n on input line 47.
LaTeX Font Info:    Encoding `OT1' has changed to `T1' for symbol font
(Font)              `operators' in the math version `bold' on input line 47.
LaTeX Font Info:    Overwriting symbol font `operators' in version `bold'
(Font)                  OT1/cmr/bx/n --> T1/lato-TLF/m/n on input line 47.
LaTeX Font Info:    Overwriting symbol font `operators' in version `bold'
(Font)                  T1/lato-TLF/m/n --> T1/lato-TLF/b/n on input line 48.
LaTeX Font Info:    Redeclaring math alphabet \mathsf on input line 54.
LaTeX Font Info:    Overwriting math alphabet `\mathsf' in version `normal'
(Font)                  OT1/cmss/m/n --> T1/cmss/m/n on input line 54.
LaTeX Font Info:    Overwriting math alphabet `\mathsf' in version `bold'
(Font)                  OT1/cmss/bx/n --> T1/cmss/m/n on input line 54.
LaTeX Font Info:    Redeclaring math alphabet \mathit on input line 55.
LaTeX Font Info:    Overwriting math alphabet `\mathit' in version `normal'
(Font)                  OT1/cmr/m/it --> T1/lato-TLF/m/it on input line 55.
LaTeX Font Info:    Overwriting math alphabet `\mathit' in version `bold'
(Font)                  OT1/cmr/bx/it --> T1/lato-TLF/m/it on input line 55.
LaTeX Font Info:    Redeclaring math alphabet \mathtt on input line 56.
LaTeX Font Info:    Overwriting math alphabet `\mathtt' in version `normal'
(Font)                  OT1/cmtt/m/n --> T1/cmtt/m/n on input line 56.
LaTeX Font Info:    Overwriting math alphabet `\mathtt' in version `bold'
(Font)                  OT1/cmtt/m/n --> T1/cmtt/m/n on input line 56.
LaTeX Font Info:    Redeclaring math alphabet \mathbf on input line 58.
LaTeX Font Info:    Overwriting math alphabet `\mathit' in version `bold'
(Font)                  T1/lato-TLF/m/it --> T1/lato-TLF/b/it on input line 59.

LaTeX Font Info:    Overwriting math alphabet `\mathsf' in version `bold'
(Font)                  T1/cmss/m/n --> T1/cmss/b/n on input line 60.
LaTeX Font Info:    Overwriting math alphabet `\mathtt' in version `bold'
(Font)                  T1/cmtt/m/n --> T1/cmtt/b/n on input line 61.
LaTeX Font Info:    Redeclaring symbol font `letters' on input line 66.
LaTeX Font Info:    Overwriting symbol font `letters' in version `normal'
(Font)                  OML/cmm/m/it --> OML/ntxsfmi/m/it on input line 66.
LaTeX Font Info:    Overwriting symbol font `letters' in version `bold'
(Font)                  OML/cmm/b/it --> OML/ntxsfmi/m/it on input line 66.
LaTeX Font Info:    Overwriting symbol font `letters' in version `bold'
(Font)                  OML/ntxsfmi/m/it --> OML/ntxsfmi/b/it on input line 67.

\symlettersA=\mathgroup7
LaTeX Font Info:    Overwriting symbol font `lettersA' in version `bold'
(Font)                  U/ntxsfmia/m/it --> U/ntxsfmia/b/it on input line 74.
Now handling font encoding LMS ...
... no UTF-8 mapping file for font encoding LMS
LaTeX Font Info:    Redeclaring symbol font `symbols' on input line 84.
LaTeX Font Info:    Encoding `OMS' has changed to `LMS' for symbol font
(Font)              `symbols' in the math version `normal' on input line 84.
LaTeX Font Info:    Overwriting symbol font `symbols' in version `normal'
(Font)                  OMS/cmsy/m/n --> LMS/ntxsy/m/n on input line 84.
LaTeX Font Info:    Encoding `OMS' has changed to `LMS' for symbol font
(Font)              `symbols' in the math version `bold' on input line 84.
LaTeX Font Info:    Overwriting symbol font `symbols' in version `bold'
(Font)                  OMS/cmsy/b/n --> LMS/ntxsy/m/n on input line 84.
LaTeX Font Info:    Overwriting symbol font `symbols' in version `bold'
(Font)                  LMS/ntxsy/m/n --> LMS/ntxsy/b/n on input line 85.
\symAMSm=\mathgroup8
LaTeX Font Info:    Overwriting symbol font `AMSm' in version `bold'
(Font)                  U/ntxsym/m/n --> U/ntxsym/b/n on input line 104.
Now handling font encoding LMX ...
... no UTF-8 mapping file for font encoding LMX
LaTeX Font Info:    Redeclaring symbol font `largesymbols' on input line 139.
LaTeX Font Info:    Encoding `OMX' has changed to `LMX' for symbol font
(Font)              `largesymbols' in the math version `normal' on input line 1
39.
LaTeX Font Info:    Overwriting symbol font `largesymbols' in version `normal'
(Font)                  OMX/cmex/m/n --> LMX/ntxexx/m/n on input line 139.
LaTeX Font Info:    Encoding `OMX' has changed to `LMX' for symbol font
(Font)              `largesymbols' in the math version `bold' on input line 139
.
LaTeX Font Info:    Overwriting symbol font `largesymbols' in version `bold'
(Font)                  OMX/cmex/m/n --> LMX/ntxexx/m/n on input line 139.
LaTeX Font Info:    Overwriting symbol font `largesymbols' in version `bold'
(Font)                  LMX/ntxexx/m/n --> LMX/ntxexx/b/n on input line 140.
\symlargesymbolsTXA=\mathgroup9
LaTeX Font Info:    Overwriting symbol font `largesymbolsTXA' in version `bold'

(Font)                  U/ntxexa/m/n --> U/ntxexa/b/n on input line 151.
LaTeX Font Info:    Redeclaring math delimiter \lgroup on input line 228.
LaTeX Font Info:    Redeclaring math delimiter \rgroup on input line 229.
LaTeX Font Info:    Redeclaring math delimiter \lmoustache on input line 230.
LaTeX Font Info:    Redeclaring math delimiter \rmoustache on input line 231.
LaTeX Font Info:    Redeclaring math delimiter \lfloor on input line 237.
LaTeX Font Info:    Redeclaring math delimiter \rfloor on input line 238.
LaTeX Font Info:    Redeclaring math delimiter \lceil on input line 239.
LaTeX Font Info:    Redeclaring math delimiter \rceil on input line 240.
LaTeX Font Info:    Redeclaring math delimiter \lbrace on input line 241.
LaTeX Font Info:    Redeclaring math delimiter \rbrace on input line 242.
LaTeX Font Info:    Redeclaring math delimiter \langle on input line 243.
LaTeX Font Info:    Redeclaring math delimiter \rangle on input line 245.
LaTeX Font Info:    Redeclaring math symbol \mid on input line 247.
LaTeX Font Info:    Redeclaring math delimiter \arrowvert on input line 249.
LaTeX Font Info:    Redeclaring math delimiter \vert on input line 250.
LaTeX Font Info:    Redeclaring math symbol \parallel on input line 251.
LaTeX Font Info:    Redeclaring math delimiter \Arrowvert on input line 252.
LaTeX Font Info:    Redeclaring math delimiter \Vert on input line 253.
LaTeX Font Info:    Redeclaring math delimiter \updownarrow on input line 255.
LaTeX Font Info:    Redeclaring math delimiter \Updownarrow on input line 256.
LaTeX Font Info:    Redeclaring math delimiter \lvert on input line 261.
LaTeX Font Info:    Redeclaring math delimiter \rvert on input line 262.
LaTeX Font Info:    Redeclaring math delimiter \lVert on input line 263.
LaTeX Font Info:    Redeclaring math delimiter \rVert on input line 264.
LaTeX Font Info:    Redeclaring math symbol \hbar on input line 270.
LaTeX Font Info:    Redeclaring math accent \grave on input line 287.
LaTeX Font Info:    Redeclaring math accent \acute on input line 288.
LaTeX Font Info:    Redeclaring math accent \check on input line 289.
LaTeX Font Info:    Redeclaring math accent \breve on input line 290.
LaTeX Font Info:    Redeclaring math accent \bar on input line 291.
LaTeX Font Info:    Redeclaring math accent \mathring on input line 292.
LaTeX Font Info:    Redeclaring math accent \hat on input line 293.
LaTeX Font Info:    Redeclaring math accent \dot on input line 294.
LaTeX Font Info:    Redeclaring math accent \tilde on input line 295.
LaTeX Font Info:    Redeclaring math accent \dot on input line 296.
LaTeX Font Info:    Redeclaring math accent \ddot on input line 297.
LaTeX Font Info:    Redeclaring math accent \widehat on input line 507.
LaTeX Font Info:    Redeclaring math accent \widetilde on input line 508.
LaTeX Font Info:    Redeclaring math accent \vec on input line 1276.
LaTeX Font Info:    Redeclaring math symbol \m@thbbch@rA on input line 1476.
LaTeX Info: Redefining \not on input line 1730.
) ("C:\Users\1\AppData\Local\Programs\MiKTeX 2.9\tex/latex/geometry\geometry.st
y"
Package: geometry 2018/04/16 v5.8 Page Geometry
 ("C:\Users\1\AppData\Local\Programs\MiKTeX 2.9\tex/generic/oberdiek\ifvtex.sty
"
Package: ifvtex 2016/05/16 v1.6 Detect VTeX and its facilities (HO)
Package ifvtex Info: VTeX not detected.
)
\Gm@cnth=\count311
\Gm@cntv=\count312
\c@Gm@tempcnt=\count313
\Gm@bindingoffset=\dimen273
\Gm@wd@mp=\dimen274
\Gm@odd@mp=\dimen275
\Gm@even@mp=\dimen276
\Gm@layoutwidth=\dimen277
\Gm@layoutheight=\dimen278
\Gm@layouthoffset=\dimen279
\Gm@layoutvoffset=\dimen280
\Gm@dimlist=\toks53

("C:\Users\1\AppData\Local\Programs\MiKTeX 2.9\tex/latex/geometry\geometry.cfg"
))
("C:\Users\1\AppData\Local\Programs\MiKTeX 2.9\tex/generic/oberdiek\alphalph.st
y"
Package: alphalph 2016/05/16 v2.5 Convert numbers to letters (HO)

("C:\Users\1\AppData\Local\Programs\MiKTeX 2.9\tex/generic/oberdiek\intcalc.sty
"
Package: intcalc 2016/05/16 v1.2 Expandable calculations with integers (HO)
))
\c@authorfn=\count314

("C:\Users\1\AppData\Local\Programs\MiKTeX 2.9\tex/latex/koma-script\scrextend.
sty"
Package: scrextend 2019/10/12 v3.27 KOMA-Script package (extend other classes w
ith features of KOMA-Script classes)

("C:\Users\1\AppData\Local\Programs\MiKTeX 2.9\tex/latex/koma-script\scrkbase.s
ty"
Package: scrkbase 2019/10/12 v3.27 KOMA-Script package (KOMA-Script-dependent b
asics and keyval usage)

("C:\Users\1\AppData\Local\Programs\MiKTeX 2.9\tex/latex/koma-script\scrbase.st
y"
Package: scrbase 2019/10/12 v3.27 KOMA-Script package (KOMA-Script-independent 
basics and keyval usage)

("C:\Users\1\AppData\Local\Programs\MiKTeX 2.9\tex/latex/koma-script\scrlfile.s
ty"
Package: scrlfile 2019/10/12 v3.27 KOMA-Script package (loading files)
))))
("C:\Users\1\AppData\Local\Programs\MiKTeX 2.9\tex/latex/titlesec\titlesec.sty"
Package: titlesec 2019/10/16 v2.13 Sectioning titles
\ttl@box=\box67
\beforetitleunit=\skip144
\aftertitleunit=\skip145
\ttl@plus=\dimen281
\ttl@minus=\dimen282
\ttl@toksa=\toks54
\titlewidth=\dimen283
\titlewidthlast=\dimen284
\titlewidthfirst=\dimen285
)
\c@ttlp@side=\count315
\ttlp@side=\count316
 ("C:\Users\1\AppData\Local\Programs\MiKTeX 2.9\tex/latex/footmisc\footmisc.sty
"
Package: footmisc 2011/06/06 v5.5b a miscellany of footnote facilities
\FN@temptoken=\toks55
\footnotemargin=\dimen286
\FN@tempboxb=\box68
\FN@tempboxc=\box69
\footglue=\skip146
\footnotebaselineskip=\dimen287
\c@pp@next@reset=\count317
Package footmisc Info: Declaring symbol style bringhurst on input line 855.
Package footmisc Info: Declaring symbol style chicago on input line 863.
Package footmisc Info: Declaring symbol style wiley on input line 872.
Package footmisc Info: Declaring symbol style lamport-robust on input line 883.

Package footmisc Info: Declaring symbol style lamport* on input line 903.
Package footmisc Info: Declaring symbol style lamport*-robust on input line 924
.
)
("C:\Users\1\AppData\Local\Programs\MiKTeX 2.9\tex/latex/fancyhdr\fancyhdr.sty"
Package: fancyhdr 2019/01/31 v3.10 Extensive control of page headers and footer
s
\f@nch@headwidth=\skip147
\f@nch@O@elh=\skip148
\f@nch@O@erh=\skip149
\f@nch@O@olh=\skip150
\f@nch@O@orh=\skip151
\f@nch@O@elf=\skip152
\f@nch@O@erf=\skip153
\f@nch@O@olf=\skip154
\f@nch@O@orf=\skip155
)
("C:\Users\1\AppData\Local\Programs\MiKTeX 2.9\tex/latex/changepage\changepage.
sty"
Package: changepage 2009/10/20 v1.0c check page and change page layout
\c@cp@cntr=\count318
\cp@tempcnt=\count319
)
("C:\Users\1\AppData\Local\Programs\MiKTeX 2.9\tex/latex/environ\environ.sty"
Package: environ 2014/05/04 v0.3 A new way to define environments

("C:\Users\1\AppData\Local\Programs\MiKTeX 2.9\tex/latex/trimspaces\trimspaces.
sty"
Package: trimspaces 2009/09/17 v1.1 Trim spaces around a token list
))
\wiley@affilmetadataheight=\skip156
\wiley@abstractheight=\skip157

("C:\Users\1\AppData\Local\Programs\MiKTeX 2.9\tex/latex/quoting\quoting.sty"
Package: quoting 2014/01/28 v0.1c Consolidated environment for displayed text
\quo@toppartop=\skip158
)
("C:\Users\1\AppData\Local\Programs\MiKTeX 2.9\tex/latex/enumitem\enumitem.sty"
Package: enumitem 2019/06/20 v3.9 Customized lists
\labelindent=\skip159
\enit@outerparindent=\dimen288
\enit@toks=\toks56
\enit@inbox=\box70
\enit@count@id=\count320
\enitdp@description=\count321
)
\c@theorem=\count322
 ("C:\Users\1\AppData\Local\Programs\MiKTeX 2.9\tex/latex/caption\caption.sty"
Package: caption 2019/09/01 v3.3d Customizing captions (AR)
("C:\Users\1\AppData\Local\Programs\MiKTeX 2.9\tex/latex/caption\caption3.sty"
Package: caption3 2019/09/01 v1.8d caption3 kernel (AR)
Package caption3 Info: TeX engine: e-TeX on input line 64.
\captionmargin=\dimen289
\captionmargin@=\dimen290
\captionwidth=\dimen291
\caption@tempdima=\dimen292
\caption@indent=\dimen293
\caption@parindent=\dimen294
\caption@hangindent=\dimen295
)
\c@caption@flags=\count323
\c@ContinuedFloat=\count324
)
("C:\Users\1\AppData\Local\Programs\MiKTeX 2.9\tex/latex/threeparttable\threepa
rttable.sty"
Package: threeparttable 2003/06/13  v 3.0
\@tempboxb=\box71
)
("C:\Users\1\AppData\Local\Programs\MiKTeX 2.9\tex/latex/caption\newfloat.sty"
Package: newfloat 2019/09/01 v1.1k Defining new floating environments (AR)
)
Package newfloat Info: New float `featurebox' with options `placement=bt,name=b
ox' on input line 579.
\c@featurebox=\count325
\newfloat@ftype=\count326
Package newfloat Info: float type `featurebox'=8 on input line 579.
("C:\Users\1\AppData\Local\Programs\MiKTeX 2.9\tex/latex/enotez\enotez.sty"
("C:\Users\1\AppData\Local\Programs\MiKTeX 2.9\tex/latex/l3packages/l3keys2e\l3
keys2e.sty"
Package: l3keys2e 2019-10-11 LaTeX2e option processing using LaTeX3 keys
)
("C:\Users\1\AppData\Local\Programs\MiKTeX 2.9\tex/latex/l3packages/xtemplate\x
template.sty"
Package: xtemplate 2019-10-11 L3 Experimental prototype document functions
\l__xtemplate_tmp_dim=\dimen296
\l__xtemplate_tmp_int=\count327
\l__xtemplate_tmp_muskip=\muskip18
\l__xtemplate_tmp_skip=\skip160
)
Package: enotez 2020/01/16 v0.10b Endnotes for LaTeX2e
\l__enotez_list_preamble_skip=\skip161
\l__enotez_list_postamble_skip=\skip162
\g__enotez_endnote_id_int=\count328
\g__enotez_endnote_mark_int=\count329
\c@endnote=\count330
\g__enotez_list_printed_int=\count331
\l__enotez_tmpa_int=\count332

Package xtemplate Info: Declaring object type 'enotez-list' taking 1
(xtemplate)             argument(s) on line 473.

\l__enotez_list_notes_sep_dim=\dimen297

("C:\Users\1\AppData\Local\Programs\MiKTeX 2.9\tex/latex/translations\translati
ons.sty"
Package: translations 2018/02/28 v1.8 internationalization of LaTeX2e packages 
(CN)
))
\enitdp@enotezlist=\count333

("C:\Users\1\AppData\Local\Programs\MiKTeX 2.9\tex/latex/lettrine\lettrine.sty"
File: lettrine.sty 2020-03-14 v2.23 (Daniel Flipo)
("C:\Users\1\AppData\Local\Programs\MiKTeX 2.9\tex/generic/minifp\minifp.sty"
Package: minifp 2013/12/30 v0.96. Macros for real number operations and a stack
-based programing language.
\MFP@loopctr=\count334
)
\c@DefaultLines=\count335
\c@DefaultDepth=\count336
\DefaultFindent=\dimen298
\DefaultNindent=\dimen299
\DefaultSlope=\dimen300
\DiscardVskip=\dimen301
\L@lbox=\box72
\L@tbox=\box73
\c@L@lines=\count337
\c@L@depth=\count338
\L@Pindent=\dimen302
\L@Findent=\dimen303
\L@Nindent=\dimen304
\L@lraise=\dimen305
\L@first=\dimen306
\L@next=\dimen307
\L@slope=\dimen308
\L@height=\dimen309
\L@novskip=\dimen310
\L@target@ht=\dimen311
\L@target@dp=\dimen312
\L@target@tht=\dimen313
\LettrineWidth=\dimen314
\LettrineHeight=\dimen315
\LettrineDepth=\dimen316
\Llist@everypar=\toks57

Loading lettrine.cfg
("C:\Users\1\AppData\Local\Programs\MiKTeX 2.9\tex/latex/lettrine\lettrine.cfg"
))) ("C:\Users\1\AppData\Local\Programs\MiKTeX 2.9\tex/latex/siunitx\siunitx.st
y"

LaTeX Warning: You have requested, on input line 16, version
               `2020/01/12' of package expl3,
               but only version
               `2019-10-27 L3 programming layer (loader) '
               is available.

Package: siunitx 2020/02/25 v2.8b A comprehensive (SI) units package

! Package siunitx Error: Support package expl3 too old.

See the siunitx package documentation for explanation.
Type  H <return>  for immediate help.
 ...                                              
                                                  
l.30   }
        
You need to update your installation of the bundles 'l3kernel' and 'l3packages'
.
Loading siunitx will abort!

)
("C:\Users\1\AppData\Local\Programs\MiKTeX 2.9\tex/latex/caption\subcaption.sty
"
Package: subcaption 2019/09/01 v1.3a Sub-captions (AR)
\c@subfigure=\count339
\c@subtable=\count340
\c@subfeaturebox=\count341
)
("C:\Users\1\AppData\Local\Programs\MiKTeX 2.9\tex/latex/chngcntr\chngcntr.sty"
Package: chngcntr 2018/04/09 v1.1a change counter resetting
Package chngcntr Info: \counterwithout already defined.
(chngcntr)             Quitting chngcntr on input line 21.
) ("C:\Users\1\AppData\Local\Programs\MiKTeX 2.9\tex/latex/hyperref\hyperref.st
y"
Package: hyperref 2019/09/28 v7.00a Hypertext links for LaTeX

("C:\Users\1\AppData\Local\Programs\MiKTeX 2.9\tex/generic/oberdiek\hobsub-hype
rref.sty"
Package: hobsub-hyperref 2016/05/16 v1.14 Bundle oberdiek, subset hyperref (HO)


("C:\Users\1\AppData\Local\Programs\MiKTeX 2.9\tex/generic/oberdiek\hobsub-gene
ric.sty"
Package: hobsub-generic 2016/05/16 v1.14 Bundle oberdiek, subset generic (HO)
Package: hobsub 2016/05/16 v1.14 Construct package bundles (HO)
Package hobsub Info: Skipping package `infwarerr' (already loaded).
Package hobsub Info: Skipping package `ltxcmds' (already loaded).
Package hobsub Info: Skipping package `ifluatex' (already loaded).
Package hobsub Info: Skipping package `ifvtex' (already loaded).
Package hobsub Info: Skipping package `intcalc' (already loaded).
Package hobsub Info: Skipping package `ifpdf' (already loaded).
Package hobsub Info: Skipping package `etexcmds' (already loaded).
Package hobsub Info: Skipping package `kvsetkeys' (already loaded).
Package hobsub Info: Skipping package `kvdefinekeys' (already loaded).
Package hobsub Info: Skipping package `pdftexcmds' (already loaded).
Package: pdfescape 2016/05/16 v1.14 Implements pdfTeX's escape features (HO)
Package: bigintcalc 2016/05/16 v1.4 Expandable calculations on big integers (HO
)
Package: bitset 2016/05/16 v1.2 Handle bit-vector datatype (HO)
Package: uniquecounter 2016/05/16 v1.3 Provide unlimited unique counter (HO)
)
Package hobsub Info: Skipping package `hobsub' (already loaded).
Package: letltxmacro 2016/05/16 v1.5 Let assignment for LaTeX macros (HO)
Package: hopatch 2016/05/16 v1.3 Wrapper for package hooks (HO)
Package: xcolor-patch 2016/05/16 xcolor patch
Package: atveryend 2016/05/16 v1.9 Hooks at the very end of document (HO)
Package hobsub Info: Skipping package `atbegshi' (already loaded).
Package: refcount 2016/05/16 v3.5 Data extraction from label references (HO)
Package: hycolor 2016/05/16 v1.8 Color options for hyperref/bookmark (HO)
)
\@linkdim=\dimen317
\Hy@linkcounter=\count342
\Hy@pagecounter=\count343

("C:\Users\1\AppData\Local\Programs\MiKTeX 2.9\tex/latex/hyperref\pd1enc.def"
File: pd1enc.def 2019/09/28 v7.00a Hyperref: PDFDocEncoding definition (HO)
Now handling font encoding PD1 ...
... no UTF-8 mapping file for font encoding PD1
)
\Hy@SavedSpaceFactor=\count344

("C:\Users\1\AppData\Local\Programs\MiKTeX 2.9\tex/latex/00miktex\hyperref.cfg"
File: hyperref.cfg 2002/06/06 v1.2 hyperref configuration of TeXLive
)
Package hyperref Info: Option `unicode' set `true' on input line 4414.
 ("C:\Users\1\AppData\Local\Programs\MiKTeX 2.9\tex/latex/hyperref\puenc.def"
File: puenc.def 2019/09/28 v7.00a Hyperref: PDF Unicode definition (HO)
Now handling font encoding PU ...
... no UTF-8 mapping file for font encoding PU
)
Package hyperref Info: Option `pdfusetitle' set `true' on input line 4414.
Package hyperref Info: Option `bookmarks' set `false' on input line 4414.
Package hyperref Info: Option `bookmarksnumbered' set `false' on input line 441
4.
Package hyperref Info: Option `bookmarksopen' set `true' on input line 4414.
Package hyperref Info: Option `breaklinks' set `false' on input line 4414.
Package hyperref Info: Option `colorlinks' set `false' on input line 4414.
Package hyperref Info: Hyper figures OFF on input line 4540.
Package hyperref Info: Link nesting OFF on input line 4545.
Package hyperref Info: Hyper index ON on input line 4548.
Package hyperref Info: Plain pages OFF on input line 4555.
Package hyperref Info: Backreferencing OFF on input line 4560.
Package hyperref Info: Implicit mode ON; LaTeX internals redefined.
Package hyperref Info: Bookmarks OFF on input line 4799.
\c@Hy@tempcnt=\count345
LaTeX Info: Redefining \url on input line 5152.
\XeTeXLinkMargin=\dimen318
\Fld@menulength=\count346
\Field@Width=\dimen319
\Fld@charsize=\dimen320
Package hyperref Info: Hyper figures OFF on input line 6423.
Package hyperref Info: Link nesting OFF on input line 6428.
Package hyperref Info: Hyper index ON on input line 6431.
Package hyperref Info: backreferencing OFF on input line 6438.
Package hyperref Info: Link coloring OFF on input line 6443.
Package hyperref Info: Link coloring with OCG OFF on input line 6448.
Package hyperref Info: PDF/A mode OFF on input line 6453.
LaTeX Info: Redefining \ref on input line 6493.
LaTeX Info: Redefining \pageref on input line 6497.
! Illegal parameter number in definition of \Hy@author.
<to be read again> 
                   1
l.6621 ...r\process@me\string\@latex@\@nil{author}
                                                  %
You meant to type ## instead of #, right?
Or maybe a } was forgotten somewhere earlier, and things
are all screwed up? I'm going to assume that you meant ##.

! Illegal parameter number in definition of \Hy@author.
<to be read again> 
                   1
l.6621 ...r\process@me\string\@latex@\@nil{author}
                                                  %
You meant to type ## instead of #, right?
Or maybe a } was forgotten somewhere earlier, and things
are all screwed up? I'm going to assume that you meant ##.

\Hy@abspage=\count347
\c@Item=\count348
\c@Hfootnote=\count349
)
Package hyperref Info: Driver (autodetected): hpdftex.
 ("C:\Users\1\AppData\Local\Programs\MiKTeX 2.9\tex/latex/hyperref\hpdftex.def"
File: hpdftex.def 2019/09/28 v7.00a Hyperref driver for pdfTeX
\HyAnn@Count=\count350
\Fld@listcount=\count351
\c@bookmark@seq@number=\count352

("C:\Users\1\AppData\Local\Programs\MiKTeX 2.9\tex/latex/oberdiek\rerunfilechec
k.sty"
Package: rerunfilecheck 2016/05/16 v1.8 Rerun checks for auxiliary files (HO)
Package uniquecounter Info: New unique counter `rerunfilecheck' on input line 2
82.
)
\Hy@SectionHShift=\skip163
)
("C:\Users\1\AppData\Local\Programs\MiKTeX 2.9\tex/latex/biblatex\biblatex.sty"
Package: biblatex 2019/08/31 v3.13a programmable bibliographies (PK/MW)
("C:\Users\1\AppData\Local\Programs\MiKTeX 2.9\tex/latex/logreq\logreq.sty"
Package: logreq 2010/08/04 v1.0 xml request logger
\lrq@indent=\count353

("C:\Users\1\AppData\Local\Programs\MiKTeX 2.9\tex/latex/logreq\logreq.def"
File: logreq.def 2010/08/04 v1.0 logreq spec v1.0
))
("C:\Users\1\AppData\Local\Programs\MiKTeX 2.9\tex/latex/base\ifthen.sty"
Package: ifthen 2014/09/29 v1.1c Standard LaTeX ifthen package (DPC)
)
\c@tabx@nest=\count354
\c@listtotal=\count355
\c@listcount=\count356
\c@liststart=\count357
\c@liststop=\count358
\c@citecount=\count359
\c@citetotal=\count360
\c@multicitecount=\count361
\c@multicitetotal=\count362
\c@instcount=\count363
\c@maxnames=\count364
\c@minnames=\count365
\c@maxitems=\count366
\c@minitems=\count367
\c@citecounter=\count368
\c@maxcitecounter=\count369
\c@savedcitecounter=\count370
\c@uniquelist=\count371
\c@uniquename=\count372
\c@refsection=\count373
\c@refsegment=\count374
\c@maxextratitle=\count375
\c@maxextratitleyear=\count376
\c@maxextraname=\count377
\c@maxextradate=\count378
\c@maxextraalpha=\count379
\c@abbrvpenalty=\count380
\c@highnamepenalty=\count381
\c@lownamepenalty=\count382
\c@maxparens=\count383
\c@parenlevel=\count384
\blx@tempcnta=\count385
\blx@tempcntb=\count386
\blx@tempcntc=\count387
\blx@maxsection=\count388
\blx@maxsegment@0=\count389
\blx@notetype=\count390
\blx@parenlevel@text=\count391
\blx@parenlevel@foot=\count392
\blx@sectionciteorder@0=\count393
\blx@entrysetcounter=\count394
\labelnumberwidth=\skip164
\labelalphawidth=\skip165
\biblabelsep=\skip166
\bibitemsep=\skip167
\bibnamesep=\skip168
\bibinitsep=\skip169
\bibparsep=\skip170
\bibhang=\skip171
\blx@bcfin=\read3
\blx@bcfout=\write4
\blx@langwohyphens=\language82
\c@mincomprange=\count395
\c@maxcomprange=\count396
\c@mincompwidth=\count397
Package biblatex Info: Trying to load biblatex default data model...
Package biblatex Info: ... file 'blx-dm.def' found.

("C:\Users\1\AppData\Local\Programs\MiKTeX 2.9\tex/latex/biblatex\blx-dm.def"
File: blx-dm.def 2019/08/31 v3.13a biblatex localization (PK/MW)
)
Package biblatex Info: Trying to load biblatex style data model...
Package biblatex Info: ... file 'chicago-authordate.dbx' not found.
Package biblatex Info: Trying to load biblatex custom data model...
Package biblatex Info: ... file 'biblatex-dm.cfg' not found.
\c@afterword=\count398
\c@savedafterword=\count399
\c@annotator=\count400
\c@savedannotator=\count401
\c@author=\count402
\c@savedauthor=\count403
\c@bookauthor=\count404
\c@savedbookauthor=\count405
\c@commentator=\count406
\c@savedcommentator=\count407
\c@editor=\count408
\c@savededitor=\count409
\c@editora=\count410
\c@savededitora=\count411
\c@editorb=\count412
\c@savededitorb=\count413
\c@editorc=\count414
\c@savededitorc=\count415
\c@foreword=\count416
\c@savedforeword=\count417
\c@holder=\count418
\c@savedholder=\count419
\c@introduction=\count420
\c@savedintroduction=\count421
\c@namea=\count422
\c@savednamea=\count423
\c@nameb=\count424
\c@savednameb=\count425
\c@namec=\count426
\c@savednamec=\count427
\c@translator=\count428
\c@savedtranslator=\count429
\c@shortauthor=\count430
\c@savedshortauthor=\count431
\c@shorteditor=\count432
\c@savedshorteditor=\count433
\c@labelname=\count434
\c@savedlabelname=\count435
\c@institution=\count436
\c@savedinstitution=\count437
\c@lista=\count438
\c@savedlista=\count439
\c@listb=\count440
\c@savedlistb=\count441
\c@listc=\count442
\c@savedlistc=\count443
\c@listd=\count444
\c@savedlistd=\count445
\c@liste=\count446
\c@savedliste=\count447
\c@listf=\count448
\c@savedlistf=\count449
\c@location=\count450
\c@savedlocation=\count451
\c@organization=\count452
\c@savedorganization=\count453
\c@origlocation=\count454
\c@savedoriglocation=\count455
\c@origpublisher=\count456
\c@savedorigpublisher=\count457
\c@publisher=\count458
\c@savedpublisher=\count459
\c@language=\count460
\c@savedlanguage=\count461
\c@origlanguage=\count462
\c@savedoriglanguage=\count463
\c@pageref=\count464
\c@savedpageref=\count465
\shorthandwidth=\skip172
\shortjournalwidth=\skip173
\shortserieswidth=\skip174
\shorttitlewidth=\skip175
\shortauthorwidth=\skip176
\shorteditorwidth=\skip177
\locallabelnumberwidth=\skip178
\locallabelalphawidth=\skip179
\localshorthandwidth=\skip180
\localshortjournalwidth=\skip181
\localshortserieswidth=\skip182
\localshorttitlewidth=\skip183
\localshortauthorwidth=\skip184
\localshorteditorwidth=\skip185
Package biblatex Info: Trying to load compatibility code...
Package biblatex Info: ... file 'blx-compat.def' found.

("C:\Users\1\AppData\Local\Programs\MiKTeX 2.9\tex/latex/biblatex\blx-compat.de
f"
File: blx-compat.def 2019/08/31 v3.13a biblatex compatibility (PK/MW)
)
Package biblatex Info: Trying to load BibTeX backend compatibility...
Package biblatex Info: ... file 'blx-bibtex.def' found.

("C:\Users\1\AppData\Local\Programs\MiKTeX 2.9\tex/latex/biblatex\blx-bibtex.de
f"
File: blx-bibtex.def 2019/08/31 v3.13a biblatex compatibility (PK/MW)


Package biblatex Warning: Using fall-back BibTeX(8) backend:
(biblatex)                functionality may be reduced/unavailable.

)
Package biblatex Info: Trying to load generic definitions...
Package biblatex Info: ... file 'biblatex.def' found.
 ("C:\Users\1\AppData\Local\Programs\MiKTeX 2.9\tex/latex/biblatex\biblatex.def
"
File: biblatex.def 2019/08/31 v3.13a biblatex compatibility (PK/MW)
\c@textcitecount=\count466
\c@textcitetotal=\count467
\c@textcitemaxnames=\count468
\c@biburlbigbreakpenalty=\count469
\c@biburlbreakpenalty=\count470
\c@biburlnumpenalty=\count471
\c@biburlucpenalty=\count472
\c@biburllcpenalty=\count473
\biburlbigskip=\muskip19
\biburlnumskip=\muskip20
\biburlucskip=\muskip21
\biburllcskip=\muskip22
\c@smartand=\count474
)
Package biblatex Info: Trying to load natbib compatibility...
Package biblatex Info: ... file 'blx-natbib.def' found.

("C:\Users\1\AppData\Local\Programs\MiKTeX 2.9\tex/latex/biblatex\blx-natbib.de
f"
File: blx-natbib.def 2019/08/31 v3.13a biblatex compatibility (PK/MW)
Package biblatex Info: Delimiter 'nameyeardelim' in context '' already defined,
 overwriting.
)
Package biblatex Info: Trying to load bibliography style 'chicago-authordate'..
.
Package biblatex Info: ... file 'chicago-authordate.bbx' found.

("C:\Users\1\AppData\Local\Programs\MiKTeX 2.9\tex/latex/biblatex-chicago/bbx\c
hicago-authordate.bbx"
File: chicago-authordate.bbx 2018/01/11 v 3.10 biblatex bibliography style
\lositemsep=\skip186
\c@bbx:relatedcount=\count475
\c@bbx:relatedtotal=\count476
)
Package biblatex Info: Trying to load citation style 'chicago-authordate'...
Package biblatex Info: ... file 'chicago-authordate.cbx' found.

("C:\Users\1\AppData\Local\Programs\MiKTeX 2.9\tex/latex/biblatex-chicago/cbx\c
hicago-authordate.cbx"
File: chicago-authordate.cbx 2018/01/11 v 3.10 biblatex citation style
Package biblatex Info: Trying to load citation style 'chicago-dates-common'...
Package biblatex Info: ... file 'chicago-dates-common.cbx' found.

("C:\Users\1\AppData\Local\Programs\MiKTeX 2.9\tex/latex/biblatex-chicago/cbx\c
hicago-dates-common.cbx"
File: chicago-dates-common.cbx 2018/01/11 v 3.10 biblatex citation style
Package biblatex Info: Redefining '\cite'.
Package biblatex Info: Redefining '\parencite'.
Package biblatex Info: Redefining '\footcite'.
Package biblatex Info: Redefining '\footcitetext'.
Package biblatex Info: Redefining '\footfullcite'.
Package biblatex Info: Redefining '\fullcite'.
Package biblatex Info: Redefining '\textcite'.
Package biblatex Info: Redefining '\textcites'.
Package biblatex Info: Redefining '\cites'.
Package biblatex Info: Redefining '\parencites'.
Package biblatex Info: Redefining '\footcites'.
Package biblatex Info: Redefining '\footcitetexts'.
Package biblatex Info: Patching 'autolang=other' option.
))
Package biblatex Info: Trying to load configuration file...
Package biblatex Info: ... file 'biblatex.cfg' found.

("C:\Users\1\AppData\Local\Programs\MiKTeX 2.9\tex/latex/biblatex\biblatex.cfg"
File: biblatex.cfg 
)) ("C:\Users\1\AppData\Local\Programs\MiKTeX 2.9\tex/latex/tools\longtable.sty
"
Package: longtable 2019/02/06 v4.12 Multi-page Table package (DPC)
\LTleft=\skip187
\LTright=\skip188
\LTpre=\skip189
\LTpost=\skip190
\LTchunksize=\count477
\LTcapwidth=\dimen321
\LT@head=\box74
\LT@firsthead=\box75
\LT@foot=\box76
\LT@lastfoot=\box77
\LT@cols=\count478
\LT@rows=\count479
\c@LT@tables=\count480
\c@LT@chunks=\count481
\LT@p@ftn=\toks58
) ("C:\Users\1\AppData\Local\Programs\MiKTeX 2.9\tex/latex/lm\lmodern.sty"
Package: lmodern 2009/10/30 v1.6 Latin Modern Fonts
LaTeX Font Info:    Encoding `T1' has changed to `OT1' for symbol font
(Font)              `operators' in the math version `normal' on input line 22.
LaTeX Font Info:    Overwriting symbol font `operators' in version `normal'
(Font)                  T1/lato-TLF/m/n --> OT1/lmr/m/n on input line 22.
LaTeX Font Info:    Overwriting symbol font `letters' in version `normal'
(Font)                  OML/ntxsfmi/m/it --> OML/lmm/m/it on input line 23.
LaTeX Font Info:    Encoding `LMS' has changed to `OMS' for symbol font
(Font)              `symbols' in the math version `normal' on input line 24.
LaTeX Font Info:    Overwriting symbol font `symbols' in version `normal'
(Font)                  LMS/ntxsy/m/n --> OMS/lmsy/m/n on input line 24.
LaTeX Font Info:    Encoding `LMX' has changed to `OMX' for symbol font
(Font)              `largesymbols' in the math version `normal' on input line 2
5.
LaTeX Font Info:    Overwriting symbol font `largesymbols' in version `normal'
(Font)                  LMX/ntxexx/m/n --> OMX/lmex/m/n on input line 25.
LaTeX Font Info:    Encoding `T1' has changed to `OT1' for symbol font
(Font)              `operators' in the math version `bold' on input line 26.
LaTeX Font Info:    Overwriting symbol font `operators' in version `bold'
(Font)                  T1/lato-TLF/b/n --> OT1/lmr/bx/n on input line 26.
LaTeX Font Info:    Overwriting symbol font `letters' in version `bold'
(Font)                  OML/ntxsfmi/b/it --> OML/lmm/b/it on input line 27.
LaTeX Font Info:    Encoding `LMS' has changed to `OMS' for symbol font
(Font)              `symbols' in the math version `bold' on input line 28.
LaTeX Font Info:    Overwriting symbol font `symbols' in version `bold'
(Font)                  LMS/ntxsy/b/n --> OMS/lmsy/b/n on input line 28.
LaTeX Font Info:    Encoding `LMX' has changed to `OMX' for symbol font
(Font)              `largesymbols' in the math version `bold' on input line 29.

LaTeX Font Info:    Overwriting symbol font `largesymbols' in version `bold'
(Font)                  LMX/ntxexx/b/n --> OMX/lmex/m/n on input line 29.
LaTeX Font Info:    Overwriting math alphabet `\mathbf' in version `normal'
(Font)                  T1/lato-TLF/b/n --> OT1/lmr/bx/n on input line 31.
LaTeX Font Info:    Overwriting math alphabet `\mathsf' in version `normal'
(Font)                  T1/cmss/m/n --> OT1/lmss/m/n on input line 32.
LaTeX Font Info:    Overwriting math alphabet `\mathit' in version `normal'
(Font)                  T1/lato-TLF/m/it --> OT1/lmr/m/it on input line 33.
LaTeX Font Info:    Overwriting math alphabet `\mathtt' in version `normal'
(Font)                  T1/cmtt/m/n --> OT1/lmtt/m/n on input line 34.
LaTeX Font Info:    Overwriting math alphabet `\mathbf' in version `bold'
(Font)                  T1/lato-TLF/b/n --> OT1/lmr/bx/n on input line 35.
LaTeX Font Info:    Overwriting math alphabet `\mathsf' in version `bold'
(Font)                  T1/cmss/b/n --> OT1/lmss/bx/n on input line 36.
LaTeX Font Info:    Overwriting math alphabet `\mathit' in version `bold'
(Font)                  T1/lato-TLF/b/it --> OT1/lmr/bx/it on input line 37.
LaTeX Font Info:    Overwriting math alphabet `\mathtt' in version `bold'
(Font)                  T1/cmtt/b/n --> OT1/lmtt/m/n on input line 38.
)
("C:\Users\1\AppData\Local\Programs\MiKTeX 2.9\tex/latex/booktabs\booktabs.sty"
Package: booktabs 2019/10/08 v1.6180339 publication quality tables
\heavyrulewidth=\dimen322
\lightrulewidth=\dimen323
\cmidrulewidth=\dimen324
\belowrulesep=\dimen325
\belowbottomsep=\dimen326
\aboverulesep=\dimen327
\abovetopsep=\dimen328
\cmidrulesep=\dimen329
\cmidrulekern=\dimen330
\defaultaddspace=\dimen331
\@cmidla=\count482
\@cmidlb=\count483
\@aboverulesep=\dimen332
\@belowrulesep=\dimen333
\@thisruleclass=\count484
\@lastruleclass=\count485
\@thisrulewidth=\dimen334
) ("C:\Users\1\AppData\Local\Programs\MiKTeX 2.9\tex/latex/lipsum\lipsum.sty"
Package: lipsum 2019/01/02 v2.2 150 paragraphs of Lorem Ipsum dummy text

("C:\Users\1\AppData\Local\Programs\MiKTeX 2.9\tex/latex/lipsum\lipsum.ltd.tex"
File: lipsum.ltd.tex 2019/01/02 v2.2 The Lorem ipsum dummy text
))
LaTeX Font Info:    Trying to load font information for T1+lato-TLF on input li
ne 83.
 ("C:\Users\1\AppData\Local\Programs\MiKTeX 2.9\tex/latex/lato\t1lato-tlf.fd"
File: T1lato-TLF.fd 2019/06/24 Font definitions for T1/lato-TLF.
)
LaTeX Font Info:    Font shape `T1/lato-TLF/m/n' will be
(Font)              scaled to size 8.0pt on input line 83.
LaTeX Font Info:    Font shape `T1/lato-TLF/m/n' will be
(Font)              scaled to size 6.66675pt on input line 83.
LaTeX Font Info:    Calculating math sizes for size <6.66675> on input line 83.

LaTeX Font Info:    Trying to load font information for OT1+lmr on input line 8
3.
 ("C:\Users\1\AppData\Local\Programs\MiKTeX 2.9\tex/latex/lm\ot1lmr.fd"
File: ot1lmr.fd 2009/10/30 v1.6 Font defs for Latin Modern
)
LaTeX Font Info:    Trying to load font information for OML+lmm on input line 8
3.

("C:\Users\1\AppData\Local\Programs\MiKTeX 2.9\tex/latex/lm\omllmm.fd"
File: omllmm.fd 2009/10/30 v1.6 Font defs for Latin Modern
)
LaTeX Font Info:    Trying to load font information for OMS+lmsy on input line 
83.

("C:\Users\1\AppData\Local\Programs\MiKTeX 2.9\tex/latex/lm\omslmsy.fd"
File: omslmsy.fd 2009/10/30 v1.6 Font defs for Latin Modern
)
LaTeX Font Info:    Trying to load font information for OMX+lmex on input line 
83.

("C:\Users\1\AppData\Local\Programs\MiKTeX 2.9\tex/latex/lm\omxlmex.fd"
File: omxlmex.fd 2009/10/30 v1.6 Font defs for Latin Modern
)
LaTeX Font Info:    External font `lmex10' loaded for size
(Font)              <6.66675> on input line 83.
LaTeX Font Info:    External font `lmex10' loaded for size
(Font)              <4.86668> on input line 83.
LaTeX Font Info:    External font `lmex10' loaded for size
(Font)              <3.66672> on input line 83.


LaTeX Font Warning: Font shape `OT1/cmr/bx/n' in size <3.66672> not available
(Font)              size <5> substituted on input line 83.


LaTeX Font Warning: Font shape `OML/cmm/b/it' in size <3.66672> not available
(Font)              size <5> substituted on input line 83.


LaTeX Font Warning: Font shape `OMS/cmsy/b/n' in size <3.66672> not available
(Font)              size <5> substituted on input line 83.

LaTeX Font Info:    Trying to load font information for U+ntxsfmia on input lin
e 83.
("C:\Users\1\AppData\Local\Programs\MiKTeX 2.9\tex/latex/newtxsf\untxsfmia.fd"
File: untxsfmia.fd 2014/11/16 Fontinst v1.933 font definitions for U/ntxsfmia.
)
LaTeX Font Info:    Trying to load font information for U+ntxsym on input line 
83.
("C:\Users\1\AppData\Local\Programs\MiKTeX 2.9\tex/latex/newtx\untxsym.fd"
File: untxsym.fd 2015/03/20 Fontinst v1.933 font definitions for U/ntxsym.
)
LaTeX Font Info:    Trying to load font information for U+ntxexa on input line 
83.

("C:\Users\1\AppData\Local\Programs\MiKTeX 2.9\tex/latex/newtx\untxexa.fd"
File: untxexa.fd 2012/04/16 Fontinst v1.933 font definitions for U/ntxexa.
)
Missing character: There is no  in font lmsy7!
LaTeX Font Info:    Font shape `T1/lato-TLF/m/n' will be
(Font)              scaled to size 4.86668pt on input line 83.


Package hyperref Warning: Ignoring empty anchor on input line 83.

LaTeX Font Info:    Font shape `T1/lato-TLF/bx/n' in size <6.66675> not availab
le
(Font)              Font shape `T1/lato-TLF/b/n' tried instead on input line 83
.
LaTeX Font Info:    Font shape `T1/lato-TLF/b/n' will be
(Font)              scaled to size 6.66675pt on input line 83.
LaTeX Font Info:    Font shape `T1/lato-TLF/bx/n' in size <8> not available
(Font)              Font shape `T1/lato-TLF/b/n' tried instead on input line 83
.
LaTeX Font Info:    Font shape `T1/lato-TLF/b/n' will be
(Font)              scaled to size 8.0pt on input line 83.
LaTeX Font Info:    Font shape `T1/lato-TLF/m/it' will be
(Font)              scaled to size 8.0pt on input line 83.
Package translations Info: No language package found. I am going to use `englis
h' as default language. on input line 98.
Package biblatex Info: Trying to load language 'english'...
Package biblatex Info: ... file 'english.lbx' found.

("C:\Users\1\AppData\Local\Programs\MiKTeX 2.9\tex/latex/biblatex/lbx\english.l
bx"
File: english.lbx 2019/08/31 v3.13a biblatex localization (PK/MW)
)
\@quotelevel=\count486
\@quotereset=\count487
 (wp4.aux

LaTeX Warning: Label `tab:A2' multiply defined.

)
\openout1 = `wp4.aux'.

LaTeX Font Info:    Checking defaults for OML/ntxsfmi/m/it on input line 98.
LaTeX Font Info:    Trying to load font information for OML+ntxsfmi on input li
ne 98.
 ("C:\Users\1\AppData\Local\Programs\MiKTeX 2.9\tex/latex/newtxsf\omlntxsfmi.fd
"
File: omlntxsfmi.fd 2014/11/16 Fontinst v1.933 font definitions for OML/ntxsfmi
.
)
LaTeX Font Info:    ... okay on input line 98.
LaTeX Font Info:    Checking defaults for T1/cmr/m/n on input line 98.
LaTeX Font Info:    ... okay on input line 98.
LaTeX Font Info:    Checking defaults for OT1/cmr/m/n on input line 98.
LaTeX Font Info:    ... okay on input line 98.
LaTeX Font Info:    Checking defaults for OMS/cmsy/m/n on input line 98.
LaTeX Font Info:    ... okay on input line 98.
LaTeX Font Info:    Checking defaults for OMX/cmex/m/n on input line 98.
LaTeX Font Info:    ... okay on input line 98.
LaTeX Font Info:    Checking defaults for U/ntxexa/m/n on input line 98.
LaTeX Font Info:    ... okay on input line 98.
LaTeX Font Info:    Checking defaults for LMS/ntxsy/m/n on input line 98.
LaTeX Font Info:    Trying to load font information for LMS+ntxsy on input line
 98.
 ("C:\Users\1\AppData\Local\Programs\MiKTeX 2.9\tex/latex/newtx\lmsntxsy.fd"
File: lmsntxsy.fd 2016/07/02 Fontinst v1.933 font definitions for LMS/ntxsy.
)
LaTeX Font Info:    ... okay on input line 98.
LaTeX Font Info:    Checking defaults for LMX/ntxexx/m/n on input line 98.
LaTeX Font Info:    ... okay on input line 98.
LaTeX Font Info:    Checking defaults for PD1/pdf/m/n on input line 98.
LaTeX Font Info:    ... okay on input line 98.
LaTeX Font Info:    Checking defaults for PU/pdf/m/n on input line 98.
LaTeX Font Info:    ... okay on input line 98.

("C:\Users\1\AppData\Local\Programs\MiKTeX 2.9\tex/context/base/mkii\supp-pdf.m
kii"
[Loading MPS to PDF converter (version 2006.09.02).]
\scratchcounter=\count488
\scratchdimen=\dimen335
\scratchbox=\box78
\nofMPsegments=\count489
\nofMParguments=\count490
\everyMPshowfont=\toks59
\MPscratchCnt=\count491
\MPscratchDim=\dimen336
\MPnumerator=\count492
\makeMPintoPDFobject=\count493
\everyMPtoPDFconversion=\toks60
)
("C:\Users\1\AppData\Local\Programs\MiKTeX 2.9\tex/latex/oberdiek\epstopdf-base
.sty"
Package: epstopdf-base 2016/05/15 v2.6 Base part for package epstopdf

("C:\Users\1\AppData\Local\Programs\MiKTeX 2.9\tex/latex/oberdiek\grfext.sty"
Package: grfext 2016/05/16 v1.2 Manage graphics extensions (HO)
)
Package epstopdf-base Info: Redefining graphics rule for `.eps' on input line 4
38.
Package grfext Info: Graphics extension search list:
(grfext)             [.pdf,.png,.jpg,.mps,.jpeg,.jbig2,.jb2,.PDF,.PNG,.JPG,.JPE
G,.JBIG2,.JB2,.eps]
(grfext)             \AppendGraphicsExtensions on input line 456.
) ABD: EverySelectfont initializing macros
LaTeX Info: Redefining \selectfont on input line 98.
\AtBeginShipoutBox=\box79

ABD: EveryShipout initializing macros
LaTeX Info: Redefining \microtypecontext on input line 98.
Package microtype Info: Generating PDF output.
Package microtype Info: Character protrusion enabled (level 2).
Package microtype Info: Using default protrusion set `alltext'.
Package microtype Info: Automatic font expansion enabled (level 2),
(microtype)             stretch: 20, shrink: 20, step: 1, non-selected.
Package microtype Info: Using default expansion set `basictext'.
LaTeX Info: Redefining \showhyphens on input line 98.
Package microtype Info: No adjustment of tracking.
Package microtype Info: No adjustment of interword spacing.
Package microtype Info: No adjustment of character kerning.
Package microtype Info: Loading generic protrusion settings for font family
(microtype)             `lato-TLF' (encoding: T1).
(microtype)             For optimal results, create family-specific settings.
(microtype)             See the microtype manual for details.
\c@mv@tabular=\count494
\c@mv@boldtabular=\count495

*geometry* driver: auto-detecting
*geometry* detected driver: pdftex
*geometry* verbose mode - [ preamble ] result:
* driver: pdftex
* paper: custom
* layout: <same size as paper>
* layoutoffset:(h,v)=(0.0pt,0.0pt)
* lines: 47
* modes: twoside 
* h-part:(L,W,R)=(40.68744pt, 405.16722pt, 40.68745pt)
* v-part:(T,H,B)=(55.17511pt, 562.0pt, 82.76268pt)
* \paperwidth=486.54211pt
* \paperheight=699.93779pt
* \textwidth=405.16722pt
* \textheight=562.0pt
* \oddsidemargin=-31.58255pt
* \evensidemargin=-31.58253pt
* \topmargin=-45.09488pt
* \headheight=16.0pt
* \headsep=12.0pt
* \topskip=10.0pt
* \footskip=23.0pt
* \marginparwidth=121.0pt
* \marginparsep=11.0pt
* \columnsep=10.0pt
* \skip\footins=9.75pt plus 4.33287pt minus 2.16713pt
* \hoffset=0.0pt
* \voffset=0.0pt
* \mag=1000
* \@twocolumnfalse
* \@twosidetrue
* \@mparswitchtrue
* \@reversemargintrue
* (1in=72.27pt=25.4mm, 1cm=28.453pt)

Package caption Info: Begin \AtBeginDocument code.
Package caption Info: hyperref package is loaded.
Package caption Info: longtable package is loaded.
("C:\Users\1\AppData\Local\Programs\MiKTeX 2.9\tex/latex/caption\ltcaption.sty"
Package: ltcaption 2018/08/26 v1.4a longtable captions (AR)
)
Package caption Info: threeparttable package is loaded.
Package caption Info: End \AtBeginDocument code.

("C:\Users\1\AppData\Local\Programs\MiKTeX 2.9\tex/latex/translations/dicts\tra
nslations-basic-dictionary-english.trsl"
File: translations-basic-dictionary-english.trsl (english translation file `tra
nslations-basic-dictionary')
)
Package translations Info: loading dictionary `translations-basic-dictionary' f
or `english'. on input line 98.
Package hyperref Info: Link coloring OFF on input line 98.

("C:\Users\1\AppData\Local\Programs\MiKTeX 2.9\tex/latex/hyperref\nameref.sty"
Package: nameref 2019/09/16 v2.46 Cross-referencing by name of section

("C:\Users\1\AppData\Local\Programs\MiKTeX 2.9\tex/generic/oberdiek\gettitlestr
ing.sty"
Package: gettitlestring 2016/05/16 v1.5 Cleanup title references (HO)
)
\c@section@level=\count496
)
LaTeX Info: Redefining \ref on input line 98.
LaTeX Info: Redefining \pageref on input line 98.
LaTeX Info: Redefining \nameref on input line 98.
Package biblatex Info: Input encoding 'utf8' detected.
Package biblatex Info: Automatic encoding selection.
(biblatex)             Assuming data encoding 'utf8'.
Package biblatex Info: Input encoding 'utf8' specified.
Package biblatex Info: Data encoding 'utf8' specified.
(biblatex)             No need to reencode data.
\openout4 = `wp4-blx.bib'.

Package biblatex Info: Trying to load bibliographic data...
Package biblatex Info: ... file 'wp4.bbl' not found.

No file wp4.bbl.
Package biblatex Info: Reference section=0 on input line 98.
Package biblatex Info: Reference segment=0 on input line 98.
LaTeX Font Info:    Font shape `T1/lato-TLF/eb/n' will be
(Font)              scaled to size 8.0pt on input line 101.
LaTeX Font Info:    Font shape `T1/lato-TLF/eb/n' will be
(Font)              scaled to size 9.0pt on input line 101.
("C:\Users\1\AppData\Local\Programs\MiKTeX 2.9\tex/latex/microtype\mt-cmr.cfg"
File: mt-cmr.cfg 2013/05/19 v2.2 microtype config. file: Computer Modern Roman 
(RS)
)
LaTeX Font Info:    External font `lmex10' loaded for size
(Font)              <9> on input line 101.
LaTeX Font Info:    External font `lmex10' loaded for size
(Font)              <7.3> on input line 101.
LaTeX Font Info:    External font `lmex10' loaded for size
(Font)              <5.5> on input line 101.

LaTeX Font Warning: Font shape `OT1/cmr/bx/n' in size <5.5> not available
(Font)              size <5> substituted on input line 101.


LaTeX Font Warning: Font shape `OML/cmm/b/it' in size <5.5> not available
(Font)              size <5> substituted on input line 101.


LaTeX Font Warning: Font shape `OMS/cmsy/b/n' in size <5.5> not available
(Font)              size <5> substituted on input line 101.

Missing character: There is no  in font lmsy9!
LaTeX Font Info:    External font `lmex10' loaded for size
(Font)              <8> on input line 101.
LaTeX Font Info:    External font `lmex10' loaded for size
(Font)              <6.2> on input line 101.
Missing character: There is no  in font lmsy8!
LaTeX Font Info:    Font shape `T1/lato-TLF/bx/n' in size <18> not available
(Font)              Font shape `T1/lato-TLF/b/n' tried instead on input line 10
1.
LaTeX Font Info:    Font shape `T1/lato-TLF/b/n' will be
(Font)              scaled to size 18.0pt on input line 101.
LaTeX Font Info:    Font shape `T1/lato-TLF/bx/n' in size <12> not available
(Font)              Font shape `T1/lato-TLF/b/n' tried instead on input line 10
1.
LaTeX Font Info:    Font shape `T1/lato-TLF/b/n' will be
(Font)              scaled to size 12.0pt on input line 101.
LaTeX Font Info:    External font `lmex10' loaded for size
(Font)              <12> on input line 101.
LaTeX Font Info:    External font `lmex10' loaded for size
(Font)              <8.8> on input line 101.
LaTeX Font Info:    External font `lmex10' loaded for size
(Font)              <6.6> on input line 101.
Missing character: There is no  in font lmsy10!
LaTeX Font Info:    Font shape `T1/lato-TLF/bx/n' in size <8.8> not available
(Font)              Font shape `T1/lato-TLF/b/n' tried instead on input line 10
1.
LaTeX Font Info:    Font shape `T1/lato-TLF/b/n' will be
(Font)              scaled to size 8.8pt on input line 101.
Missing character: There is no  in font lmsy8!
LaTeX Font Info:    Font shape `T1/lato-TLF/m/n' will be
(Font)              scaled to size 7.0pt on input line 107.
Missing character: There is no  in font lmsy7!
LaTeX Font Info:    Font shape `T1/lato-TLF/m/n' will be
(Font)              scaled to size 5.5pt on input line 107.
LaTeX Font Info:    Font shape `T1/lato-TLF/bx/n' in size <7> not available
(Font)              Font shape `T1/lato-TLF/b/n' tried instead on input line 10
7.
LaTeX Font Info:    Font shape `T1/lato-TLF/b/n' will be
(Font)              scaled to size 7.0pt on input line 107.

! LaTeX Error: There's no line here to end.

See the LaTeX manual or LaTeX Companion for explanation.
Type  H <return>  for immediate help.
 ...                                              
                                                  
l.107 \end{abstract}
                    
Your command was ignored.
Type  I <command> <return>  to replace it with another command,
or  <return>  to continue without it.

LaTeX Font Info:    Trying to load font information for T1+lmtt on input line 1
07.
("C:\Users\1\AppData\Local\Programs\MiKTeX 2.9\tex/latex/lm\t1lmtt.fd"
File: t1lmtt.fd 2009/10/30 v1.6 Font defs for Latin Modern
)
Package microtype Info: Loading generic protrusion settings for font family
(microtype)             `lmtt' (encoding: T1).
(microtype)             For optimal results, create family-specific settings.
(microtype)             See the microtype manual for details.
Missing character: There is no  in font lmsy8!
\wiley@abstractbox=\box80
Package mdframed Info: mdframed works in twoside mode on input line 107.
LaTeX Font Info:    Font shape `T1/lato-TLF/m/n' will be
(Font)              scaled to size 9.0pt on input line 107.
LaTeX Font Info:    Font shape `T1/lato-TLF/bx/n' in size <9> not available
(Font)              Font shape `T1/lato-TLF/b/n' tried instead on input line 10
7.
LaTeX Font Info:    Font shape `T1/lato-TLF/b/n' will be
(Font)              scaled to size 9.0pt on input line 107.
Missing character: There is no  in font lmsy7!
Package mdframed Info: mdframed inside a box 
 mdframed uses option nobreak mdframed on input line 107.
Missing character: There is no  in font lmsy8!
Missing character: There is no  in font lmsy7!


! LaTeX Error: There's no line here to end.

See the LaTeX manual or LaTeX Companion for explanation.
Type  H <return>  for immediate help.
 ...                                              
                                                  
l.107 \end{abstract}
                    
Your command was ignored.
Type  I <command> <return>  to replace it with another command,
or  <return>  to continue without it.

Package mdframed Info: mdframed works in twoside mode on input line 107.

Overfull \hbox (7.36005pt too wide) in paragraph at lines 107--107
\T1/lato-TLF/m/n/9 nals, which in-cludes sev-eral op-tions for cus-tomiza-tion.
 Please
 []

Missing character: There is no  in font lmsy7!
LaTeX Font Info:    Font shape `T1/lato-TLF/bx/n' in size <10> not available
(Font)              Font shape `T1/lato-TLF/b/n' tried instead on input line 11
0.
LaTeX Font Info:    Font shape `T1/lato-TLF/b/n' will be
(Font)              scaled to size 10.0pt on input line 110.
LaTeX Font Info:    Font shape `T1/lato-TLF/m/n' will be
(Font)              scaled to size 10.0pt on input line 110.
LaTeX Font Info:    External font `lmex10' loaded for size
(Font)              <10> on input line 110.
Missing character: There is no  in font lmsy10!
Missing character: There is no  in font lmsy7!

Underfull \hbox (badness 10000) has occurred while \output is active
[][][] 
 []

[1

{C:/Users/1/AppData/Local/MiKTeX/2.9/pdftex/config/pdftex.map}]
Missing character: There is no  in font lmsy8!
Missing character: There is no  in font lmsy8!
Missing character: There is no  in font lmsy8!
Missing character: There is no  in font lmsy8!
Missing character: There is no  in font lmsy8!
Missing character: There is no  in font lmsy8!
Missing character: There is no  in font lmsy8!


LaTeX Warning: Citation 'card_070._1999' on page 2 undefined on input line 134.


! Undefined control sequence.
l.134 ...er to \cite{card_070._1999} and \parecite
                                                  {belloni_052._2011}.
The control sequence at the end of the top line
of your error message was never \def'ed. If you have
misspelled it (e.g., `\hobx'), type `I' and the correct
spelling (e.g., `I\hbox'). Otherwise just continue,
and I'll forget about whatever was undefined.

! Missing $ inserted.
<inserted text> 
                $
l.134 ...te{card_070._1999} and \parecite{belloni_
                                                  052._2011}.
I've inserted a begin-math/end-math symbol since I think
you left one out. Proceed, with fingers crossed.

! Extra }, or forgotten $.
l.134 ...0._1999} and \parecite{belloni_052._2011}
                                                  .
I've deleted a group-closing symbol because it seems to be
spurious, as in `$x}$'. But perhaps the } is legitimate and
you forgot something else, as in `\hbox{$x}'. In such cases
the way to recover is to insert both the forgotten and the
deleted material, e.g., by typing `I$}'.

! Missing $ inserted.
<inserted text> 
                $
l.135 
      
I've inserted a begin-math/end-math symbol since I think
you left one out. Proceed, with fingers crossed.

Missing character: There is no  in font lmsy10!

LaTeX Warning: Citation 'cheidvasser_educated_2007' on page 2 undefined on inpu
t line 145.


LaTeX Warning: Citation 'cheidvasser_educated_2007' on page 2 undefined on inpu
t line 147.


LaTeX Warning: Citation 'akhmedjonov_higher_2011' on page 2 undefined on input 
line 147.


LaTeX Warning: Citation 'arabsheibani_returns_2012' on page 2 undefined on inpu
t line 149.


LaTeX Warning: Citation 'kyui_expansion_2016' on page 2 undefined on input line
 151.


LaTeX Warning: Citation 'kyui_returns_2010' on page 2 undefined on input line 1
51.


LaTeX Warning: Citation 'kyui_returns_2010' on page 2 undefined on input line 1
51.

Missing character: There is no  in font lmsy7!
[2]

LaTeX Warning: Citation 'belskaya_college_2014' on page 3 undefined on input li
ne 153.

Missing character: There is no  in font lmsy10!

LaTeX Warning: Citation 'belloni_high_2011' on page 3 undefined on input line 1
58.


LaTeX Warning: Citation 'belloni_sparse_2012' on page 3 undefined on input line
 158.


LaTeX Warning: Citation 'tibshirani_regression_1996' on page 3 undefined on inp
ut line 160.


LaTeX Warning: Citation 'diebold_econometric_2019' on page 3 undefined on input
 line 160.

Missing character: There is no  in font lmsy8!
Missing character: There is no  in font lmex10!
Missing character: There is no  in font lmex10!
Missing character: There is no  in font lmex10!
Missing character: There is no  in font lmex10!
Missing character: There is no  in font lmex10!
Missing character: There is no  in font lmex10!
Missing character: There is no  in font lmsy10!
Missing character: There is no  in font lmsy7!
[3]
Missing character: There is no  in font lmsy10!
Missing character: There is no  in font lmsy10!
Missing character: There is no  in font lmsy7!
 [4]
Missing character: There is no  in font lmsy10!
Missing character: There is no  in font lmsy7!
 [5]

LaTeX Warning: Empty bibliography on input line 213.

[6]
LaTeX Font Info:    Font shape `T1/lato-TLF/m/sc' will be
(Font)              scaled to size 10.0pt on input line 216.


LaTeX Font Warning: Font shape `T1/lato-TLF/bx/sc' undefined
(Font)              using `T1/lato-TLF/bx/n' instead on input line 216.

LaTeX Font Info:    Font shape `T1/lato-TLF/bx/sc' in size <10> not available
(Font)              Font shape `T1/lato-TLF/b/n' tried instead on input line 21
6.
LaTeX Font Info:    Font shape `T1/lato-TLF/b/n' will be
(Font)              scaled to size 10.0pt on input line 216.
Missing character: There is no  in font lmsy10!
Missing character: There is no  in font lmsy8!
Missing character: There is no  in font lmsy8!

Overfull \hbox (12.94933pt too wide) in paragraph at lines 226--257
 [][] 
 []

Missing character: There is no  in font lmsy8!
Missing character: There is no  in font lmsy8!

Overfull \hbox (5.04584pt too wide) in paragraph at lines 263--294
 [][] 
 []

Missing character: There is no  in font lmsy8!
Missing character: There is no  in font lmsy8!
Missing character: There is no  in font lmsy7!
[7] [8] [9]

LaTeX Warning: Empty bibliography on input line 355.


Package caption Warning: Unused \captionsetup[sub] on input line 26.
See the caption package documentation for explanation.

Package atveryend Info: Empty hook `BeforeClearDocument' on input line 357.
Package atveryend Info: Empty hook `AfterLastShipout' on input line 357.
(wp4.aux)
Package atveryend Info: Executing hook `AtVeryEndDocument' on input line 357.
Package atveryend Info: Empty hook `AtEndAfterFileList' on input line 357.


LaTeX Font Warning: Size substitutions with differences
(Font)              up to 1.33328pt have occurred.


LaTeX Font Warning: Some font shapes were not available, defaults substituted.


LaTeX Warning: There were undefined references.


LaTeX Warning: There were multiply-defined labels.


Package biblatex Warning: Please (re)run BibTeX on the file(s):
(biblatex)                wp4
(biblatex)                and rerun LaTeX afterwards.

Package logreq Info: Writing requests to 'wp4.run.xml'.
\openout1 = `wp4.run.xml'.

 )
(\end occurred inside a group at level 1)

### simple group (level 1) entered at line 134 ({)
### bottom level 
Here is how much of TeX's memory you used:
 49037 strings out of 492453
 922094 string characters out of 3121943
 1534520 words of memory out of 3000000
 52630 multiletter control sequences out of 15000+200000
 1148768 words of font info for 178 fonts, out of 3000000 for 9000
 1141 hyphenation exceptions out of 8191
 81i,20n,110p,1150b,1336s stack positions out of 5000i,500n,10000p,200000b,50000s
{C:/Users/1/AppData/Local/Programs/MiKTeX 2.9/fonts/enc/dvips/l
m/lm-mathsy.enc}{C:/Users/1/AppData/Local/Programs/MiKTeX 2.9/fonts/enc/dvips/l
m/lm-mathex.enc}{C:/Users/1/AppData/Local/Programs/MiKTeX 2.9/fonts/enc/dvips/l
m/lm-rm.enc}{C:/Users/1/AppData/Local/Programs/MiKTeX 2.9/fonts/enc/dvips/lm/lm
-mathit.enc}{C:/Users/1/AppData/Local/Programs/MiKTeX 2.9/fonts/enc/dvips/lato/
a_cl4kdn.enc}{C:/Users/1/AppData/Local/Programs/MiKTeX 2.9/fonts/enc/dvips/lm/l
m-ec.enc}<C:/Users/1/AppData/Local/Programs/MiKTeX 2.9/fonts/type1/typoland/lat
o/Lato-Bold.pfb><C:/Users/1/AppData/Local/Programs/MiKTeX 2.9/fonts/type1/typol
and/lato/Lato-Heavy.pfb><C:/Users/1/AppData/Local/Programs/MiKTeX 2.9/fonts/typ
e1/typoland/lato/Lato-Italic.pfb><C:/Users/1/AppData/Local/Programs/MiKTeX 2.9/
fonts/type1/typoland/lato/Lato-Regular.pfb><C:/Users/1/AppData/Local/Programs/M
iKTeX 2.9/fonts/type1/public/lm/lmex10.pfb><C:/Users/1/AppData/Local/Programs/M
iKTeX 2.9/fonts/type1/public/lm/lmmi6.pfb><C:/Users/1/AppData/Local/Programs/Mi
KTeX 2.9/fonts/type1/public/lm/lmmi8.pfb><C:/Users/1/AppData/Local/Programs/MiK
TeX 2.9/fonts/type1/public/lm/lmr8.pfb><C:/Users/1/AppData/Local/Programs/MiKTe
X 2.9/fonts/type1/public/lm/lmsy6.pfb><C:/Users/1/AppData/Local/Programs/MiKTeX
 2.9/fonts/type1/public/lm/lmsy8.pfb><C:/Users/1/AppData/Local/Programs/MiKTeX 
2.9/fonts/type1/public/lm/lmtt8.pfb><C:/Users/1/AppData/Local/Programs/MiKTeX 2
.9/fonts/type1/public/txfonts/txsyc.pfb><C:/Users/1/AppData/Local/Programs/MiKT
eX 2.9/fonts/type1/public/newtxsf/zsfmia-reg.pfb>
Output written on wp4.pdf (9 pages, 222071 bytes).
PDF statistics:
 131 PDF objects out of 1000 (max. 8388607)
 27 named destinations out of 1000 (max. 500000)
 25613 words of extra memory for PDF output out of 29859 (max. 10000000)

