This is pdfTeX, Version 3.14159265-2.6-1.40.21 (MiKTeX 2.9.7300 64-bit) (preloaded format=pdflatex 2020.2.28)  29 FEB 2020 07:31
entering extended mode
**./New2.tex
(New2.tex
LaTeX2e <2020-02-02> patch level 4
L3 programming layer <2020-02-25>

! LaTeX Error: File `wiley-article-03p.cls' not found.

Type X to quit or <RETURN> to proceed,
or enter new name. (Default extension: cls)

Enter file name: 
! Emergency stop.
<read *> 
         
l.4 
     
End of file on the terminal!

 
Here is how much of TeX's memory you used:
 24 strings out of 481280
 559 string characters out of 2916512
 237406 words of memory out of 3000000
 15627 multiletter control sequences out of 15000+200000
 532338 words of font info for 24 fonts, out of 3000000 for 9000
 1141 hyphenation exceptions out of 8191
 14i,0n,17p,61b,10s stack positions out of 5000i,500n,10000p,200000b,50000s
!  ==> Fatal error occurred, no output PDF file produced!
