This is pdfTeX, Version 3.14159265-2.6-1.40.20 (MiKTeX 2.9.7200 64-bit) (preloaded format=pdflatex 2019.10.31)  28 JAN 2020 14:33
entering extended mode
**./Pres_WB_Workshop.tex
(Pres_WB_Workshop.tex
LaTeX2e <2019-10-01> patch level 1
("C:\Users\1\AppData\Local\Programs\MiKTeX 2.9\tex/latex/beamer\beamer.cls"
Document Class: beamer 2019/09/29 v3.57 A class for typesetting presentations

("C:\Users\1\AppData\Local\Programs\MiKTeX 2.9\tex/latex/beamer\beamerbasemodes
.sty"
("C:\Users\1\AppData\Local\Programs\MiKTeX 2.9\tex/latex/etoolbox\etoolbox.sty"
Package: etoolbox 2019/09/21 v2.5h e-TeX tools for LaTeX (JAW)
\etb@tempcnta=\count80
)
\beamer@tempbox=\box27
\beamer@tempcount=\count81
\c@beamerpauses=\count82

("C:\Users\1\AppData\Local\Programs\MiKTeX 2.9\tex/latex/beamer\beamerbasedecod
e.sty"
\beamer@slideinframe=\count83
\beamer@minimum=\count84
\beamer@decode@box=\box28
)
\beamer@commentbox=\box29
\beamer@modecount=\count85
)
("C:\Users\1\AppData\Local\Programs\MiKTeX 2.9\tex/generic/oberdiek\ifpdf.sty"
Package: ifpdf 2018/09/07 v3.3 Provides the ifpdf switch
)
\headdp=\dimen102
\footheight=\dimen103
\sidebarheight=\dimen104
\beamer@tempdim=\dimen105
\beamer@finalheight=\dimen106
\beamer@animht=\dimen107
\beamer@animdp=\dimen108
\beamer@animwd=\dimen109
\beamer@leftmargin=\dimen110
\beamer@rightmargin=\dimen111
\beamer@leftsidebar=\dimen112
\beamer@rightsidebar=\dimen113
\beamer@boxsize=\dimen114
\beamer@vboxoffset=\dimen115
\beamer@descdefault=\dimen116
\beamer@descriptionwidth=\dimen117
\beamer@lastskip=\skip41
\beamer@areabox=\box30
\beamer@animcurrent=\box31
\beamer@animshowbox=\box32
\beamer@sectionbox=\box33
\beamer@logobox=\box34
\beamer@linebox=\box35
\beamer@sectioncount=\count86
\beamer@subsubsectionmax=\count87
\beamer@subsectionmax=\count88
\beamer@sectionmax=\count89
\beamer@totalheads=\count90
\beamer@headcounter=\count91
\beamer@partstartpage=\count92
\beamer@sectionstartpage=\count93
\beamer@subsectionstartpage=\count94
\beamer@animationtempa=\count95
\beamer@animationtempb=\count96
\beamer@xpos=\count97
\beamer@ypos=\count98
\beamer@ypos@offset=\count99
\beamer@showpartnumber=\count100
\beamer@currentsubsection=\count101
\beamer@coveringdepth=\count102
\beamer@sectionadjust=\count103
\beamer@tocsectionnumber=\count104

("C:\Users\1\AppData\Local\Programs\MiKTeX 2.9\tex/latex/beamer\beamerbaseoptio
ns.sty"
("C:\Users\1\AppData\Local\Programs\MiKTeX 2.9\tex/latex/graphics\keyval.sty"
Package: keyval 2014/10/28 v1.15 key=value parser (DPC)
\KV@toks@=\toks14
))
\beamer@paperwidth=\skip42
\beamer@paperheight=\skip43
("C:\Users\1\AppData\Local\Programs\MiKTeX 2.9\tex/latex/geometry\geometry.sty"
Package: geometry 2018/04/16 v5.8 Page Geometry
("C:\Users\1\AppData\Local\Programs\MiKTeX 2.9\tex/generic/oberdiek\ifvtex.sty"
Package: ifvtex 2016/05/16 v1.6 Detect VTeX and its facilities (HO)
Package ifvtex Info: VTeX not detected.
) ("C:\Users\1\AppData\Local\Programs\MiKTeX 2.9\tex/generic/ifxetex\ifxetex.st
y"
Package: ifxetex 2010/09/12 v0.6 Provides ifxetex conditional
)
\Gm@cnth=\count105
\Gm@cntv=\count106
\c@Gm@tempcnt=\count107
\Gm@bindingoffset=\dimen118
\Gm@wd@mp=\dimen119
\Gm@odd@mp=\dimen120
\Gm@even@mp=\dimen121
\Gm@layoutwidth=\dimen122
\Gm@layoutheight=\dimen123
\Gm@layouthoffset=\dimen124
\Gm@layoutvoffset=\dimen125
\Gm@dimlist=\toks15

("C:\Users\1\AppData\Local\Programs\MiKTeX 2.9\tex/latex/geometry\geometry.cfg"
)) ("C:\Users\1\AppData\Local\Programs\MiKTeX 2.9\tex/latex/base\size11.clo"
File: size11.clo 2019/08/27 v1.4j Standard LaTeX file (size option)
)
("C:\Users\1\AppData\Local\Programs\MiKTeX 2.9\tex/latex/pgf/basiclayer\pgfcore
.sty"
("C:\Users\1\AppData\Local\Programs\MiKTeX 2.9\tex/latex/graphics\graphicx.sty"
Package: graphicx 2017/06/01 v1.1a Enhanced LaTeX Graphics (DPC,SPQR)
("C:\Users\1\AppData\Local\Programs\MiKTeX 2.9\tex/latex/graphics\graphics.sty"
Package: graphics 2019/10/08 v1.3c Standard LaTeX Graphics (DPC,SPQR)
("C:\Users\1\AppData\Local\Programs\MiKTeX 2.9\tex/latex/graphics\trig.sty"
Package: trig 2016/01/03 v1.10 sin cos tan (DPC)
)
("C:\Users\1\AppData\Local\Programs\MiKTeX 2.9\tex/latex/graphics-cfg\graphics.
cfg"
File: graphics.cfg 2016/06/04 v1.11 sample graphics configuration
)
Package graphics Info: Driver file: pdftex.def on input line 105.

("C:\Users\1\AppData\Local\Programs\MiKTeX 2.9\tex/latex/graphics-def\pdftex.de
f"
File: pdftex.def 2018/01/08 v1.0l Graphics/color driver for pdftex
))
\Gin@req@height=\dimen126
\Gin@req@width=\dimen127
)
("C:\Users\1\AppData\Local\Programs\MiKTeX 2.9\tex/latex/pgf/systemlayer\pgfsys
.sty"
("C:\Users\1\AppData\Local\Programs\MiKTeX 2.9\tex/latex/pgf/utilities\pgfrcs.s
ty"
("C:\Users\1\AppData\Local\Programs\MiKTeX 2.9\tex/generic/pgf/utilities\pgfuti
l-common.tex"
\pgfutil@everybye=\toks16
\pgfutil@tempdima=\dimen128
\pgfutil@tempdimb=\dimen129

("C:\Users\1\AppData\Local\Programs\MiKTeX 2.9\tex/generic/pgf/utilities\pgfuti
l-common-lists.tex"))
("C:\Users\1\AppData\Local\Programs\MiKTeX 2.9\tex/generic/pgf/utilities\pgfuti
l-latex.def"
\pgfutil@abb=\box36

("C:\Users\1\AppData\Local\Programs\MiKTeX 2.9\tex/latex/ms\everyshi.sty"
Package: everyshi 2001/05/15 v3.00 EveryShipout Package (MS)
))
("C:\Users\1\AppData\Local\Programs\MiKTeX 2.9\tex/generic/pgf/utilities\pgfrcs
.code.tex"
("C:\Users\1\AppData\Local\Programs\MiKTeX 2.9\tex/generic/pgf\pgf.revision.tex
")
Package: pgfrcs 2019/08/03 v3.1.4b (3.1.4b)
))
("C:\Users\1\AppData\Local\Programs\MiKTeX 2.9\tex/generic/pgf/systemlayer\pgfs
ys.code.tex"
Package: pgfsys 2019/08/03 v3.1.4b (3.1.4b)

("C:\Users\1\AppData\Local\Programs\MiKTeX 2.9\tex/generic/pgf/utilities\pgfkey
s.code.tex"
\pgfkeys@pathtoks=\toks17
\pgfkeys@temptoks=\toks18

("C:\Users\1\AppData\Local\Programs\MiKTeX 2.9\tex/generic/pgf/utilities\pgfkey
sfiltered.code.tex"
\pgfkeys@tmptoks=\toks19
))
\pgf@x=\dimen130
\pgf@y=\dimen131
\pgf@xa=\dimen132
\pgf@ya=\dimen133
\pgf@xb=\dimen134
\pgf@yb=\dimen135
\pgf@xc=\dimen136
\pgf@yc=\dimen137
\pgf@xd=\dimen138
\pgf@yd=\dimen139
\w@pgf@writea=\write3
\r@pgf@reada=\read1
\c@pgf@counta=\count108
\c@pgf@countb=\count109
\c@pgf@countc=\count110
\c@pgf@countd=\count111
\t@pgf@toka=\toks20
\t@pgf@tokb=\toks21
\t@pgf@tokc=\toks22
\pgf@sys@id@count=\count112

("C:\Users\1\AppData\Local\Programs\MiKTeX 2.9\tex/generic/pgf/systemlayer\pgf.
cfg"
File: pgf.cfg 2019/08/03 v3.1.4b (3.1.4b)
)
Driver file for pgf: pgfsys-pdftex.def

("C:\Users\1\AppData\Local\Programs\MiKTeX 2.9\tex/generic/pgf/systemlayer\pgfs
ys-pdftex.def"
File: pgfsys-pdftex.def 2019/08/03 v3.1.4b (3.1.4b)

("C:\Users\1\AppData\Local\Programs\MiKTeX 2.9\tex/generic/pgf/systemlayer\pgfs
ys-common-pdf.def"
File: pgfsys-common-pdf.def 2019/08/03 v3.1.4b (3.1.4b)
)))
("C:\Users\1\AppData\Local\Programs\MiKTeX 2.9\tex/generic/pgf/systemlayer\pgfs
yssoftpath.code.tex"
File: pgfsyssoftpath.code.tex 2019/08/03 v3.1.4b (3.1.4b)
\pgfsyssoftpath@smallbuffer@items=\count113
\pgfsyssoftpath@bigbuffer@items=\count114
)
("C:\Users\1\AppData\Local\Programs\MiKTeX 2.9\tex/generic/pgf/systemlayer\pgfs
ysprotocol.code.tex"
File: pgfsysprotocol.code.tex 2019/08/03 v3.1.4b (3.1.4b)
))
("C:\Users\1\AppData\Local\Programs\MiKTeX 2.9\tex/latex/xcolor\xcolor.sty"
Package: xcolor 2016/05/11 v2.12 LaTeX color extensions (UK)

("C:\Users\1\AppData\Local\Programs\MiKTeX 2.9\tex/latex/graphics-cfg\color.cfg
"
File: color.cfg 2016/01/02 v1.6 sample color configuration
)
Package xcolor Info: Driver file: pdftex.def on input line 225.
Package xcolor Info: Model `cmy' substituted by `cmy0' on input line 1348.
Package xcolor Info: Model `hsb' substituted by `rgb' on input line 1352.
Package xcolor Info: Model `RGB' extended on input line 1364.
Package xcolor Info: Model `HTML' substituted by `rgb' on input line 1366.
Package xcolor Info: Model `Hsb' substituted by `hsb' on input line 1367.
Package xcolor Info: Model `tHsb' substituted by `hsb' on input line 1368.
Package xcolor Info: Model `HSB' substituted by `hsb' on input line 1369.
Package xcolor Info: Model `Gray' substituted by `gray' on input line 1370.
Package xcolor Info: Model `wave' substituted by `hsb' on input line 1371.
)
("C:\Users\1\AppData\Local\Programs\MiKTeX 2.9\tex/generic/pgf/basiclayer\pgfco
re.code.tex"
Package: pgfcore 2019/08/03 v3.1.4b (3.1.4b)

("C:\Users\1\AppData\Local\Programs\MiKTeX 2.9\tex/generic/pgf/math\pgfmath.cod
e.tex"
("C:\Users\1\AppData\Local\Programs\MiKTeX 2.9\tex/generic/pgf/math\pgfmathcalc
.code.tex"
("C:\Users\1\AppData\Local\Programs\MiKTeX 2.9\tex/generic/pgf/math\pgfmathutil
.code.tex")
("C:\Users\1\AppData\Local\Programs\MiKTeX 2.9\tex/generic/pgf/math\pgfmathpars
er.code.tex"
\pgfmath@dimen=\dimen140
\pgfmath@count=\count115
\pgfmath@box=\box37
\pgfmath@toks=\toks23
\pgfmath@stack@operand=\toks24
\pgfmath@stack@operation=\toks25
)
("C:\Users\1\AppData\Local\Programs\MiKTeX 2.9\tex/generic/pgf/math\pgfmathfunc
tions.code.tex"
("C:\Users\1\AppData\Local\Programs\MiKTeX 2.9\tex/generic/pgf/math\pgfmathfunc
tions.basic.code.tex")
("C:\Users\1\AppData\Local\Programs\MiKTeX 2.9\tex/generic/pgf/math\pgfmathfunc
tions.trigonometric.code.tex")
("C:\Users\1\AppData\Local\Programs\MiKTeX 2.9\tex/generic/pgf/math\pgfmathfunc
tions.random.code.tex")
("C:\Users\1\AppData\Local\Programs\MiKTeX 2.9\tex/generic/pgf/math\pgfmathfunc
tions.comparison.code.tex")
("C:\Users\1\AppData\Local\Programs\MiKTeX 2.9\tex/generic/pgf/math\pgfmathfunc
tions.base.code.tex")
("C:\Users\1\AppData\Local\Programs\MiKTeX 2.9\tex/generic/pgf/math\pgfmathfunc
tions.round.code.tex")
("C:\Users\1\AppData\Local\Programs\MiKTeX 2.9\tex/generic/pgf/math\pgfmathfunc
tions.misc.code.tex")
("C:\Users\1\AppData\Local\Programs\MiKTeX 2.9\tex/generic/pgf/math\pgfmathfunc
tions.integerarithmetics.code.tex")))
("C:\Users\1\AppData\Local\Programs\MiKTeX 2.9\tex/generic/pgf/math\pgfmathfloa
t.code.tex"
\c@pgfmathroundto@lastzeros=\count116
))
("C:\Users\1\AppData\Local\Programs\MiKTeX 2.9\tex/generic/pgf/math\pgfint.code
.tex")
("C:\Users\1\AppData\Local\Programs\MiKTeX 2.9\tex/generic/pgf/basiclayer\pgfco
repoints.code.tex"
File: pgfcorepoints.code.tex 2019/08/03 v3.1.4b (3.1.4b)
\pgf@picminx=\dimen141
\pgf@picmaxx=\dimen142
\pgf@picminy=\dimen143
\pgf@picmaxy=\dimen144
\pgf@pathminx=\dimen145
\pgf@pathmaxx=\dimen146
\pgf@pathminy=\dimen147
\pgf@pathmaxy=\dimen148
\pgf@xx=\dimen149
\pgf@xy=\dimen150
\pgf@yx=\dimen151
\pgf@yy=\dimen152
\pgf@zx=\dimen153
\pgf@zy=\dimen154
)
("C:\Users\1\AppData\Local\Programs\MiKTeX 2.9\tex/generic/pgf/basiclayer\pgfco
repathconstruct.code.tex"
File: pgfcorepathconstruct.code.tex 2019/08/03 v3.1.4b (3.1.4b)
\pgf@path@lastx=\dimen155
\pgf@path@lasty=\dimen156
)
("C:\Users\1\AppData\Local\Programs\MiKTeX 2.9\tex/generic/pgf/basiclayer\pgfco
repathusage.code.tex"
File: pgfcorepathusage.code.tex 2019/08/03 v3.1.4b (3.1.4b)
\pgf@shorten@end@additional=\dimen157
\pgf@shorten@start@additional=\dimen158
)
("C:\Users\1\AppData\Local\Programs\MiKTeX 2.9\tex/generic/pgf/basiclayer\pgfco
rescopes.code.tex"
File: pgfcorescopes.code.tex 2019/08/03 v3.1.4b (3.1.4b)
\pgfpic=\box38
\pgf@hbox=\box39
\pgf@layerbox@main=\box40
\pgf@picture@serial@count=\count117
)
("C:\Users\1\AppData\Local\Programs\MiKTeX 2.9\tex/generic/pgf/basiclayer\pgfco
regraphicstate.code.tex"
File: pgfcoregraphicstate.code.tex 2019/08/03 v3.1.4b (3.1.4b)
\pgflinewidth=\dimen159
)
("C:\Users\1\AppData\Local\Programs\MiKTeX 2.9\tex/generic/pgf/basiclayer\pgfco
retransformations.code.tex"
File: pgfcoretransformations.code.tex 2019/08/03 v3.1.4b (3.1.4b)
\pgf@pt@x=\dimen160
\pgf@pt@y=\dimen161
\pgf@pt@temp=\dimen162
)
("C:\Users\1\AppData\Local\Programs\MiKTeX 2.9\tex/generic/pgf/basiclayer\pgfco
requick.code.tex"
File: pgfcorequick.code.tex 2019/08/03 v3.1.4b (3.1.4b)
)
("C:\Users\1\AppData\Local\Programs\MiKTeX 2.9\tex/generic/pgf/basiclayer\pgfco
reobjects.code.tex"
File: pgfcoreobjects.code.tex 2019/08/03 v3.1.4b (3.1.4b)
)
("C:\Users\1\AppData\Local\Programs\MiKTeX 2.9\tex/generic/pgf/basiclayer\pgfco
repathprocessing.code.tex"
File: pgfcorepathprocessing.code.tex 2019/08/03 v3.1.4b (3.1.4b)
)
("C:\Users\1\AppData\Local\Programs\MiKTeX 2.9\tex/generic/pgf/basiclayer\pgfco
rearrows.code.tex"
File: pgfcorearrows.code.tex 2019/08/03 v3.1.4b (3.1.4b)
\pgfarrowsep=\dimen163
)
("C:\Users\1\AppData\Local\Programs\MiKTeX 2.9\tex/generic/pgf/basiclayer\pgfco
reshade.code.tex"
File: pgfcoreshade.code.tex 2019/08/03 v3.1.4b (3.1.4b)
\pgf@max=\dimen164
\pgf@sys@shading@range@num=\count118
\pgf@shadingcount=\count119
)
("C:\Users\1\AppData\Local\Programs\MiKTeX 2.9\tex/generic/pgf/basiclayer\pgfco
reimage.code.tex"
File: pgfcoreimage.code.tex 2019/08/03 v3.1.4b (3.1.4b)

("C:\Users\1\AppData\Local\Programs\MiKTeX 2.9\tex/generic/pgf/basiclayer\pgfco
reexternal.code.tex"
File: pgfcoreexternal.code.tex 2019/08/03 v3.1.4b (3.1.4b)
\pgfexternal@startupbox=\box41
))
("C:\Users\1\AppData\Local\Programs\MiKTeX 2.9\tex/generic/pgf/basiclayer\pgfco
relayers.code.tex"
File: pgfcorelayers.code.tex 2019/08/03 v3.1.4b (3.1.4b)
)
("C:\Users\1\AppData\Local\Programs\MiKTeX 2.9\tex/generic/pgf/basiclayer\pgfco
retransparency.code.tex"
File: pgfcoretransparency.code.tex 2019/08/03 v3.1.4b (3.1.4b)
)
("C:\Users\1\AppData\Local\Programs\MiKTeX 2.9\tex/generic/pgf/basiclayer\pgfco
repatterns.code.tex"
File: pgfcorepatterns.code.tex 2019/08/03 v3.1.4b (3.1.4b)
)
("C:\Users\1\AppData\Local\Programs\MiKTeX 2.9\tex/generic/pgf/basiclayer\pgfco
rerdf.code.tex"
File: pgfcorerdf.code.tex 2019/08/03 v3.1.4b (3.1.4b)
)))
("C:\Users\1\AppData\Local\Programs\MiKTeX 2.9\tex/latex/pgf/utilities\xxcolor.
sty"
Package: xxcolor 2003/10/24 ver 0.1
\XC@nummixins=\count120
\XC@countmixins=\count121
)
("C:\Users\1\AppData\Local\Programs\MiKTeX 2.9\tex/generic/oberdiek\atbegshi.st
y"
Package: atbegshi 2016/06/09 v1.18 At begin shipout hook (HO)

("C:\Users\1\AppData\Local\Programs\MiKTeX 2.9\tex/generic/oberdiek\infwarerr.s
ty"
Package: infwarerr 2016/05/16 v1.4 Providing info/warning/error messages (HO)
)
("C:\Users\1\AppData\Local\Programs\MiKTeX 2.9\tex/generic/oberdiek\ltxcmds.sty
"
Package: ltxcmds 2016/05/16 v1.23 LaTeX kernel commands for general use (HO)
))
("C:\Users\1\AppData\Local\Programs\MiKTeX 2.9\tex/latex/hyperref\hyperref.sty"
Package: hyperref 2019/09/28 v7.00a Hypertext links for LaTeX

("C:\Users\1\AppData\Local\Programs\MiKTeX 2.9\tex/generic/oberdiek\hobsub-hype
rref.sty"
Package: hobsub-hyperref 2016/05/16 v1.14 Bundle oberdiek, subset hyperref (HO)


("C:\Users\1\AppData\Local\Programs\MiKTeX 2.9\tex/generic/oberdiek\hobsub-gene
ric.sty"
Package: hobsub-generic 2016/05/16 v1.14 Bundle oberdiek, subset generic (HO)
Package: hobsub 2016/05/16 v1.14 Construct package bundles (HO)
Package hobsub Info: Skipping package `infwarerr' (already loaded).
Package hobsub Info: Skipping package `ltxcmds' (already loaded).
Package: ifluatex 2016/05/16 v1.4 Provides the ifluatex switch (HO)
Package ifluatex Info: LuaTeX not detected.
Package hobsub Info: Skipping package `ifvtex' (already loaded).
Package: intcalc 2016/05/16 v1.2 Expandable calculations with integers (HO)
Package hobsub Info: Skipping package `ifpdf' (already loaded).
Package: etexcmds 2016/05/16 v1.6 Avoid name clashes with e-TeX commands (HO)
Package: kvsetkeys 2016/05/16 v1.17 Key value parser (HO)
Package: kvdefinekeys 2016/05/16 v1.4 Define keys (HO)
Package: pdftexcmds 2019/07/25 v0.30 Utility functions of pdfTeX for LuaTeX (HO
)
Package pdftexcmds Info: LuaTeX not detected.
Package pdftexcmds Info: \pdf@primitive is available.
Package pdftexcmds Info: \pdf@ifprimitive is available.
Package pdftexcmds Info: \pdfdraftmode found.
Package: pdfescape 2016/05/16 v1.14 Implements pdfTeX's escape features (HO)
Package: bigintcalc 2016/05/16 v1.4 Expandable calculations on big integers (HO
)
Package: bitset 2016/05/16 v1.2 Handle bit-vector datatype (HO)
Package: uniquecounter 2016/05/16 v1.3 Provide unlimited unique counter (HO)
)
Package hobsub Info: Skipping package `hobsub' (already loaded).
Package: letltxmacro 2016/05/16 v1.5 Let assignment for LaTeX macros (HO)
Package: hopatch 2016/05/16 v1.3 Wrapper for package hooks (HO)
Package: xcolor-patch 2016/05/16 xcolor patch
Package: atveryend 2016/05/16 v1.9 Hooks at the very end of document (HO)
Package hobsub Info: Skipping package `atbegshi' (already loaded).
Package: refcount 2016/05/16 v3.5 Data extraction from label references (HO)
Package: hycolor 2016/05/16 v1.8 Color options for hyperref/bookmark (HO)
)
("C:\Users\1\AppData\Local\Programs\MiKTeX 2.9\tex/latex/oberdiek\auxhook.sty"
Package: auxhook 2016/05/16 v1.4 Hooks for auxiliary files (HO)
) ("C:\Users\1\AppData\Local\Programs\MiKTeX 2.9\tex/latex/oberdiek\kvoptions.s
ty"
Package: kvoptions 2016/05/16 v3.12 Key value format for package options (HO)
)
\@linkdim=\dimen165
\Hy@linkcounter=\count122
\Hy@pagecounter=\count123
 ("C:\Users\1\AppData\Local\Programs\MiKTeX 2.9\tex/latex/hyperref\pd1enc.def"
File: pd1enc.def 2019/09/28 v7.00a Hyperref: PDFDocEncoding definition (HO)
Now handling font encoding PD1 ...
... no UTF-8 mapping file for font encoding PD1
)
\Hy@SavedSpaceFactor=\count124

("C:\Users\1\AppData\Local\Programs\MiKTeX 2.9\tex/latex/00miktex\hyperref.cfg"
File: hyperref.cfg 2002/06/06 v1.2 hyperref configuration of TeXLive
)
Package hyperref Info: Option `bookmarks' set `true' on input line 4414.
Package hyperref Info: Option `bookmarksopen' set `true' on input line 4414.
Package hyperref Info: Option `implicit' set `false' on input line 4414.
Package hyperref Info: Hyper figures OFF on input line 4540.
Package hyperref Info: Link nesting OFF on input line 4545.
Package hyperref Info: Hyper index ON on input line 4548.
Package hyperref Info: Plain pages OFF on input line 4555.
Package hyperref Info: Backreferencing OFF on input line 4560.
Package hyperref Info: Implicit mode OFF; no redefinition of LaTeX internals.
Package hyperref Info: Bookmarks ON on input line 4793.
\c@Hy@tempcnt=\count125
 ("C:\Users\1\AppData\Local\Programs\MiKTeX 2.9\tex/latex/url\url.sty"
\Urlmuskip=\muskip10
Package: url 2013/09/16  ver 3.4  Verb mode for urls, etc.
)
LaTeX Info: Redefining \url on input line 5152.
\XeTeXLinkMargin=\dimen166
\Fld@menulength=\count126
\Field@Width=\dimen167
\Fld@charsize=\dimen168
Package hyperref Info: Hyper figures OFF on input line 6423.
Package hyperref Info: Link nesting OFF on input line 6428.
Package hyperref Info: Hyper index ON on input line 6431.
Package hyperref Info: backreferencing OFF on input line 6438.
Package hyperref Info: Link coloring OFF on input line 6443.
Package hyperref Info: Link coloring with OCG OFF on input line 6448.
Package hyperref Info: PDF/A mode OFF on input line 6453.
LaTeX Info: Redefining \ref on input line 6493.
LaTeX Info: Redefining \pageref on input line 6497.
\Hy@abspage=\count127


Package hyperref Message: Stopped early.

)
Package hyperref Info: Driver (autodetected): hpdftex.
 ("C:\Users\1\AppData\Local\Programs\MiKTeX 2.9\tex/latex/hyperref\hpdftex.def"
File: hpdftex.def 2019/09/28 v7.00a Hyperref driver for pdfTeX
\Fld@listcount=\count128
\c@bookmark@seq@number=\count129

("C:\Users\1\AppData\Local\Programs\MiKTeX 2.9\tex/latex/oberdiek\rerunfilechec
k.sty"
Package: rerunfilecheck 2016/05/16 v1.8 Rerun checks for auxiliary files (HO)
Package uniquecounter Info: New unique counter `rerunfilecheck' on input line 2
82.
))
("C:\Users\1\AppData\Local\Programs\MiKTeX 2.9\tex/latex/beamer\beamerbaserequi
res.sty"
("C:\Users\1\AppData\Local\Programs\MiKTeX 2.9\tex/latex/beamer\beamerbasecompa
tibility.sty")
("C:\Users\1\AppData\Local\Programs\MiKTeX 2.9\tex/latex/beamer\beamerbasefont.
sty"
("C:\Users\1\AppData\Local\Programs\MiKTeX 2.9\tex/latex/amsfonts\amssymb.sty"
Package: amssymb 2013/01/14 v3.01 AMS font symbols

("C:\Users\1\AppData\Local\Programs\MiKTeX 2.9\tex/latex/amsfonts\amsfonts.sty"
Package: amsfonts 2013/01/14 v3.01 Basic AMSFonts support
\@emptytoks=\toks26
\symAMSa=\mathgroup4
\symAMSb=\mathgroup5
LaTeX Font Info:    Redeclaring math symbol \hbar on input line 98.
LaTeX Font Info:    Overwriting math alphabet `\mathfrak' in version `bold'
(Font)                  U/euf/m/n --> U/euf/b/n on input line 106.
))
("C:\Users\1\AppData\Local\Programs\MiKTeX 2.9\tex/latex/sansmathaccent\sansmat
haccent.sty"
Package: sansmathaccent 2013/03/28

("C:\Users\1\AppData\Local\Programs\MiKTeX 2.9\tex/latex/filehook\filehook.sty"
Package: filehook 2019/10/03 v0.6 Hooks for input files
)))
("C:\Users\1\AppData\Local\Programs\MiKTeX 2.9\tex/latex/beamer\beamerbasetrans
lator.sty"
("C:\Users\1\AppData\Local\Programs\MiKTeX 2.9\tex/latex/translator\translator.
sty"
Package: translator 2019-05-31 v1.12a Easy translation of strings in LaTeX
))
("C:\Users\1\AppData\Local\Programs\MiKTeX 2.9\tex/latex/beamer\beamerbasemisc.
sty")
("C:\Users\1\AppData\Local\Programs\MiKTeX 2.9\tex/latex/beamer\beamerbasetwosc
reens.sty")
("C:\Users\1\AppData\Local\Programs\MiKTeX 2.9\tex/latex/beamer\beamerbaseoverl
ay.sty"
\beamer@argscount=\count130
\beamer@lastskipcover=\skip44
\beamer@trivlistdepth=\count131
)
("C:\Users\1\AppData\Local\Programs\MiKTeX 2.9\tex/latex/beamer\beamerbasetitle
.sty")
("C:\Users\1\AppData\Local\Programs\MiKTeX 2.9\tex/latex/beamer\beamerbasesecti
on.sty"
\c@lecture=\count132
\c@part=\count133
\c@section=\count134
\c@subsection=\count135
\c@subsubsection=\count136
)
("C:\Users\1\AppData\Local\Programs\MiKTeX 2.9\tex/latex/beamer\beamerbaseframe
.sty"
\beamer@framebox=\box42
\beamer@frametitlebox=\box43
\beamer@zoombox=\box44
\beamer@zoomcount=\count137
\beamer@zoomframecount=\count138
\beamer@frametextheight=\dimen169
\c@subsectionslide=\count139
\beamer@frametopskip=\skip45
\beamer@framebottomskip=\skip46
\beamer@frametopskipautobreak=\skip47
\beamer@framebottomskipautobreak=\skip48
\beamer@envbody=\toks27
\framewidth=\dimen170
\c@framenumber=\count140
)
("C:\Users\1\AppData\Local\Programs\MiKTeX 2.9\tex/latex/beamer\beamerbaseverba
tim.sty"
\beamer@verbatimfileout=\write4
)
("C:\Users\1\AppData\Local\Programs\MiKTeX 2.9\tex/latex/beamer\beamerbaseframe
size.sty"
\beamer@splitbox=\box45
\beamer@autobreakcount=\count141
\beamer@autobreaklastheight=\dimen171
\beamer@frametitletoks=\toks28
\beamer@framesubtitletoks=\toks29
)
("C:\Users\1\AppData\Local\Programs\MiKTeX 2.9\tex/latex/beamer\beamerbaseframe
components.sty"
\beamer@footins=\box46
)
("C:\Users\1\AppData\Local\Programs\MiKTeX 2.9\tex/latex/beamer\beamerbasecolor
.sty")
("C:\Users\1\AppData\Local\Programs\MiKTeX 2.9\tex/latex/beamer\beamerbasenotes
.sty"
\beamer@frameboxcopy=\box47
)
("C:\Users\1\AppData\Local\Programs\MiKTeX 2.9\tex/latex/beamer\beamerbasetoc.s
ty")
("C:\Users\1\AppData\Local\Programs\MiKTeX 2.9\tex/latex/beamer\beamerbasetempl
ates.sty"
\beamer@sbttoks=\toks30

("C:\Users\1\AppData\Local\Programs\MiKTeX 2.9\tex/latex/beamer\beamerbaseauxte
mplates.sty"
("C:\Users\1\AppData\Local\Programs\MiKTeX 2.9\tex/latex/beamer\beamerbaseboxes
.sty"
\bmb@box=\box48
\bmb@colorbox=\box49
\bmb@boxshadow=\box50
\bmb@boxshadowball=\box51
\bmb@boxshadowballlarge=\box52
\bmb@temp=\dimen172
\bmb@dima=\dimen173
\bmb@dimb=\dimen174
\bmb@prevheight=\dimen175
)
\beamer@blockheadheight=\dimen176
))
("C:\Users\1\AppData\Local\Programs\MiKTeX 2.9\tex/latex/beamer\beamerbaselocal
structure.sty"
("C:\Users\1\AppData\Local\Programs\MiKTeX 2.9\tex/latex/tools\enumerate.sty"
Package: enumerate 2015/07/23 v3.00 enumerate extensions (DPC)
\@enLab=\toks31
)
\c@figure=\count142
\c@table=\count143
\abovecaptionskip=\skip49
\belowcaptionskip=\skip50
)
("C:\Users\1\AppData\Local\Programs\MiKTeX 2.9\tex/latex/beamer\beamerbasenavig
ation.sty"
\beamer@section@min@dim=\dimen177
)
("C:\Users\1\AppData\Local\Programs\MiKTeX 2.9\tex/latex/beamer\beamerbasetheor
ems.sty"
("C:\Users\1\AppData\Local\Programs\MiKTeX 2.9\tex/latex/amsmath\amsmath.sty"
Package: amsmath 2019/04/01 v2.17c AMS math features
\@mathmargin=\skip51

For additional information on amsmath, use the `?' option.
("C:\Users\1\AppData\Local\Programs\MiKTeX 2.9\tex/latex/amsmath\amstext.sty"
Package: amstext 2000/06/29 v2.01 AMS text

("C:\Users\1\AppData\Local\Programs\MiKTeX 2.9\tex/latex/amsmath\amsgen.sty"
File: amsgen.sty 1999/11/30 v2.0 generic functions
\@emptytoks=\toks32
\ex@=\dimen178
))
("C:\Users\1\AppData\Local\Programs\MiKTeX 2.9\tex/latex/amsmath\amsbsy.sty"
Package: amsbsy 1999/11/29 v1.2d Bold Symbols
\pmbraise@=\dimen179
)
("C:\Users\1\AppData\Local\Programs\MiKTeX 2.9\tex/latex/amsmath\amsopn.sty"
Package: amsopn 2016/03/08 v2.02 operator names
)
\inf@bad=\count144
LaTeX Info: Redefining \frac on input line 227.
\uproot@=\count145
\leftroot@=\count146
LaTeX Info: Redefining \overline on input line 389.
\classnum@=\count147
\DOTSCASE@=\count148
LaTeX Info: Redefining \ldots on input line 486.
LaTeX Info: Redefining \dots on input line 489.
LaTeX Info: Redefining \cdots on input line 610.
\Mathstrutbox@=\box53
\strutbox@=\box54
\big@size=\dimen180
LaTeX Font Info:    Redeclaring font encoding OML on input line 733.
LaTeX Font Info:    Redeclaring font encoding OMS on input line 734.
\macc@depth=\count149
\c@MaxMatrixCols=\count150
\dotsspace@=\muskip11
\c@parentequation=\count151
\dspbrk@lvl=\count152
\tag@help=\toks33
\row@=\count153
\column@=\count154
\maxfields@=\count155
\andhelp@=\toks34
\eqnshift@=\dimen181
\alignsep@=\dimen182
\tagshift@=\dimen183
\tagwidth@=\dimen184
\totwidth@=\dimen185
\lineht@=\dimen186
\@envbody=\toks35
\multlinegap=\skip52
\multlinetaggap=\skip53
\mathdisplay@stack=\toks36
LaTeX Info: Redefining \[ on input line 2855.
LaTeX Info: Redefining \] on input line 2856.
)
("C:\Users\1\AppData\Local\Programs\MiKTeX 2.9\tex/latex/amscls\amsthm.sty"
Package: amsthm 2017/10/31 v2.20.4
\thm@style=\toks37
\thm@bodyfont=\toks38
\thm@headfont=\toks39
\thm@notefont=\toks40
\thm@headpunct=\toks41
\thm@preskip=\skip54
\thm@postskip=\skip55
\thm@headsep=\skip56
\dth@everypar=\toks42
)
\c@theorem=\count156
)
("C:\Users\1\AppData\Local\Programs\MiKTeX 2.9\tex/latex/beamer\beamerbasetheme
s.sty"))
("C:\Users\1\AppData\Local\Programs\MiKTeX 2.9\tex/latex/beamer\beamerthemedefa
ult.sty"
("C:\Users\1\AppData\Local\Programs\MiKTeX 2.9\tex/latex/beamer\beamerfonttheme
default.sty")
("C:\Users\1\AppData\Local\Programs\MiKTeX 2.9\tex/latex/beamer\beamercolorthem
edefault.sty")
("C:\Users\1\AppData\Local\Programs\MiKTeX 2.9\tex/latex/beamer\beamerinnerthem
edefault.sty"
\beamer@dima=\dimen187
\beamer@dimb=\dimen188
)
("C:\Users\1\AppData\Local\Programs\MiKTeX 2.9\tex/latex/beamer\beamerouterthem
edefault.sty")))
("C:\Users\1\AppData\Local\Programs\MiKTeX 2.9\tex/latex/beamer\beamerthemeMadr
id.sty"
("C:\Users\1\AppData\Local\Programs\MiKTeX 2.9\tex/latex/beamer\beamercolorthem
ewhale.sty")
("C:\Users\1\AppData\Local\Programs\MiKTeX 2.9\tex/latex/beamer\beamercolorthem
eorchid.sty")
("C:\Users\1\AppData\Local\Programs\MiKTeX 2.9\tex/latex/beamer\beamerinnerthem
erounded.sty")
("C:\Users\1\AppData\Local\Programs\MiKTeX 2.9\tex/latex/beamer\beamerouterthem
einfolines.sty"))
("C:\Users\1\AppData\Local\Programs\MiKTeX 2.9\tex/generic/babel\babel.sty"
Package: babel 2019/10/15 3.35 The Babel package

("C:\Users\1\AppData\Local\Programs\MiKTeX 2.9\tex/generic/babel\switch.def"
File: switch.def 2019/10/15 3.35 Babel switching mechanism
)
*************************************
* Local config file bblopts.cfg used
*
("C:\Users\1\AppData\Local\Programs\MiKTeX 2.9\tex/latex/arabi\bblopts.cfg"
File: bblopts.cfg 2005/09/08 v0.1 add Arabic and Farsi to "declared" options of
 babel
)
("C:\Users\1\AppData\Local\Programs\MiKTeX 2.9\tex/latex/babel-english\english.
ldf"
Language: english 2017/06/06 v3.3r English support from the babel system
 ("C:\Users\1\AppData\Local\Programs\MiKTeX 2.9\tex/generic/babel\babel.def"
File: babel.def 2019/10/15 3.35 Babel common definitions
\babel@savecnt=\count157
\U@D=\dimen189
 ("C:\Users\1\AppData\Local\Programs\MiKTeX 2.9\tex/generic/babel\txtbabel.def"
)
LaTeX Info: Redefining \textlatin on input line 2185.
\bbl@dirlevel=\count158
)
\l@canadian = a dialect from \language\l@american 
\l@australian = a dialect from \language\l@british 
\l@newzealand = a dialect from \language\l@british 
)) ("C:\Users\1\AppData\Local\Programs\MiKTeX 2.9\tex/latex/base\inputenc.sty"
Package: inputenc 2018/08/11 v1.3c Input encoding file
\inpenc@prehook=\toks43
\inpenc@posthook=\toks44
) ("C:\Users\1\AppData\Local\Programs\MiKTeX 2.9\tex/latex/psnfss\times.sty"
Package: times 2005/04/12 PSNFSS-v9.2a (SPQR) 
) ("C:\Users\1\AppData\Local\Programs\MiKTeX 2.9\tex/latex/base\fontenc.sty"
Package: fontenc 2018/08/11 v2.0j Standard LaTeX package

("C:\Users\1\AppData\Local\Programs\MiKTeX 2.9\tex/latex/base\t1enc.def"
File: t1enc.def 2018/08/11 v2.0j Standard LaTeX file
LaTeX Font Info:    Redeclaring font encoding T1 on input line 48.
))
("C:\Users\1\AppData\Local\Programs\MiKTeX 2.9\tex/latex/caption\caption.sty"
Package: caption 2019/09/01 v3.3d Customizing captions (AR)

("C:\Users\1\AppData\Local\Programs\MiKTeX 2.9\tex/latex/caption\caption3.sty"
Package: caption3 2019/09/01 v1.8d caption3 kernel (AR)
Package caption3 Info: TeX engine: e-TeX on input line 64.
\captionmargin=\dimen190
\captionmargin@=\dimen191
\captionwidth=\dimen192
\caption@tempdima=\dimen193
\caption@indent=\dimen194
\caption@parindent=\dimen195
\caption@hangindent=\dimen196
)
\c@caption@flags=\count159
\c@ContinuedFloat=\count160
Package caption Info: beamer document class.
Package caption Info: hyperref package is loaded.
Package caption Info: Hyperref support is turned off
(caption)             because hyperref has stopped early.
)
("C:\Users\1\AppData\Local\Programs\MiKTeX 2.9\tex/latex/caption\subcaption.sty
"
Package: subcaption 2019/09/01 v1.3a Sub-captions (AR)
\c@subfigure=\count161
\c@subtable=\count162
)
("C:\Users\1\AppData\Local\Programs\MiKTeX 2.9\tex/latex/chngcntr\chngcntr.sty"
Package: chngcntr 2018/04/09 v1.1a change counter resetting
Package chngcntr Info: \counterwithout already defined.
(chngcntr)             Quitting chngcntr on input line 21.
) ("C:\Users\1\AppData\Local\Programs\MiKTeX 2.9\tex/latex/oberdiek\bookmark.st
y"
Package: bookmark 2019/06/04 v1.27 PDF bookmarks (HO)

("C:\Users\1\AppData\Local\Programs\MiKTeX 2.9\tex/latex/oberdiek\bkm-pdftex.de
f"
File: bkm-pdftex.def 2019/06/04 v1.27 bookmark driver for pdfTeX (HO)
\BKM@id=\count163
))
("C:\Users\1\AppData\Local\Programs\MiKTeX 2.9\tex/latex/biblatex\biblatex.sty"
Package: biblatex 2019/08/31 v3.13a programmable bibliographies (PK/MW)
("C:\Users\1\AppData\Local\Programs\MiKTeX 2.9\tex/latex/logreq\logreq.sty"
Package: logreq 2010/08/04 v1.0 xml request logger
\lrq@indent=\count164

("C:\Users\1\AppData\Local\Programs\MiKTeX 2.9\tex/latex/logreq\logreq.def"
File: logreq.def 2010/08/04 v1.0 logreq spec v1.0
))
("C:\Users\1\AppData\Local\Programs\MiKTeX 2.9\tex/latex/base\ifthen.sty"
Package: ifthen 2014/09/29 v1.1c Standard LaTeX ifthen package (DPC)
)
\c@tabx@nest=\count165
\c@listtotal=\count166
\c@listcount=\count167
\c@liststart=\count168
\c@liststop=\count169
\c@citecount=\count170
\c@citetotal=\count171
\c@multicitecount=\count172
\c@multicitetotal=\count173
\c@instcount=\count174
\c@maxnames=\count175
\c@minnames=\count176
\c@maxitems=\count177
\c@minitems=\count178
\c@citecounter=\count179
\c@maxcitecounter=\count180
\c@savedcitecounter=\count181
\c@uniquelist=\count182
\c@uniquename=\count183
\c@refsection=\count184
\c@refsegment=\count185
\c@maxextratitle=\count186
\c@maxextratitleyear=\count187
\c@maxextraname=\count188
\c@maxextradate=\count189
\c@maxextraalpha=\count190
\c@abbrvpenalty=\count191
\c@highnamepenalty=\count192
\c@lownamepenalty=\count193
\c@maxparens=\count194
\c@parenlevel=\count195
\blx@tempcnta=\count196
\blx@tempcntb=\count197
\blx@tempcntc=\count198
\blx@maxsection=\count199
\blx@maxsegment@0=\count266
\blx@notetype=\count267
\blx@parenlevel@text=\count268
\blx@parenlevel@foot=\count269
\blx@sectionciteorder@0=\count270
\blx@entrysetcounter=\count271
\labelnumberwidth=\skip57
\labelalphawidth=\skip58
\biblabelsep=\skip59
\bibitemsep=\skip60
\bibnamesep=\skip61
\bibinitsep=\skip62
\bibparsep=\skip63
\bibhang=\skip64
\blx@bcfin=\read2
\blx@bcfout=\write5
\blx@langwohyphens=\language82
\c@mincomprange=\count272
\c@maxcomprange=\count273
\c@mincompwidth=\count274
Package biblatex Info: Trying to load biblatex default data model...
Package biblatex Info: ... file 'blx-dm.def' found.

("C:\Users\1\AppData\Local\Programs\MiKTeX 2.9\tex/latex/biblatex\blx-dm.def"
File: blx-dm.def 2019/08/31 v3.13a biblatex localization (PK/MW)
)
Package biblatex Info: Trying to load biblatex style data model...
Package biblatex Info: ... file 'chicago-authordate.dbx' not found.
Package biblatex Info: Trying to load biblatex custom data model...
Package biblatex Info: ... file 'biblatex-dm.cfg' not found.
\c@afterword=\count275
\c@savedafterword=\count276
\c@annotator=\count277
\c@savedannotator=\count278
\c@author=\count279
\c@savedauthor=\count280
\c@bookauthor=\count281
\c@savedbookauthor=\count282
\c@commentator=\count283
\c@savedcommentator=\count284
\c@editor=\count285
\c@savededitor=\count286
\c@editora=\count287
\c@savededitora=\count288
\c@editorb=\count289
\c@savededitorb=\count290
\c@editorc=\count291
\c@savededitorc=\count292
\c@foreword=\count293
\c@savedforeword=\count294
\c@holder=\count295
\c@savedholder=\count296
\c@introduction=\count297
\c@savedintroduction=\count298
\c@namea=\count299
\c@savednamea=\count300
\c@nameb=\count301
\c@savednameb=\count302
\c@namec=\count303
\c@savednamec=\count304
\c@translator=\count305
\c@savedtranslator=\count306
\c@shortauthor=\count307
\c@savedshortauthor=\count308
\c@shorteditor=\count309
\c@savedshorteditor=\count310
\c@labelname=\count311
\c@savedlabelname=\count312
\c@institution=\count313
\c@savedinstitution=\count314
\c@lista=\count315
\c@savedlista=\count316
\c@listb=\count317
\c@savedlistb=\count318
\c@listc=\count319
\c@savedlistc=\count320
\c@listd=\count321
\c@savedlistd=\count322
\c@liste=\count323
\c@savedliste=\count324
\c@listf=\count325
\c@savedlistf=\count326
\c@location=\count327
\c@savedlocation=\count328
\c@organization=\count329
\c@savedorganization=\count330
\c@origlocation=\count331
\c@savedoriglocation=\count332
\c@origpublisher=\count333
\c@savedorigpublisher=\count334
\c@publisher=\count335
\c@savedpublisher=\count336
\c@language=\count337
\c@savedlanguage=\count338
\c@origlanguage=\count339
\c@savedoriglanguage=\count340
\c@pageref=\count341
\c@savedpageref=\count342
\shorthandwidth=\skip65
\shortjournalwidth=\skip66
\shortserieswidth=\skip67
\shorttitlewidth=\skip68
\shortauthorwidth=\skip69
\shorteditorwidth=\skip70
\locallabelnumberwidth=\skip71
\locallabelalphawidth=\skip72
\localshorthandwidth=\skip73
\localshortjournalwidth=\skip74
\localshortserieswidth=\skip75
\localshorttitlewidth=\skip76
\localshortauthorwidth=\skip77
\localshorteditorwidth=\skip78
Package biblatex Info: Trying to load compatibility code...
Package biblatex Info: ... file 'blx-compat.def' found.

("C:\Users\1\AppData\Local\Programs\MiKTeX 2.9\tex/latex/biblatex\blx-compat.de
f"
File: blx-compat.def 2019/08/31 v3.13a biblatex compatibility (PK/MW)
)
Package biblatex Info: Trying to load BibTeX backend compatibility...
Package biblatex Info: ... file 'blx-bibtex.def' found.

("C:\Users\1\AppData\Local\Programs\MiKTeX 2.9\tex/latex/biblatex\blx-bibtex.de
f"
File: blx-bibtex.def 2019/08/31 v3.13a biblatex compatibility (PK/MW)


Package biblatex Warning: Using fall-back BibTeX(8) backend:
(biblatex)                functionality may be reduced/unavailable.

)
Package biblatex Info: Trying to load generic definitions...
Package biblatex Info: ... file 'biblatex.def' found.
 ("C:\Users\1\AppData\Local\Programs\MiKTeX 2.9\tex/latex/biblatex\biblatex.def
"
File: biblatex.def 2019/08/31 v3.13a biblatex compatibility (PK/MW)
\c@textcitecount=\count343
\c@textcitetotal=\count344
\c@textcitemaxnames=\count345
\c@biburlbigbreakpenalty=\count346
\c@biburlbreakpenalty=\count347
\c@biburlnumpenalty=\count348
\c@biburlucpenalty=\count349
\c@biburllcpenalty=\count350
\biburlbigskip=\muskip12
\biburlnumskip=\muskip13
\biburlucskip=\muskip14
\biburllcskip=\muskip15
\c@smartand=\count351
)
Package biblatex Info: Trying to load natbib compatibility...
Package biblatex Info: ... file 'blx-natbib.def' found.

("C:\Users\1\AppData\Local\Programs\MiKTeX 2.9\tex/latex/biblatex\blx-natbib.de
f"
File: blx-natbib.def 2019/08/31 v3.13a biblatex compatibility (PK/MW)
Package biblatex Info: Delimiter 'nameyeardelim' in context '' already defined,
 overwriting.
)
Package biblatex Info: Trying to load bibliography style 'chicago-authordate'..
.
Package biblatex Info: ... file 'chicago-authordate.bbx' found.

("C:\Users\1\AppData\Local\Programs\MiKTeX 2.9\tex/latex/biblatex-chicago/bbx\c
hicago-authordate.bbx"
File: chicago-authordate.bbx 2018/01/11 v 3.10 biblatex bibliography style
\lositemsep=\skip79
\c@bbx:relatedcount=\count352
\c@bbx:relatedtotal=\count353
)
Package biblatex Info: Trying to load citation style 'chicago-authordate'...
Package biblatex Info: ... file 'chicago-authordate.cbx' found.

("C:\Users\1\AppData\Local\Programs\MiKTeX 2.9\tex/latex/biblatex-chicago/cbx\c
hicago-authordate.cbx"
File: chicago-authordate.cbx 2018/01/11 v 3.10 biblatex citation style
Package biblatex Info: Trying to load citation style 'chicago-dates-common'...
Package biblatex Info: ... file 'chicago-dates-common.cbx' found.

("C:\Users\1\AppData\Local\Programs\MiKTeX 2.9\tex/latex/biblatex-chicago/cbx\c
hicago-dates-common.cbx"
File: chicago-dates-common.cbx 2018/01/11 v 3.10 biblatex citation style
Package biblatex Info: Redefining '\cite'.
Package biblatex Info: Redefining '\parencite'.
Package biblatex Info: Redefining '\footcite'.
Package biblatex Info: Redefining '\footcitetext'.
Package biblatex Info: Redefining '\footfullcite'.
Package biblatex Info: Redefining '\fullcite'.
Package biblatex Info: Redefining '\textcite'.
Package biblatex Info: Redefining '\textcites'.
Package biblatex Info: Redefining '\cites'.
Package biblatex Info: Redefining '\parencites'.
Package biblatex Info: Redefining '\footcites'.
Package biblatex Info: Redefining '\footcitetexts'.
Package biblatex Info: Patching 'autolang=other' option.
))
Package biblatex Info: Trying to load configuration file...
Package biblatex Info: ... file 'biblatex.cfg' found.

("C:\Users\1\AppData\Local\Programs\MiKTeX 2.9\tex/latex/biblatex\biblatex.cfg"
File: biblatex.cfg 
)) ("C:\Users\1\AppData\Local\Programs\MiKTeX 2.9\tex/latex/lm\lmodern.sty"
Package: lmodern 2009/10/30 v1.6 Latin Modern Fonts
LaTeX Font Info:    Overwriting symbol font `operators' in version `normal'
(Font)                  OT1/cmr/m/n --> OT1/lmr/m/n on input line 22.
LaTeX Font Info:    Overwriting symbol font `letters' in version `normal'
(Font)                  OML/cmm/m/it --> OML/lmm/m/it on input line 23.
LaTeX Font Info:    Overwriting symbol font `symbols' in version `normal'
(Font)                  OMS/cmsy/m/n --> OMS/lmsy/m/n on input line 24.
LaTeX Font Info:    Overwriting symbol font `largesymbols' in version `normal'
(Font)                  OMX/cmex/m/n --> OMX/lmex/m/n on input line 25.
LaTeX Font Info:    Overwriting symbol font `operators' in version `bold'
(Font)                  OT1/cmr/bx/n --> OT1/lmr/bx/n on input line 26.
LaTeX Font Info:    Overwriting symbol font `letters' in version `bold'
(Font)                  OML/cmm/b/it --> OML/lmm/b/it on input line 27.
LaTeX Font Info:    Overwriting symbol font `symbols' in version `bold'
(Font)                  OMS/cmsy/b/n --> OMS/lmsy/b/n on input line 28.
LaTeX Font Info:    Overwriting symbol font `largesymbols' in version `bold'
(Font)                  OMX/cmex/m/n --> OMX/lmex/m/n on input line 29.
LaTeX Font Info:    Overwriting math alphabet `\mathbf' in version `normal'
(Font)                  OT1/cmr/bx/n --> OT1/lmr/bx/n on input line 31.
LaTeX Font Info:    Overwriting math alphabet `\mathsf' in version `normal'
(Font)                  OT1/cmss/m/n --> OT1/lmss/m/n on input line 32.
LaTeX Font Info:    Overwriting math alphabet `\mathit' in version `normal'
(Font)                  OT1/cmr/m/it --> OT1/lmr/m/it on input line 33.
LaTeX Font Info:    Overwriting math alphabet `\mathtt' in version `normal'
(Font)                  OT1/cmtt/m/n --> OT1/lmtt/m/n on input line 34.
LaTeX Font Info:    Overwriting math alphabet `\mathbf' in version `bold'
(Font)                  OT1/cmr/bx/n --> OT1/lmr/bx/n on input line 35.
LaTeX Font Info:    Overwriting math alphabet `\mathsf' in version `bold'
(Font)                  OT1/cmss/bx/n --> OT1/lmss/bx/n on input line 36.
LaTeX Font Info:    Overwriting math alphabet `\mathit' in version `bold'
(Font)                  OT1/cmr/bx/it --> OT1/lmr/bx/it on input line 37.
LaTeX Font Info:    Overwriting math alphabet `\mathtt' in version `bold'
(Font)                  OT1/cmtt/m/n --> OT1/lmtt/m/n on input line 38.
)
("C:\Users\1\AppData\Local\Programs\MiKTeX 2.9\tex/latex/ltablex\ltablex.sty"
Package: ltablex 2014/08/13 v1.1 Modified tabularx

("C:\Users\1\AppData\Local\Programs\MiKTeX 2.9\tex/latex/tools\longtable.sty"
Package: longtable 2019/02/06 v4.12 Multi-page Table package (DPC)
\LTleft=\skip80
\LTright=\skip81
\LTpre=\skip82
\LTpost=\skip83
\LTchunksize=\count354
\LTcapwidth=\dimen197
\LT@head=\box55
\LT@firsthead=\box56
\LT@foot=\box57
\LT@lastfoot=\box58
\LT@cols=\count355
\LT@rows=\count356
\c@LT@tables=\count357
\c@LT@chunks=\count358
\LT@p@ftn=\toks45
)
("C:\Users\1\AppData\Local\Programs\MiKTeX 2.9\tex/latex/tools\tabularx.sty"
Package: tabularx 2016/02/03 v2.11b `tabularx' package (DPC)

("C:\Users\1\AppData\Local\Programs\MiKTeX 2.9\tex/latex/tools\array.sty"
Package: array 2019/08/31 v2.4l Tabular extension package (FMi)
\col@sep=\dimen198
\ar@mcellbox=\box59
\extrarowheight=\dimen199
\NC@list=\toks46
\extratabsurround=\skip84
\backup@length=\skip85
\ar@cellbox=\box60
)
\TX@col@width=\dimen256
\TX@old@table=\dimen257
\TX@old@col=\dimen258
\TX@target=\dimen259
\TX@delta=\dimen260
\TX@cols=\count359
\TX@ftn=\toks47
))
("C:\Users\1\AppData\Local\Programs\MiKTeX 2.9\tex/latex/ragged2e\ragged2e.sty"
Package: ragged2e 2019/07/28 v2.2 ragged2e Package (MS)
("C:\Users\1\AppData\Local\Programs\MiKTeX 2.9\tex/latex/ms\everysel.sty"
Package: everysel 2011/10/28 v1.2 EverySelectfont Package (MS)
)
\CenteringLeftskip=\skip86
\RaggedLeftLeftskip=\skip87
\RaggedRightLeftskip=\skip88
\CenteringRightskip=\skip89
\RaggedLeftRightskip=\skip90
\RaggedRightRightskip=\skip91
\CenteringParfillskip=\skip92
\RaggedLeftParfillskip=\skip93
\RaggedRightParfillskip=\skip94
\JustifyingParfillskip=\skip95
\CenteringParindent=\skip96
\RaggedLeftParindent=\skip97
\RaggedRightParindent=\skip98
\JustifyingParindent=\skip99
)
("C:\Users\1\AppData\Local\Programs\MiKTeX 2.9\tex/latex/pgf/frontendlayer\tikz
.sty"
("C:\Users\1\AppData\Local\Programs\MiKTeX 2.9\tex/latex/pgf/basiclayer\pgf.sty
"
Package: pgf 2019/08/03 v3.1.4b (3.1.4b)

("C:\Users\1\AppData\Local\Programs\MiKTeX 2.9\tex/generic/pgf/modules\pgfmodul
eshapes.code.tex"
File: pgfmoduleshapes.code.tex 2019/08/03 v3.1.4b (3.1.4b)
\pgfnodeparttextbox=\box61
)
("C:\Users\1\AppData\Local\Programs\MiKTeX 2.9\tex/generic/pgf/modules\pgfmodul
eplot.code.tex"
File: pgfmoduleplot.code.tex 2019/08/03 v3.1.4b (3.1.4b)
)
("C:\Users\1\AppData\Local\Programs\MiKTeX 2.9\tex/latex/pgf/compatibility\pgfc
omp-version-0-65.sty"
Package: pgfcomp-version-0-65 2019/08/03 v3.1.4b (3.1.4b)
\pgf@nodesepstart=\dimen261
\pgf@nodesepend=\dimen262
)
("C:\Users\1\AppData\Local\Programs\MiKTeX 2.9\tex/latex/pgf/compatibility\pgfc
omp-version-1-18.sty"
Package: pgfcomp-version-1-18 2019/08/03 v3.1.4b (3.1.4b)
))
("C:\Users\1\AppData\Local\Programs\MiKTeX 2.9\tex/latex/pgf/utilities\pgffor.s
ty"
("C:\Users\1\AppData\Local\Programs\MiKTeX 2.9\tex/latex/pgf/utilities\pgfkeys.
sty"
("C:\Users\1\AppData\Local\Programs\MiKTeX 2.9\tex/generic/pgf/utilities\pgfkey
s.code.tex"))
("C:\Users\1\AppData\Local\Programs\MiKTeX 2.9\tex/latex/pgf/math\pgfmath.sty"
("C:\Users\1\AppData\Local\Programs\MiKTeX 2.9\tex/generic/pgf/math\pgfmath.cod
e.tex"))
("C:\Users\1\AppData\Local\Programs\MiKTeX 2.9\tex/generic/pgf/utilities\pgffor
.code.tex"
Package: pgffor 2019/08/03 v3.1.4b (3.1.4b)

("C:\Users\1\AppData\Local\Programs\MiKTeX 2.9\tex/generic/pgf/math\pgfmath.cod
e.tex")
\pgffor@iter=\dimen263
\pgffor@skip=\dimen264
\pgffor@stack=\toks48
\pgffor@toks=\toks49
))
("C:\Users\1\AppData\Local\Programs\MiKTeX 2.9\tex/generic/pgf/frontendlayer/ti
kz\tikz.code.tex"
Package: tikz 2019/08/03 v3.1.4b (3.1.4b)

("C:\Users\1\AppData\Local\Programs\MiKTeX 2.9\tex/generic/pgf/libraries\pgflib
raryplothandlers.code.tex"
File: pgflibraryplothandlers.code.tex 2019/08/03 v3.1.4b (3.1.4b)
\pgf@plot@mark@count=\count360
\pgfplotmarksize=\dimen265
)
\tikz@lastx=\dimen266
\tikz@lasty=\dimen267
\tikz@lastxsaved=\dimen268
\tikz@lastysaved=\dimen269
\tikz@lastmovetox=\dimen270
\tikz@lastmovetoy=\dimen271
\tikzleveldistance=\dimen272
\tikzsiblingdistance=\dimen273
\tikz@figbox=\box62
\tikz@figbox@bg=\box63
\tikz@tempbox=\box64
\tikz@tempbox@bg=\box65
\tikztreelevel=\count361
\tikznumberofchildren=\count362
\tikznumberofcurrentchild=\count363
\tikz@fig@count=\count364

("C:\Users\1\AppData\Local\Programs\MiKTeX 2.9\tex/generic/pgf/modules\pgfmodul
ematrix.code.tex"
File: pgfmodulematrix.code.tex 2019/08/03 v3.1.4b (3.1.4b)
\pgfmatrixcurrentrow=\count365
\pgfmatrixcurrentcolumn=\count366
\pgf@matrix@numberofcolumns=\count367
)
\tikz@expandcount=\count368

("C:\Users\1\AppData\Local\Programs\MiKTeX 2.9\tex/generic/pgf/frontendlayer/ti
kz/libraries\tikzlibrarytopaths.code.tex"
File: tikzlibrarytopaths.code.tex 2019/08/03 v3.1.4b (3.1.4b)
)))
("C:\Users\1\AppData\Local\Programs\MiKTeX 2.9\tex/latex/relsize\relsize.sty"
Package: relsize 2013/03/29 ver 4.1
)
("C:\Users\1\AppData\Local\Programs\MiKTeX 2.9\tex/latex/tabulary\tabulary.sty"
Package: tabulary 2014/06/11 v0.10 tabulary package (DPC)
\TY@count=\count369
\TY@linewidth=\dimen274
\tymin=\dimen275
\tymax=\dimen276
\TY@tablewidth=\dimen277
) ("C:\Users\1\AppData\Local\Programs\MiKTeX 2.9\tex/latex/multirow\multirow.st
y"
Package: multirow 2019/05/31 v2.5 Span multiple rows of a table
\multirow@colwidth=\skip100
\multirow@cntb=\count370
\multirow@dima=\skip101
\bigstrutjot=\dimen278
)
Package biblatex Info: Trying to load language 'english'...
Package biblatex Info: ... file 'english.lbx' found.

("C:\Users\1\AppData\Local\Programs\MiKTeX 2.9\tex/latex/biblatex/lbx\english.l
bx"
File: english.lbx 2019/08/31 v3.13a biblatex localization (PK/MW)
)

Package biblatex Warning: 'babel/polyglossia' detected but 'csquotes' missing.
(biblatex)                Loading 'csquotes' recommended.

\@quotelevel=\count371
\@quotereset=\count372
(Pres_WB_Workshop.aux)
\openout1 = `Pres_WB_Workshop.aux'.

LaTeX Font Info:    Checking defaults for OML/cmm/m/it on input line 53.
LaTeX Font Info:    ... okay on input line 53.
LaTeX Font Info:    Checking defaults for T1/cmr/m/n on input line 53.
LaTeX Font Info:    ... okay on input line 53.
LaTeX Font Info:    Checking defaults for OT1/cmr/m/n on input line 53.
LaTeX Font Info:    ... okay on input line 53.
LaTeX Font Info:    Checking defaults for OMS/cmsy/m/n on input line 53.
LaTeX Font Info:    ... okay on input line 53.
LaTeX Font Info:    Checking defaults for OMX/cmex/m/n on input line 53.
LaTeX Font Info:    ... okay on input line 53.
LaTeX Font Info:    Checking defaults for U/cmr/m/n on input line 53.
LaTeX Font Info:    ... okay on input line 53.
LaTeX Font Info:    Checking defaults for PD1/pdf/m/n on input line 53.
LaTeX Font Info:    ... okay on input line 53.
LaTeX Font Info:    Trying to load font information for T1+lmss on input line 5
3.

("C:\Users\1\AppData\Local\Programs\MiKTeX 2.9\tex/latex/lm\t1lmss.fd"
File: t1lmss.fd 2009/10/30 v1.6 Font defs for Latin Modern
)
*geometry* driver: auto-detecting
*geometry* detected driver: pdftex
*geometry* verbose mode - [ preamble ] result:
* driver: pdftex
* paper: custom
* layout: <same size as paper>
* layoutoffset:(h,v)=(0.0pt,0.0pt)
* modes: includehead includefoot 
* h-part:(L,W,R)=(10.95003pt, 342.2953pt, 10.95003pt)
* v-part:(T,H,B)=(0.0pt, 273.14662pt, 0.0pt)
* \paperwidth=364.19536pt
* \paperheight=273.14662pt
* \textwidth=342.2953pt
* \textheight=244.6939pt
* \oddsidemargin=-61.31996pt
* \evensidemargin=-61.31996pt
* \topmargin=-72.26999pt
* \headheight=14.22636pt
* \headsep=0.0pt
* \topskip=11.0pt
* \footskip=14.22636pt
* \marginparwidth=4.0pt
* \marginparsep=10.0pt
* \columnsep=10.0pt
* \skip\footins=10.0pt plus 4.0pt minus 2.0pt
* \hoffset=0.0pt
* \voffset=0.0pt
* \mag=1000
* \@twocolumnfalse
* \@twosidefalse
* \@mparswitchfalse
* \@reversemarginfalse
* (1in=72.27pt=25.4mm, 1cm=28.453pt)


("C:\Users\1\AppData\Local\Programs\MiKTeX 2.9\tex/context/base/mkii\supp-pdf.m
kii"
[Loading MPS to PDF converter (version 2006.09.02).]
\scratchcounter=\count373
\scratchdimen=\dimen279
\scratchbox=\box66
\nofMPsegments=\count374
\nofMParguments=\count375
\everyMPshowfont=\toks50
\MPscratchCnt=\count376
\MPscratchDim=\dimen280
\MPnumerator=\count377
\makeMPintoPDFobject=\count378
\everyMPtoPDFconversion=\toks51
)
("C:\Users\1\AppData\Local\Programs\MiKTeX 2.9\tex/latex/oberdiek\epstopdf-base
.sty"
Package: epstopdf-base 2016/05/15 v2.6 Base part for package epstopdf

("C:\Users\1\AppData\Local\Programs\MiKTeX 2.9\tex/latex/oberdiek\grfext.sty"
Package: grfext 2016/05/16 v1.2 Manage graphics extensions (HO)
)
Package epstopdf-base Info: Redefining graphics rule for `.eps' on input line 4
38.
Package grfext Info: Graphics extension search list:
(grfext)             [.pdf,.png,.jpg,.mps,.jpeg,.jbig2,.jb2,.PDF,.PNG,.JPG,.JPE
G,.JBIG2,.JB2,.eps]
(grfext)             \AppendGraphicsExtensions on input line 456.
) ABD: EveryShipout initializing macros
\AtBeginShipoutBox=\box67
Package hyperref Info: Link coloring OFF on input line 53.

("C:\Users\1\AppData\Local\Programs\MiKTeX 2.9\tex/latex/hyperref\nameref.sty"
Package: nameref 2019/09/16 v2.46 Cross-referencing by name of section

("C:\Users\1\AppData\Local\Programs\MiKTeX 2.9\tex/generic/oberdiek\gettitlestr
ing.sty"
Package: gettitlestring 2016/05/16 v1.5 Cleanup title references (HO)
)
\c@section@level=\count379
)
LaTeX Info: Redefining \ref on input line 53.
LaTeX Info: Redefining \pageref on input line 53.
LaTeX Info: Redefining \nameref on input line 53.
LaTeX Font Info:    Overwriting symbol font `operators' in version `normal'
(Font)                  OT1/lmr/m/n --> OT1/cmss/m/n on input line 53.
LaTeX Font Info:    Overwriting symbol font `operators' in version `bold'
(Font)                  OT1/lmr/bx/n --> OT1/cmss/bx/n on input line 53.
LaTeX Font Info:    Overwriting symbol font `operators' in version `normal'
(Font)                  OT1/cmss/m/n --> OT1/lmss/m/n on input line 53.
LaTeX Font Info:    Overwriting symbol font `operators' in version `bold'
(Font)                  OT1/cmss/bx/n --> OT1/lmss/bx/n on input line 53.
\symnumbers=\mathgroup6
\sympureletters=\mathgroup7
LaTeX Font Info:    Overwriting math alphabet `\mathrm' in version `normal'
(Font)                  OT1/lmss/m/n --> T1/lmr/m/n on input line 53.
LaTeX Font Info:    Redeclaring math alphabet \mathbf on input line 53.
LaTeX Font Info:    Overwriting math alphabet `\mathbf' in version `normal'
(Font)                  OT1/lmr/bx/n --> T1/lmss/bx/n on input line 53.
LaTeX Font Info:    Overwriting math alphabet `\mathbf' in version `bold'
(Font)                  OT1/lmr/bx/n --> T1/lmss/bx/n on input line 53.
LaTeX Font Info:    Redeclaring math alphabet \mathsf on input line 53.
LaTeX Font Info:    Overwriting math alphabet `\mathsf' in version `normal'
(Font)                  OT1/lmss/m/n --> T1/lmss/m/n on input line 53.
LaTeX Font Info:    Overwriting math alphabet `\mathsf' in version `bold'
(Font)                  OT1/lmss/bx/n --> T1/lmss/m/n on input line 53.
LaTeX Font Info:    Redeclaring math alphabet \mathit on input line 53.
LaTeX Font Info:    Overwriting math alphabet `\mathit' in version `normal'
(Font)                  OT1/lmr/m/it --> T1/lmss/m/it on input line 53.
LaTeX Font Info:    Overwriting math alphabet `\mathit' in version `bold'
(Font)                  OT1/lmr/bx/it --> T1/lmss/m/it on input line 53.
LaTeX Font Info:    Redeclaring math alphabet \mathtt on input line 53.
LaTeX Font Info:    Overwriting math alphabet `\mathtt' in version `normal'
(Font)                  OT1/lmtt/m/n --> T1/lmtt/m/n on input line 53.
LaTeX Font Info:    Overwriting math alphabet `\mathtt' in version `bold'
(Font)                  OT1/lmtt/m/n --> T1/lmtt/m/n on input line 53.
LaTeX Font Info:    Overwriting symbol font `numbers' in version `bold'
(Font)                  T1/lmss/m/n --> T1/lmss/bx/n on input line 53.
LaTeX Font Info:    Overwriting symbol font `pureletters' in version `bold'
(Font)                  T1/lmss/m/it --> T1/lmss/bx/it on input line 53.
LaTeX Font Info:    Overwriting math alphabet `\mathrm' in version `bold'
(Font)                  OT1/lmss/bx/n --> T1/lmr/bx/n on input line 53.
LaTeX Font Info:    Overwriting math alphabet `\mathbf' in version `bold'
(Font)                  T1/lmss/bx/n --> T1/lmss/bx/n on input line 53.
LaTeX Font Info:    Overwriting math alphabet `\mathsf' in version `bold'
(Font)                  T1/lmss/m/n --> T1/lmss/bx/n on input line 53.
LaTeX Font Info:    Overwriting math alphabet `\mathit' in version `bold'
(Font)                  T1/lmss/m/it --> T1/lmss/bx/it on input line 53.
LaTeX Font Info:    Overwriting math alphabet `\mathtt' in version `bold'
(Font)                  T1/lmtt/m/n --> T1/lmtt/bx/n on input line 53.

("C:\Users\1\AppData\Local\Programs\MiKTeX 2.9\tex/latex/translator\translator-
basic-dictionary-English.dict"
Dictionary: translator-basic-dictionary, Language: English 
)
("C:\Users\1\AppData\Local\Programs\MiKTeX 2.9\tex/latex/translator\translator-
bibliography-dictionary-English.dict"
Dictionary: translator-bibliography-dictionary, Language: English 
)
("C:\Users\1\AppData\Local\Programs\MiKTeX 2.9\tex/latex/translator\translator-
environment-dictionary-English.dict"
Dictionary: translator-environment-dictionary, Language: English 
)
("C:\Users\1\AppData\Local\Programs\MiKTeX 2.9\tex/latex/translator\translator-
months-dictionary-English.dict"
Dictionary: translator-months-dictionary, Language: English 
)
("C:\Users\1\AppData\Local\Programs\MiKTeX 2.9\tex/latex/translator\translator-
numbers-dictionary-English.dict"
Dictionary: translator-numbers-dictionary, Language: English 
)
("C:\Users\1\AppData\Local\Programs\MiKTeX 2.9\tex/latex/translator\translator-
theorem-dictionary-English.dict"
Dictionary: translator-theorem-dictionary, Language: English 
)
Package caption Info: Begin \AtBeginDocument code.
Package caption Info: longtable package is loaded.

("C:\Users\1\AppData\Local\Programs\MiKTeX 2.9\tex/latex/caption\ltcaption.sty"
Package: ltcaption 2018/08/26 v1.4a longtable captions (AR)
)
Package caption Info: End \AtBeginDocument code.
Package biblatex Info: Input encoding 'utf8' detected.
Package biblatex Info: Automatic encoding selection.
(biblatex)             Assuming data encoding 'utf8'.
Package biblatex Info: Input encoding 'utf8' specified.
Package biblatex Info: Data encoding 'utf8' specified.
(biblatex)             No need to reencode data.
\openout5 = `Pres_WB_Workshop-blx.bib'.

Package biblatex Info: Trying to load bibliographic data...
Package biblatex Info: ... file 'Pres_WB_Workshop.bbl' found.
 (Pres_WB_Workshop.bbl)
Package biblatex Info: Reference section=0 on input line 53.
Package biblatex Info: Reference segment=0 on input line 53.
 ABD: EverySelectfont initializing macros
LaTeX Info: Redefining \selectfont on input line 53.

(Pres_WB_Workshop.nav) [1

{C:/Users/1/AppData/Local/MiKTeX/2.9/pdftex/config/pdftex.map}] (Pres_WB_Worksh
op.toc) [2

]
<re_edu.png, id=97, 722.7pt x 505.89pt>
File: re_edu.png Graphic file (type png)
<use re_edu.png>
Package pdftex.def Info: re_edu.png  used on input line 75.
(pdftex.def)             Requested size: 259.99536pt x 199.99803pt.
 [3

 <./re_edu.png>]
<re_HE_f.png, id=130, 505.89pt x 505.89pt>
File: re_HE_f.png Graphic file (type png)
<use re_HE_f.png>
Package pdftex.def Info: re_HE_f.png  used on input line 90.
(pdftex.def)             Requested size: 150.0pt x 150.00046pt.
<re_HE_m.png, id=131, 505.89pt x 505.89pt>
File: re_HE_m.png Graphic file (type png)
<use re_HE_m.png>
Package pdftex.def Info: re_HE_m.png  used on input line 90.
(pdftex.def)             Requested size: 150.0pt x 150.00046pt.
LaTeX Font Info:    Font shape `T1/lmss/m/it' in size <10.95> not available
(Font)              Font shape `T1/lmss/m/sl' tried instead on input line 90.
 [4

 <./re_HE_f.png> <./re_HE_m.png>]
<graph_1b.png, id=161, 826.7688pt x 418.6842pt>
File: graph_1b.png Graphic file (type png)
<use graph_1b.png>
Package pdftex.def Info: graph_1b.png  used on input line 102.
(pdftex.def)             Requested size: 350.0pt x 177.24527pt.
 [5

 <./graph_1b.png>]
<dp01_he.png, id=189, 216.81pt x 252.945pt>
File: dp01_he.png Graphic file (type png)
<use dp01_he.png>
Package pdftex.def Info: dp01_he.png  used on input line 124.
(pdftex.def)             Requested size: 110.0pt x 128.33252pt.
<dp01_ve.png, id=190, 216.81pt x 252.945pt>
File: dp01_ve.png Graphic file (type png)
<use dp01_ve.png>
Package pdftex.def Info: dp01_ve.png  used on input line 124.
(pdftex.def)             Requested size: 110.0pt x 128.33252pt.
<dp01_se.png, id=191, 216.81pt x 252.945pt>
File: dp01_se.png Graphic file (type png)
<use dp01_se.png>
Package pdftex.def Info: dp01_se.png  used on input line 124.
(pdftex.def)             Requested size: 110.0pt x 128.33252pt.
 [6

 <./dp01_he.png> <./dp01_ve.png> <./dp01_se.png>] [7

]
LaTeX Font Info:    Trying to load font information for OT1+lmss on input line 
148.

("C:\Users\1\AppData\Local\Programs\MiKTeX 2.9\tex/latex/lm\ot1lmss.fd"
File: ot1lmss.fd 2009/10/30 v1.6 Font defs for Latin Modern
)
LaTeX Font Info:    Trying to load font information for OML+lmm on input line 1
48.

("C:\Users\1\AppData\Local\Programs\MiKTeX 2.9\tex/latex/lm\omllmm.fd"
File: omllmm.fd 2009/10/30 v1.6 Font defs for Latin Modern
)
LaTeX Font Info:    Trying to load font information for OMS+lmsy on input line 
148.

("C:\Users\1\AppData\Local\Programs\MiKTeX 2.9\tex/latex/lm\omslmsy.fd"
File: omslmsy.fd 2009/10/30 v1.6 Font defs for Latin Modern
)
LaTeX Font Info:    Trying to load font information for OMX+lmex on input line 
148.

("C:\Users\1\AppData\Local\Programs\MiKTeX 2.9\tex/latex/lm\omxlmex.fd"
File: omxlmex.fd 2009/10/30 v1.6 Font defs for Latin Modern
)
LaTeX Font Info:    External font `lmex10' loaded for size
(Font)              <10.95> on input line 148.
LaTeX Font Info:    External font `lmex10' loaded for size
(Font)              <8> on input line 148.
LaTeX Font Info:    External font `lmex10' loaded for size
(Font)              <6> on input line 148.
LaTeX Font Info:    Trying to load font information for U+msa on input line 148
.

("C:\Users\1\AppData\Local\Programs\MiKTeX 2.9\tex/latex/amsfonts\umsa.fd"
File: umsa.fd 2013/01/14 v3.01 AMS symbols A
)
LaTeX Font Info:    Trying to load font information for U+msb on input line 148
.

("C:\Users\1\AppData\Local\Programs\MiKTeX 2.9\tex/latex/amsfonts\umsb.fd"
File: umsb.fd 2013/01/14 v3.01 AMS symbols B
)
LaTeX Font Info:    Font shape `T1/lmss/m/it' in size <8> not available
(Font)              Font shape `T1/lmss/m/sl' tried instead on input line 148.
LaTeX Font Info:    Font shape `T1/lmss/m/it' in size <6> not available
(Font)              Font shape `T1/lmss/m/sl' tried instead on input line 148.

[8

]
File: C:/Country/Russia/Data/SEASHELL/SEABYTE/Edreru/wp1/sparklines/all2-1.pdf 
Graphic file (type pdf)
<use C:/Country/Russia/Data/SEASHELL/SEABYTE/Edreru/wp1/sparklines/all2-1.pdf>
Package pdftex.def Info: C:/Country/Russia/Data/SEASHELL/SEABYTE/Edreru/wp1/spa
rklines/all2-1.pdf  used on input line 170.
(pdftex.def)             Requested size: 56.9052pt x 7.43748pt.
File: C:/Country/Russia/Data/SEASHELL/SEABYTE/Edreru/wp1/sparklines/all2-2.pdf 
Graphic file (type pdf)
<use C:/Country/Russia/Data/SEASHELL/SEABYTE/Edreru/wp1/sparklines/all2-2.pdf>
Package pdftex.def Info: C:/Country/Russia/Data/SEASHELL/SEABYTE/Edreru/wp1/spa
rklines/all2-2.pdf  used on input line 170.
(pdftex.def)             Requested size: 56.9052pt x 7.43748pt.
File: C:/Country/Russia/Data/SEASHELL/SEABYTE/Edreru/wp1/sparklines/all2-3.pdf 
Graphic file (type pdf)
<use C:/Country/Russia/Data/SEASHELL/SEABYTE/Edreru/wp1/sparklines/all2-3.pdf>
Package pdftex.def Info: C:/Country/Russia/Data/SEASHELL/SEABYTE/Edreru/wp1/spa
rklines/all2-3.pdf  used on input line 170.
(pdftex.def)             Requested size: 56.9052pt x 7.43748pt.

Overfull \hbox (0.72223pt too wide) in alignment at lines 170--170
 [] [] [] [] [] [] [] [] [] 
 []


Underfull \vbox (badness 10000) detected at line 170
 []

[9

 <C:/Country/Russia/Data/SEASHELL/SEABYTE/Edreru/wp1/sparklines/all2-1.pdf> <C:
/Country/Russia/Data/SEASHELL/SEABYTE/Edreru/wp1/sparklines/all2-2.pdf> <C:/Cou
ntry/Russia/Data/SEASHELL/SEABYTE/Edreru/wp1/sparklines/all2-3.pdf>]
File: C:/Country/Russia/Data/SEASHELL/SEABYTE/Edreru/wp1/sparklines/Weber_sprk_
all2-1.pdf Graphic file (type pdf)
<use C:/Country/Russia/Data/SEASHELL/SEABYTE/Edreru/wp1/sparklines/Weber_sprk_a
ll2-1.pdf>
Package pdftex.def Info: C:/Country/Russia/Data/SEASHELL/SEABYTE/Edreru/wp1/spa
rklines/Weber_sprk_all2-1.pdf  used on input line 209.
(pdftex.def)             Requested size: 56.9052pt x 5.31244pt.
File: C:/Country/Russia/Data/SEASHELL/SEABYTE/Edreru/wp1/sparklines/Weber_sprk_
f2-1.pdf Graphic file (type pdf)
<use C:/Country/Russia/Data/SEASHELL/SEABYTE/Edreru/wp1/sparklines/Weber_sprk_f
2-1.pdf>
Package pdftex.def Info: C:/Country/Russia/Data/SEASHELL/SEABYTE/Edreru/wp1/spa
rklines/Weber_sprk_f2-1.pdf  used on input line 209.
(pdftex.def)             Requested size: 56.9052pt x 5.31244pt.
File: C:/Country/Russia/Data/SEASHELL/SEABYTE/Edreru/wp1/sparklines/Weber_sprk_
m2-1.pdf Graphic file (type pdf)
<use C:/Country/Russia/Data/SEASHELL/SEABYTE/Edreru/wp1/sparklines/Weber_sprk_m
2-1.pdf>
Package pdftex.def Info: C:/Country/Russia/Data/SEASHELL/SEABYTE/Edreru/wp1/spa
rklines/Weber_sprk_m2-1.pdf  used on input line 209.
(pdftex.def)             Requested size: 56.9052pt x 5.31244pt.

Overfull \hbox (3.45073pt too wide) in alignment at lines 209--209
 [] [] [] [] [] [] [] [] [] 
 []


Underfull \vbox (badness 10000) detected at line 209
 []

[10

 <C:/Country/Russia/Data/SEASHELL/SEABYTE/Edreru/wp1/sparklines/Weber_sprk_all2
-1.pdf> <C:/Country/Russia/Data/SEASHELL/SEABYTE/Edreru/wp1/sparklines/Weber_sp
rk_f2-1.pdf> <C:/Country/Russia/Data/SEASHELL/SEABYTE/Edreru/wp1/sparklines/Web
er_sprk_m2-1.pdf>] [11

]
Overfull \hbox (6.04855pt too wide) in alignment at lines 253--253
 [] [] [] [] [] [] 
 []


Underfull \vbox (badness 10000) detected at line 253
 []

[12

] [13

]
Overfull \hbox (0.40143pt too wide) in paragraph at lines 296--296
 [] 
 []

[14

] [15

] [16

]
\tf@nav=\write6
\openout6 = `Pres_WB_Workshop.nav'.

\tf@toc=\write7
\openout7 = `Pres_WB_Workshop.toc'.

\tf@snm=\write8
\openout8 = `Pres_WB_Workshop.snm'.

Package atveryend Info: Empty hook `BeforeClearDocument' on input line 323.
Package atveryend Info: Empty hook `AfterLastShipout' on input line 323.
 (Pres_WB_Workshop.aux)
Package atveryend Info: Executing hook `AtVeryEndDocument' on input line 323.
Package atveryend Info: Empty hook `AtEndAfterFileList' on input line 323.
Package logreq Info: Writing requests to 'Pres_WB_Workshop.run.xml'.
\openout1 = `Pres_WB_Workshop.run.xml'.

 ) 
Here is how much of TeX's memory you used:
 30882 strings out of 492453
 607470 string characters out of 3121943
 940535 words of memory out of 3000000
 34561 multiletter control sequences out of 15000+200000
 91948 words of font info for 71 fonts, out of 3000000 for 9000
 1141 hyphenation exceptions out of 8191
 58i,15n,63p,1467b,2177s stack positions out of 5000i,500n,10000p,200000b,50000s
pdfTeX warning (dest): name{cite.0@mihaylov_152._2019} has been referenced bu
t does not exist, replaced by a fixed one

pdfTeX warning (dest): name{cite.0@arrazola_132b._2005} has been referenced but
 does not exist, replaced by a fixed one

pdfTeX warning (dest): name{cite.0@murillo_172._2006} has been referenced but d
oes not exist, replaced by a fixed one

pdfTeX warning (dest): name{cite.0@neuman_091._1995} has been referenced but do
es not exist, replaced by a fixed one

{C:/Users/1/AppData/Local/Programs/MiKTeX 2.9/fonts/enc/dvips/lm/lm-ec.enc}{C:/
Users/1/AppData/Local/Programs/MiKTeX 2.9/fonts/enc/dvips/lm/lm-mathit.enc}{C:/
Users/1/AppData/Local/Programs/MiKTeX 2.9/fonts/enc/dvips/lm/lm-rm.enc}<C:/User
s/1/AppData/Local/Programs/MiKTeX 2.9/fonts/type1/public/lm/lmmi10.pfb><C:/User
s/1/AppData/Local/Programs/MiKTeX 2.9/fonts/type1/public/lm/lmss10.pfb><C:/User
s/1/AppData/Local/Programs/MiKTeX 2.9/fonts/type1/public/lm/lmss12.pfb><C:/User
s/1/AppData/Local/Programs/MiKTeX 2.9/fonts/type1/public/lm/lmss8.pfb><C:/Users
/1/AppData/Local/Programs/MiKTeX 2.9/fonts/type1/public/lm/lmss9.pfb><C:/Users/
1/AppData/Local/Programs/MiKTeX 2.9/fonts/type1/public/lm/lmssbx10.pfb><C:/User
s/1/AppData/Local/Programs/MiKTeX 2.9/fonts/type1/public/lm/lmsso10.pfb><C:/Use
rs/1/AppData/Local/Programs/MiKTeX 2.9/fonts/type1/public/lm/lmsso8.pfb>
Output written on Pres_WB_Workshop.pdf (16 pages, 667031 bytes).
PDF statistics:
 611 PDF objects out of 1000 (max. 8388607)
 50 named destinations out of 1000 (max. 500000)
 240 words of extra memory for PDF output out of 10000 (max. 10000000)

