This is pdfTeX, Version 3.14159265-2.6-1.40.20 (MiKTeX 2.9.7200 64-bit) (preloaded format=pdflatex 2019.10.23)  9 NOV 2019 11:26
entering extended mode
**./wileyNJD-AMA.tex
(wileyNJD-AMA.tex
LaTeX2e <2019-10-01> patch level 1
(WileyNJD-SP.cls

LaTeX Warning: You have requested document class `WileyNJD-SP',
               but the document class provides `WileyNJD-v2'.

Document Class: WileyNJD-v2 2017/06/23 v0.2 Standard LaTeX document class for J
ournal
\job@temptoken=\toks14
("C:\Program Files\MiKTeX 2.9\tex/latex/base\article.cls"
Document Class: article 2019/08/27 v1.4j Standard LaTeX document class
("C:\Program Files\MiKTeX 2.9\tex/latex/base\fleqn.clo"
File: fleqn.clo 2016/12/29 v1.2b Standard LaTeX option (flush left equations)
\mathindent=\dimen102
Applying: [2015/01/01] Make \[ robust on input line 50.
LaTeX Info: Redefining \[ on input line 51.
Already applied: [0000/00/00] Make \[ robust on input line 62.
Applying: [2015/01/01] Make \] robust on input line 74.
LaTeX Info: Redefining \] on input line 75.
Already applied: [0000/00/00] Make \] robust on input line 83.
)
("C:\Program Files\MiKTeX 2.9\tex/latex/base\size10.clo"
File: size10.clo 2019/08/27 v1.4j Standard LaTeX file (size option)
)
\c@part=\count80
\c@section=\count81
\c@subsection=\count82
\c@subsubsection=\count83
\c@paragraph=\count84
\c@subparagraph=\count85
\c@figure=\count86
\c@table=\count87
\abovecaptionskip=\skip41
\belowcaptionskip=\skip42
\bibindent=\dimen103
)
("C:\Program Files\MiKTeX 2.9\tex/latex/graphics\graphicx.sty"
Package: graphicx 2017/06/01 v1.1a Enhanced LaTeX Graphics (DPC,SPQR)

("C:\Program Files\MiKTeX 2.9\tex/latex/graphics\keyval.sty"
Package: keyval 2014/10/28 v1.15 key=value parser (DPC)
\KV@toks@=\toks15
)
("C:\Program Files\MiKTeX 2.9\tex/latex/graphics\graphics.sty"
Package: graphics 2019/10/08 v1.3c Standard LaTeX Graphics (DPC,SPQR)

("C:\Program Files\MiKTeX 2.9\tex/latex/graphics\trig.sty"
Package: trig 2016/01/03 v1.10 sin cos tan (DPC)
)
("C:\Program Files\MiKTeX 2.9\tex/latex/graphics-cfg\graphics.cfg"
File: graphics.cfg 2016/06/04 v1.11 sample graphics configuration
)
Package graphics Info: Driver file: pdftex.def on input line 105.

("C:\Program Files\MiKTeX 2.9\tex/latex/graphics-def\pdftex.def"
File: pdftex.def 2018/01/08 v1.0l Graphics/color driver for pdftex
))
\Gin@req@height=\dimen104
\Gin@req@width=\dimen105
)
("C:\Program Files\MiKTeX 2.9\tex/latex/tools\multicol.sty"
Package: multicol 2019/03/01 v1.8w multicolumn formatting (FMi)
\c@tracingmulticols=\count88
\mult@box=\box27
\multicol@leftmargin=\dimen106
\c@unbalance=\count89
\c@collectmore=\count90
\doublecol@number=\count91
\multicoltolerance=\count92
\multicolpretolerance=\count93
\full@width=\dimen107
\page@free=\dimen108
\premulticols=\dimen109
\postmulticols=\dimen110
\multicolsep=\skip43
\multicolbaselineskip=\skip44
\partial@page=\box28
\last@line=\box29
\maxbalancingoverflow=\dimen111
\mult@rightbox=\box30
\mult@grightbox=\box31
\mult@gfirstbox=\box32
\mult@firstbox=\box33
\@tempa=\box34
\@tempa=\box35
\@tempa=\box36
\@tempa=\box37
\@tempa=\box38
\@tempa=\box39
\@tempa=\box40
\@tempa=\box41
\@tempa=\box42
\@tempa=\box43
\@tempa=\box44
\@tempa=\box45
\@tempa=\box46
\@tempa=\box47
\@tempa=\box48
\@tempa=\box49
\@tempa=\box50
\c@minrows=\count94
\c@columnbadness=\count95
\c@finalcolumnbadness=\count96
\last@try=\dimen112
\multicolovershoot=\dimen113
\multicolundershoot=\dimen114
\mult@nat@firstbox=\box51
\colbreak@box=\box52
\mc@col@check@num=\count97
)
("C:\Program Files\MiKTeX 2.9\tex/latex/multirow\multirow.sty"
Package: multirow 2019/05/31 v2.5 Span multiple rows of a table
\multirow@colwidth=\skip45
\multirow@cntb=\count98
\multirow@dima=\skip46
\bigstrutjot=\dimen115
)
(C:\Users\wb164718\AppData\Roaming\MiKTeX\2.9\tex/latex/sttools\cuted.sty
Package: cuted 2012/10/04 v1.5 Mixing onecolumn and twocolumn modes
\At@ViperColsBreak=\toks16
\v@aaa=\box53
\v@ccc=\box54
\lastskip@a=\skip47
\lastskip@b=\skip48
\lastskip@d=\skip49
\lastbox@a=\box55
\stripsep=\skip50
\@viper=\box56
\viper@penalty=\count99
\hold@viper=\box57
\ht@viper=\dimen116
)
("C:\Program Files\MiKTeX 2.9\tex/generic/oberdiek\ifpdf.sty"
Package: ifpdf 2018/09/07 v3.3 Provides the ifpdf switch
)
(C:\Users\wb164718\AppData\Roaming\MiKTeX\2.9\tex/latex/url\url.sty
\Urlmuskip=\muskip10
Package: url 2013/09/16  ver 3.4  Verb mode for urls, etc.
)
(C:\Users\wb164718\AppData\Roaming\MiKTeX\2.9\tex/latex/changepage\changepage.s
ty
Package: changepage 2009/10/20 v1.0c check page and change page layout
\c@cp@cntr=\count100
\cp@tempcnt=\count101
) ("C:\Program Files\MiKTeX 2.9\tex/latex/tools\calc.sty"
Package: calc 2017/05/25 v4.3 Infix arithmetic (KKT,FJ)
\calc@Acount=\count102
\calc@Bcount=\count103
\calc@Adimen=\dimen117
\calc@Bdimen=\dimen118
\calc@Askip=\skip51
\calc@Bskip=\skip52
LaTeX Info: Redefining \setlength on input line 80.
LaTeX Info: Redefining \addtolength on input line 81.
\calc@Ccount=\count104
\calc@Cskip=\skip53
)
(C:\Users\wb164718\AppData\Roaming\MiKTeX\2.9\tex/latex/xcolor\xcolor.sty
Package: xcolor 2016/05/11 v2.12 LaTeX color extensions (UK)

("C:\Program Files\MiKTeX 2.9\tex/latex/graphics-cfg\color.cfg"
File: color.cfg 2016/01/02 v1.6 sample color configuration
)
Package xcolor Info: Driver file: pdftex.def on input line 225.
Package xcolor Info: Model `cmy' substituted by `cmy0' on input line 1348.
Package xcolor Info: Model `hsb' substituted by `rgb' on input line 1352.
Package xcolor Info: Model `RGB' extended on input line 1364.
Package xcolor Info: Model `HTML' substituted by `rgb' on input line 1366.
Package xcolor Info: Model `Hsb' substituted by `hsb' on input line 1367.
Package xcolor Info: Model `tHsb' substituted by `hsb' on input line 1368.
Package xcolor Info: Model `HSB' substituted by `hsb' on input line 1369.
Package xcolor Info: Model `Gray' substituted by `gray' on input line 1370.
Package xcolor Info: Model `wave' substituted by `hsb' on input line 1371.
)
("C:\Program Files\MiKTeX 2.9\tex/latex/float\float.sty"
Package: float 2001/11/08 v1.3d Float enhancements (AL)
\c@float@type=\count105
\float@exts=\toks17
\float@box=\box58
\@float@everytoks=\toks18
\@floatcapt=\box59
)
(C:\Users\wb164718\AppData\Roaming\MiKTeX\2.9\tex/latex/sttools\floatpag.sty
Package: floatpag 2012/05/29 v1.1 Different pagestyles on float pages
Package: floatpag 1999/04/29 FLOAT PAGESTYLE
)
(C:\Users\wb164718\AppData\Roaming\MiKTeX\2.9\tex/latex/dblfloatfix\dblfloatfix
.sty
Package: dblfloatfix 2012/12/31 v1.0a (JAW)
 ("C:\Program Files\MiKTeX 2.9\tex/latex/base\fixltx2e.sty"
Package: fixltx2e 2016/12/29 v2.1a fixes to LaTeX (obsolete)
Applying: [2015/01/01] Old fixltx2e package on input line 46.


Package fixltx2e Warning: fixltx2e is not required with releases after 2015
(fixltx2e)                All fixes are now in the LaTeX kernel.
(fixltx2e)                See the latexrelease package for details.

Already applied: [0000/00/00] Old fixltx2e package on input line 53.
)
\@dblbotnum=\count106
\c@dblbotnumber=\count107
) ("C:\Program Files\MiKTeX 2.9\tex/latex/graphics\rotating.sty"
Package: rotating 2016/08/11 v2.16d rotated objects in LaTeX

("C:\Program Files\MiKTeX 2.9\tex/latex/base\ifthen.sty"
Package: ifthen 2014/09/29 v1.1c Standard LaTeX ifthen package (DPC)
)
\c@r@tfl@t=\count108
\rotFPtop=\skip54
\rotFPbot=\skip55
\rot@float@box=\box60
\rot@mess@toks=\toks19
)
("C:\Program Files\MiKTeX 2.9\tex/latex/tools\longtable.sty"
Package: longtable 2019/02/06 v4.12 Multi-page Table package (DPC)
\LTleft=\skip56
\LTright=\skip57
\LTpre=\skip58
\LTpost=\skip59
\LTchunksize=\count109
\LTcapwidth=\dimen119
\LT@head=\box61
\LT@firsthead=\box62
\LT@foot=\box63
\LT@lastfoot=\box64
\LT@cols=\count110
\LT@rows=\count111
\c@LT@tables=\count112
\c@LT@chunks=\count113
\LT@p@ftn=\toks20
)
(C:\Users\wb164718\AppData\Roaming\MiKTeX\2.9\tex/latex/ulem\ulem.sty
\UL@box=\box65
\UL@hyphenbox=\box66
\UL@skip=\skip60
\UL@hook=\toks21
\UL@height=\dimen120
\UL@pe=\count114
\UL@pixel=\dimen121
\ULC@box=\box67
Package: ulem 2012/05/18
\ULdepth=\dimen122
)
("C:\Program Files\MiKTeX 2.9\tex/latex/tools\enumerate.sty"
Package: enumerate 2015/07/23 v3.00 enumerate extensions (DPC)
\@enLab=\toks22
)
(C:\Users\wb164718\AppData\Roaming\MiKTeX\2.9\tex/latex/soul\soul.sty
Package: soul 2003/11/17 v2.4 letterspacing/underlining (mf)
\SOUL@word=\toks23
\SOUL@lasttoken=\toks24
\SOUL@cmds=\toks25
\SOUL@buffer=\toks26
\SOUL@token=\toks27
\SOUL@spaceskip=\skip61
\SOUL@ttwidth=\dimen123
\SOUL@uldp=\dimen124
\SOUL@ulht=\dimen125
)
(C:\Users\wb164718\AppData\Roaming\MiKTeX\2.9\tex/latex/caption\caption.sty
Package: caption 2018/10/06 v3.3-154 Customizing captions (AR)

(C:\Users\wb164718\AppData\Roaming\MiKTeX\2.9\tex/latex/caption\caption3.sty
Package: caption3 2018/09/12 v1.8c caption3 kernel (AR)
Package caption3 Info: TeX engine: e-TeX on input line 64.
\captionmargin=\dimen126
\captionmargin@=\dimen127
\captionwidth=\dimen128
\caption@tempdima=\dimen129
\caption@indent=\dimen130
\caption@parindent=\dimen131
\caption@hangindent=\dimen132
)
\c@caption@flags=\count115
\c@ContinuedFloat=\count116
Package caption Info: float package is loaded.
Package caption Info: longtable package is loaded.

(C:\Users\wb164718\AppData\Roaming\MiKTeX\2.9\tex/latex/caption\ltcaption.sty
Package: ltcaption 2018/08/26 v1.4-95 longtable captions (AR)
)
Package caption Info: rotating package is loaded.
) ("C:\Program Files\MiKTeX 2.9\tex/latex/hyperref\hyperref.sty"
Package: hyperref 2019/09/28 v7.00a Hypertext links for LaTeX

("C:\Program Files\MiKTeX 2.9\tex/generic/oberdiek\hobsub-hyperref.sty"
Package: hobsub-hyperref 2016/05/16 v1.14 Bundle oberdiek, subset hyperref (HO)


("C:\Program Files\MiKTeX 2.9\tex/generic/oberdiek\hobsub-generic.sty"
Package: hobsub-generic 2016/05/16 v1.14 Bundle oberdiek, subset generic (HO)
Package: hobsub 2016/05/16 v1.14 Construct package bundles (HO)
Package: infwarerr 2016/05/16 v1.4 Providing info/warning/error messages (HO)
Package: ltxcmds 2016/05/16 v1.23 LaTeX kernel commands for general use (HO)
Package: ifluatex 2016/05/16 v1.4 Provides the ifluatex switch (HO)
Package ifluatex Info: LuaTeX not detected.
Package: ifvtex 2016/05/16 v1.6 Detect VTeX and its facilities (HO)
Package ifvtex Info: VTeX not detected.
Package: intcalc 2016/05/16 v1.2 Expandable calculations with integers (HO)
Package hobsub Info: Skipping package `ifpdf' (already loaded).
Package: etexcmds 2016/05/16 v1.6 Avoid name clashes with e-TeX commands (HO)
Package: kvsetkeys 2016/05/16 v1.17 Key value parser (HO)
Package: kvdefinekeys 2016/05/16 v1.4 Define keys (HO)
Package: pdftexcmds 2019/07/25 v0.30 Utility functions of pdfTeX for LuaTeX (HO
)
Package pdftexcmds Info: LuaTeX not detected.
Package pdftexcmds Info: \pdf@primitive is available.
Package pdftexcmds Info: \pdf@ifprimitive is available.
Package pdftexcmds Info: \pdfdraftmode found.
Package: pdfescape 2016/05/16 v1.14 Implements pdfTeX's escape features (HO)
Package: bigintcalc 2016/05/16 v1.4 Expandable calculations on big integers (HO
)
Package: bitset 2016/05/16 v1.2 Handle bit-vector datatype (HO)
Package: uniquecounter 2016/05/16 v1.3 Provide unlimited unique counter (HO)
)
Package hobsub Info: Skipping package `hobsub' (already loaded).
Package: letltxmacro 2016/05/16 v1.5 Let assignment for LaTeX macros (HO)
Package: hopatch 2016/05/16 v1.3 Wrapper for package hooks (HO)
Package: xcolor-patch 2016/05/16 xcolor patch
Package: atveryend 2016/05/16 v1.9 Hooks at the very end of document (HO)
Package atveryend Info: \enddocument detected (standard20110627).
Package: atbegshi 2016/06/09 v1.18 At begin shipout hook (HO)
Package: refcount 2016/05/16 v3.5 Data extraction from label references (HO)
Package: hycolor 2016/05/16 v1.8 Color options for hyperref/bookmark (HO)
)
("C:\Program Files\MiKTeX 2.9\tex/generic/ifxetex\ifxetex.sty"
Package: ifxetex 2010/09/12 v0.6 Provides ifxetex conditional
)
("C:\Program Files\MiKTeX 2.9\tex/latex/oberdiek\auxhook.sty"
Package: auxhook 2016/05/16 v1.4 Hooks for auxiliary files (HO)
)
("C:\Program Files\MiKTeX 2.9\tex/latex/oberdiek\kvoptions.sty"
Package: kvoptions 2016/05/16 v3.12 Key value format for package options (HO)
)
\@linkdim=\dimen133
\Hy@linkcounter=\count117
\Hy@pagecounter=\count118

("C:\Program Files\MiKTeX 2.9\tex/latex/hyperref\pd1enc.def"
File: pd1enc.def 2019/09/28 v7.00a Hyperref: PDFDocEncoding definition (HO)
Now handling font encoding PD1 ...
... no UTF-8 mapping file for font encoding PD1
)
\Hy@SavedSpaceFactor=\count119

("C:\Program Files\MiKTeX 2.9\tex/latex/00miktex\hyperref.cfg"
File: hyperref.cfg 2002/06/06 v1.2 hyperref configuration of TeXLive
)
Package hyperref Info: Hyper figures OFF on input line 4540.
Package hyperref Info: Link nesting OFF on input line 4545.
Package hyperref Info: Hyper index ON on input line 4548.
Package hyperref Info: Plain pages OFF on input line 4555.
Package hyperref Info: Backreferencing OFF on input line 4560.
Package hyperref Info: Implicit mode ON; LaTeX internals redefined.
Package hyperref Info: Bookmarks ON on input line 4793.
\c@Hy@tempcnt=\count120
LaTeX Info: Redefining \url on input line 5152.
\XeTeXLinkMargin=\dimen134
\Fld@menulength=\count121
\Field@Width=\dimen135
\Fld@charsize=\dimen136
Package hyperref Info: Hyper figures OFF on input line 6423.
Package hyperref Info: Link nesting OFF on input line 6428.
Package hyperref Info: Hyper index ON on input line 6431.
Package hyperref Info: backreferencing OFF on input line 6438.
Package hyperref Info: Link coloring OFF on input line 6443.
Package hyperref Info: Link coloring with OCG OFF on input line 6448.
Package hyperref Info: PDF/A mode OFF on input line 6453.
LaTeX Info: Redefining \ref on input line 6493.
LaTeX Info: Redefining \pageref on input line 6497.
\Hy@abspage=\count122
\c@Item=\count123
\c@Hfootnote=\count124
)
Package hyperref Info: Driver (autodetected): hpdftex.

("C:\Program Files\MiKTeX 2.9\tex/latex/hyperref\hpdftex.def"
File: hpdftex.def 2019/09/28 v7.00a Hyperref driver for pdfTeX
\Fld@listcount=\count125
\c@bookmark@seq@number=\count126

("C:\Program Files\MiKTeX 2.9\tex/latex/oberdiek\rerunfilecheck.sty"
Package: rerunfilecheck 2016/05/16 v1.8 Rerun checks for auxiliary files (HO)
Package uniquecounter Info: New unique counter `rerunfilecheck' on input line 2
82.
)
\Hy@SectionHShift=\skip62
)
Package hyperref Info: Option `bookmarksopen' set `true' on input line 271.

("C:\Program Files\MiKTeX 2.9\tex/latex/oberdiek\bookmark.sty"
Package: bookmark 2019/06/04 v1.27 PDF bookmarks (HO)

("C:\Program Files\MiKTeX 2.9\tex/latex/oberdiek\bkm-pdftex.def"
File: bkm-pdftex.def 2019/06/04 v1.27 bookmark driver for pdfTeX (HO)
\BKM@id=\count127
))
("C:\Program Files\MiKTeX 2.9\tex/latex/oberdiek\twoopt.sty"
Package: twoopt 2016/05/16 v1.6 Definitions with two optional arguments (HO)
)
(C:\Users\wb164718\AppData\Roaming\MiKTeX\2.9\tex/latex/footmisc\footmisc.sty
Package: footmisc 2011/06/06 v5.5b a miscellany of footnote facilities
\FN@temptoken=\toks28
\footnotemargin=\dimen137
\c@pp@next@reset=\count128
Package footmisc Info: Declaring symbol style bringhurst on input line 855.
Package footmisc Info: Declaring symbol style chicago on input line 863.
Package footmisc Info: Declaring symbol style wiley on input line 872.
Package footmisc Info: Declaring symbol style lamport-robust on input line 883.

Package footmisc Info: Declaring symbol style lamport* on input line 903.
Package footmisc Info: Declaring symbol style lamport*-robust on input line 924
.
)
("C:\Program Files\MiKTeX 2.9\tex/latex/tools\tabularx.sty"
Package: tabularx 2016/02/03 v2.11b `tabularx' package (DPC)

("C:\Program Files\MiKTeX 2.9\tex/latex/tools\array.sty"
Package: array 2019/08/31 v2.4l Tabular extension package (FMi)
\col@sep=\dimen138
\ar@mcellbox=\box68
\extrarowheight=\dimen139
\NC@list=\toks29
\extratabsurround=\skip63
\backup@length=\skip64
\ar@cellbox=\box69
)
\TX@col@width=\dimen140
\TX@old@table=\dimen141
\TX@old@col=\dimen142
\TX@target=\dimen143
\TX@delta=\dimen144
\TX@cols=\count129
\TX@ftn=\toks30
)
\tfboxrule=\dimen145
\bfboxrule=\dimen146
\BXRuleThickness=\dimen147
\BXleftrightskipdimen=\dimen148
\BXhsize=\dimen149
\FreePageSpace=\dimen150
\ovsize=\dimen151
\adjustskip=\skip65
\BXbox=\box70
\xxptspaceamount=\skip66
\BXboxoutbnewskip=\skip67
\BXdim=\dimen152
\BXgraybox=\box71

(C:\Users\wb164718\AppData\Roaming\MiKTeX\2.9\tex/latex/varwidth\varwidth.sty
Package: varwidth 2009/03/30 ver 0.92;  Variable-width minipages
\@vwid@box=\box72
\sift@deathcycles=\count130
\@vwid@loff=\dimen153
\@vwid@roff=\dimen154
)
("C:\Program Files\MiKTeX 2.9\tex/latex/tools\dcolumn.sty"
Package: dcolumn 2014/10/28 v1.06 decimal alignment package (DPC)
)
(C:\Users\wb164718\AppData\Roaming\MiKTeX\2.9\tex/latex/stix\stix.sty
Package: stix 2018/04/17 v1.1.3-latex STIX fonts support package
Now handling font encoding LS1 ...
... no UTF-8 mapping file for font encoding LS1
Now handling font encoding LS2 ...
... no UTF-8 mapping file for font encoding LS2
LaTeX Font Info:    Redeclaring symbol font `letters' on input line 76.
LaTeX Font Info:    Encoding `OML' has changed to `LS1' for symbol font
(Font)              `letters' in the math version `normal' on input line 76.
LaTeX Font Info:    Overwriting symbol font `letters' in version `normal'
(Font)                  OML/cmm/m/it --> LS1/stix/m/it on input line 76.
LaTeX Font Info:    Encoding `OML' has changed to `LS1' for symbol font
(Font)              `letters' in the math version `bold' on input line 76.
LaTeX Font Info:    Overwriting symbol font `letters' in version `bold'
(Font)                  OML/cmm/b/it --> LS1/stix/m/it on input line 76.
LaTeX Font Info:    Redeclaring symbol font `operators' on input line 77.
LaTeX Font Info:    Encoding `OT1' has changed to `LS1' for symbol font
(Font)              `operators' in the math version `normal' on input line 77.
LaTeX Font Info:    Overwriting symbol font `operators' in version `normal'
(Font)                  OT1/cmr/m/n --> LS1/stix/m/n on input line 77.
LaTeX Font Info:    Encoding `OT1' has changed to `LS1' for symbol font
(Font)              `operators' in the math version `bold' on input line 77.
LaTeX Font Info:    Overwriting symbol font `operators' in version `bold'
(Font)                  OT1/cmr/bx/n --> LS1/stix/m/n on input line 77.
\symbold-operators=\mathgroup4
LaTeX Font Info:    Redeclaring symbol font `symbols' on input line 79.
LaTeX Font Info:    Encoding `OMS' has changed to `LS1' for symbol font
(Font)              `symbols' in the math version `normal' on input line 79.
LaTeX Font Info:    Overwriting symbol font `symbols' in version `normal'
(Font)                  OMS/cmsy/m/n --> LS1/stixscr/m/n on input line 79.
LaTeX Font Info:    Encoding `OMS' has changed to `LS1' for symbol font
(Font)              `symbols' in the math version `bold' on input line 79.
LaTeX Font Info:    Overwriting symbol font `symbols' in version `bold'
(Font)                  OMS/cmsy/b/n --> LS1/stixscr/m/n on input line 79.
\symsymbols2=\mathgroup5
\symsymbols3=\mathgroup6
\symsymbols4=\mathgroup7
\symintegrals=\mathgroup8
LaTeX Font Info:    Redeclaring symbol font `largesymbols' on input line 84.
LaTeX Font Info:    Encoding `OMX' has changed to `LS2' for symbol font
(Font)              `largesymbols' in the math version `normal' on input line 8
4.
LaTeX Font Info:    Overwriting symbol font `largesymbols' in version `normal'
(Font)                  OMX/cmex/m/n --> LS2/stixex/m/n on input line 84.
LaTeX Font Info:    Encoding `OMX' has changed to `LS2' for symbol font
(Font)              `largesymbols' in the math version `bold' on input line 84.

LaTeX Font Info:    Overwriting symbol font `largesymbols' in version `bold'
(Font)                  OMX/cmex/m/n --> LS2/stixex/m/n on input line 84.
\symarrows1=\mathgroup9
\symarrows2=\mathgroup10
\symarrows3=\mathgroup11
LaTeX Font Info:    Overwriting symbol font `letters' in version `bold'
(Font)                  LS1/stix/m/it --> LS1/stix/b/it on input line 88.
LaTeX Font Info:    Overwriting symbol font `operators' in version `bold'
(Font)                  LS1/stix/m/n --> LS1/stix/b/n on input line 89.
LaTeX Font Info:    Overwriting symbol font `symbols' in version `bold'
(Font)                  LS1/stixscr/m/n --> LS1/stixscr/b/n on input line 90.
LaTeX Font Info:    Overwriting symbol font `symbols2' in version `bold'
(Font)                  LS1/stixfrak/m/n --> LS1/stixfrak/b/n on input line 91.

LaTeX Font Info:    Overwriting symbol font `symbols3' in version `bold'
(Font)                  LS1/stixbb/m/n --> LS1/stixbb/b/n on input line 92.
LaTeX Font Info:    Overwriting symbol font `symbols4' in version `bold'
(Font)                  LS1/stixbb/m/it --> LS1/stixbb/b/it on input line 93.
LaTeX Font Info:    Overwriting symbol font `integrals' in version `bold'
(Font)                  LS2/stixcal/m/n --> LS2/stixcal/b/n on input line 94.
LaTeX Font Info:    Overwriting symbol font `largesymbols' in version `bold'
(Font)                  LS2/stixex/m/n --> LS2/stixex/b/n on input line 95.
LaTeX Font Info:    Overwriting symbol font `arrows1' in version `bold'
(Font)                  LS1/stixsf/m/n --> LS1/stixsf/b/n on input line 96.
LaTeX Font Info:    Overwriting symbol font `arrows2' in version `bold'
(Font)                  LS1/stixsf/m/it --> LS1/stixsf/b/it on input line 97.
LaTeX Font Info:    Overwriting symbol font `arrows3' in version `bold'
(Font)                  LS2/stixtt/m/n --> LS2/stixtt/b/n on input line 98.
LaTeX Font Info:    Redeclaring math alphabet \mathit on input line 99.
LaTeX Font Info:    Redeclaring math alphabet \mathsf on input line 106.
LaTeX Font Info:    Redeclaring math alphabet \mathtt on input line 108.
LaTeX Font Info:    Redeclaring math alphabet \mathbf on input line 109.
LaTeX Font Info:    Redeclaring math symbol \hbar on input line 227.
LaTeX Font Info:    Redeclaring math delimiter \lfloor on input line 271.
LaTeX Font Info:    Redeclaring math delimiter \rfloor on input line 272.
LaTeX Font Info:    Redeclaring math delimiter \lceil on input line 273.
LaTeX Font Info:    Redeclaring math delimiter \rceil on input line 274.
LaTeX Font Info:    Redeclaring math delimiter \lmoustache on input line 275.
LaTeX Font Info:    Redeclaring math delimiter \rmoustache on input line 276.
LaTeX Font Info:    Redeclaring math delimiter \lbrace on input line 277.
LaTeX Font Info:    Redeclaring math delimiter \rbrace on input line 278.
LaTeX Font Info:    Redeclaring math delimiter \langle on input line 281.
LaTeX Font Info:    Redeclaring math delimiter \rangle on input line 282.
LaTeX Font Info:    Redeclaring math delimiter \backslash on input line 292.
LaTeX Font Info:    Redeclaring math delimiter \lgroup on input line 294.
LaTeX Font Info:    Redeclaring math delimiter \rgroup on input line 295.
LaTeX Font Info:    Redeclaring math delimiter \bracevert on input line 296.
LaTeX Font Info:    Redeclaring math delimiter \vert on input line 298.
LaTeX Font Info:    Redeclaring math delimiter \Vert on input line 299.
LaTeX Font Info:    Redeclaring math delimiter \uparrow on input line 308.
LaTeX Font Info:    Redeclaring math delimiter \downarrow on input line 309.
LaTeX Font Info:    Redeclaring math delimiter \updownarrow on input line 310.
LaTeX Font Info:    Redeclaring math delimiter \Uparrow on input line 311.
LaTeX Font Info:    Redeclaring math delimiter \Downarrow on input line 312.
LaTeX Font Info:    Redeclaring math delimiter \Updownarrow on input line 313.
LaTeX Font Info:    Redeclaring math delimiter \arrowvert on input line 318.
LaTeX Font Info:    Redeclaring math delimiter \Arrowvert on input line 319.
LaTeX Font Info:    Redeclaring math accent \grave on input line 698.
LaTeX Font Info:    Redeclaring math accent \acute on input line 699.
LaTeX Font Info:    Redeclaring math accent \hat on input line 700.
LaTeX Font Info:    Redeclaring math accent \tilde on input line 701.
LaTeX Font Info:    Redeclaring math accent \bar on input line 702.
LaTeX Font Info:    Redeclaring math accent \breve on input line 703.
LaTeX Font Info:    Redeclaring math accent \dot on input line 704.
LaTeX Font Info:    Redeclaring math accent \ddot on input line 705.
LaTeX Font Info:    Redeclaring math accent \mathring on input line 707.
LaTeX Font Info:    Redeclaring math accent \check on input line 708.
LaTeX Font Info:    Redeclaring math accent \vec on input line 716.
LaTeX Font Info:    Redeclaring math accent \widehat on input line 728.
LaTeX Font Info:    Redeclaring math accent \widetilde on input line 729.
LaTeX Info: Redefining \vdots on input line 1518.
LaTeX Info: Redefining \cdots on input line 1522.
LaTeX Font Info:    Redeclaring math symbol \mathsterling on input line 1978.
LaTeX Info: Redefining \not on input line 2144.
)
("C:\Program Files\MiKTeX 2.9\tex/latex/base\fontenc.sty"
Package: fontenc 2018/08/11 v2.0j Standard LaTeX package

("C:\Program Files\MiKTeX 2.9\tex/latex/base\t1enc.def"
File: t1enc.def 2018/08/11 v2.0j Standard LaTeX file
LaTeX Font Info:    Redeclaring font encoding T1 on input line 48.
))
\trimwidth=\skip68
\trimheight=\skip69
\typewidth=\skip70
\typeheight=\skip71
\normaltextheight=\skip72
\blindfoliodrop=\skip73
\figheight=\skip74
\figwidth=\skip75
\tabledim=\skip76
\columnhsizevalue=\dimen155
\abs@coli@hsize=\skip77
\abs@colii@hsize=\skip78

("C:\Program Files\MiKTeX 2.9\tex/latex/geometry\geometry.sty"
Package: geometry 2018/04/16 v5.8 Page Geometry
\Gm@cnth=\count131
\Gm@cntv=\count132
\c@Gm@tempcnt=\count133
\Gm@bindingoffset=\dimen156
\Gm@wd@mp=\dimen157
\Gm@odd@mp=\dimen158
\Gm@even@mp=\dimen159
\Gm@layoutwidth=\dimen160
\Gm@layoutheight=\dimen161
\Gm@layouthoffset=\dimen162
\Gm@layoutvoffset=\dimen163
\Gm@dimlist=\toks31

("C:\Program Files\MiKTeX 2.9\tex/latex/geometry\geometry.cfg"))
\parindentvalue=\dimen164
\pageheight=\dimen165
\rulecount=\count134
\leftcolrulepos=\dimen166
\rightcolrulepos=\dimen167

(C:\Users\wb164718\AppData\Roaming\MiKTeX\2.9\tex/latex/eso-pic\showframe.sty
Package: showframe 2011/02/24 v0.1i showframe (new impl., RN)

(C:\Users\wb164718\AppData\Roaming\MiKTeX\2.9\tex/latex/eso-pic\eso-pic.sty
Package: eso-pic 2018/04/12 v2.0h eso-pic (RN)
))
\artopleftskipdim=\dimen168
\@xmlpage=\write3
\c@spagecounter=\count135
\c@lpagecounter=\count136
LaTeX Info: Redefining \rm on input line 1294.
LaTeX Info: Redefining \sf on input line 1295.
LaTeX Info: Redefining \tt on input line 1296.
LaTeX Info: Redefining \bf on input line 1297.
LaTeX Info: Redefining \it on input line 1298.
LaTeX Info: Redefining \sl on input line 1299.
LaTeX Info: Redefining \sc on input line 1300.
LaTeX Info: Redefining \cal on input line 1301.
LaTeX Info: Redefining \mit on input line 1302.
\aucount=\count137
\corrauthcount=\count138
\authfncnt=\count139
\authfnTmpCnt=\count140
\aufootnotemark=\box73
\authmarkbox=\box74
\c@affn=\count141
\addcount=\count142
\emailcount=\count143
\punctcount=\count144
\foot@titlepage@raise@skip=\skip79
\lastauthorcnt=\count145
\fundinginfocount=\count146
\commafundinginfocount=\count147
\fundinginfotempcount=\count148
\tempfundinginfocount=\count149
\JELinfocount=\count150
\commaJELinfocount=\count151
\JELinfotempcount=\count152
\tempJELinfocount=\count153
\htftbox=\box75
\ovsize=\dimen169
\oovsize=\dimen170
\FreePageSpace=\dimen171
\FreePageSpaceTest=\dimen172
\fadjskip=\skip80
\adjustskip=\skip81
\titleskip=\skip82
\abs@boxa=\box76
\abs@boxb=\box77
\abs@boxc=\box78
\abs@dima=\dimen173
\abs@dimb=\dimen174
\abs@dimc=\dimen175
\adjtitleskip=\skip83
\c@chapter=\count154
\secruleskip=\skip84
\rhverticalsep=\skip85

(NJDnatbib.sty
Package: NJDnatbib 2010/09/13 8.31b (PWD, AO)
\bibhang=\skip86
\bibsep=\skip87
LaTeX Info: Redefining \cite on input line 700.
\c@NAT@ctr=\count155
)
\c@scheme=\count156

(C:\Users\wb164718\AppData\Roaming\MiKTeX\2.9\tex/latex/booktabs\booktabs.sty
Package: booktabs 2005/04/14 v1.61803 publication quality tables
\heavyrulewidth=\dimen176
\lightrulewidth=\dimen177
\cmidrulewidth=\dimen178
\belowrulesep=\dimen179
\belowbottomsep=\dimen180
\aboverulesep=\dimen181
\abovetopsep=\dimen182
\cmidrulesep=\dimen183
\cmidrulekern=\dimen184
\defaultaddspace=\dimen185
\@cmidla=\count157
\@cmidlb=\count158
\@aboverulesep=\dimen186
\@belowrulesep=\dimen187
\@thisruleclass=\count159
\@lastruleclass=\count160
\@thisrulewidth=\dimen188
)
("C:\Program Files\MiKTeX 2.9\tex/latex/amsmath\amsmath.sty"
Package: amsmath 2019/04/01 v2.17c AMS math features
\@mathmargin=\skip88

For additional information on amsmath, use the `?' option.
("C:\Program Files\MiKTeX 2.9\tex/latex/amsmath\amstext.sty"
Package: amstext 2000/06/29 v2.01 AMS text

("C:\Program Files\MiKTeX 2.9\tex/latex/amsmath\amsgen.sty"
File: amsgen.sty 1999/11/30 v2.0 generic functions
\@emptytoks=\toks32
\ex@=\dimen189
))
("C:\Program Files\MiKTeX 2.9\tex/latex/amsmath\amsbsy.sty"
Package: amsbsy 1999/11/29 v1.2d Bold Symbols
\pmbraise@=\dimen190
)
("C:\Program Files\MiKTeX 2.9\tex/latex/amsmath\amsopn.sty"
Package: amsopn 2016/03/08 v2.02 operator names
)
\inf@bad=\count161
LaTeX Info: Redefining \frac on input line 227.
\uproot@=\count162
\leftroot@=\count163
LaTeX Info: Redefining \overline on input line 389.
\classnum@=\count164
\DOTSCASE@=\count165
LaTeX Info: Redefining \ldots on input line 486.
LaTeX Info: Redefining \dots on input line 489.
\Mathstrutbox@=\box79
\strutbox@=\box80
\big@size=\dimen191
LaTeX Font Info:    Redeclaring font encoding OML on input line 733.
LaTeX Font Info:    Redeclaring font encoding OMS on input line 734.
\macc@depth=\count166
\c@MaxMatrixCols=\count167
\dotsspace@=\muskip11
\c@parentequation=\count168
\dspbrk@lvl=\count169
\tag@help=\toks33
\row@=\count170
\column@=\count171
\maxfields@=\count172
\andhelp@=\toks34
\eqnshift@=\dimen192
\alignsep@=\dimen193
\tagshift@=\dimen194
\tagwidth@=\dimen195
\totwidth@=\dimen196
\lineht@=\dimen197
\@envbody=\toks35
\multlinegap=\skip89
\multlinetaggap=\skip90
\mathdisplay@stack=\toks36
LaTeX Info: Redefining \[ on input line 2855.
LaTeX Info: Redefining \] on input line 2856.
)
("C:\Program Files\MiKTeX 2.9\tex/latex/amscls\amsthm.sty"
Package: amsthm 2017/10/31 v2.20.4
\thm@style=\toks37
\thm@bodyfont=\toks38
\thm@headfont=\toks39
\thm@notefont=\toks40
\thm@headpunct=\toks41
\thm@preskip=\skip91
\thm@postskip=\skip92
\thm@headsep=\skip93
\dth@everypar=\toks42
)
\c@theorem=\count173
\c@construction=\count174
\c@estimate=\count175
\c@lemma=\count176
\c@corollary=\count177
\c@result=\count178
\c@algth=\count179
\c@proposition=\count180
\c@hypothesis=\count181
\c@experiment=\count182
\c@LWrule=\count183
\c@procedure=\count184
\c@assertion=\count185
\c@axiom=\count186
\c@conjecture=\count187
\c@criterion=\count188
\c@reduction=\count189
\c@sublemma=\count190
\c@case=\count191
\c@remark=\count192
\c@notation=\count193
\c@answer=\count194
\c@base=\count195
\c@claim=\count196
\c@ccomment=\count197
\c@subproof=\count198
\c@conclusion=\count199
\c@observation=\count266
\c@subcase=\count267
\c@step=\count268
\c@summary=\count269
\c@definition=\count270
\c@condition=\count271
\c@property=\count272
\c@problem=\count273
\c@fact=\count274
\c@assumption=\count275
\c@eexample=\count276
\c@model=\count277
\c@affirmation=\count278
\c@application=\count279
\c@convention=\count280
\c@discussion=\count281
\c@exercise=\count282
\c@question=\count283
\c@scholium=\count284
\c@terminology=\count285
\c@printcitcnt=\count286
\c@@pps=\count287
\c@@ppsavesec=\count288
\c@@ppsaveapp=\count289

(C:\Users\wb164718\AppData\Roaming\MiKTeX\2.9\tex/latex/algorithms\algorithm.st
y
Package: algorithm 2009/08/24 v0.1 Document Style `algorithm' - floating enviro
nment
\@float@every@algorithm=\toks43
\c@algorithm=\count290
)
(C:\Users\wb164718\AppData\Roaming\MiKTeX\2.9\tex/latex/algorithmicx\algorithmi
cx.sty
Package: algorithmicx 2005/04/27 v1.2 Algorithmicx

Document Style algorithmicx 1.2 - a greatly improved `algorithmic' style
\c@ALG@line=\count291
\c@ALG@rem=\count292
\c@ALG@nested=\count293
\ALG@tlm=\skip94
\ALG@thistlm=\skip95
\c@ALG@Lnr=\count294
\c@ALG@blocknr=\count295
\c@ALG@storecount=\count296
\c@ALG@tmpcounter=\count297
\ALG@tmplength=\skip96
)
(C:\Users\wb164718\AppData\Roaming\MiKTeX\2.9\tex/latex/algorithmicx\algpseudoc
ode.sty
Package: algpseudocode 

Document Style - pseudocode environments for use with the `algorithmicx' style
) (C:\Users\wb164718\AppData\Roaming\MiKTeX\2.9\tex/latex/listings\listings.sty
\lst@mode=\count298
\lst@gtempboxa=\box81
\lst@token=\toks44
\lst@length=\count299
\lst@currlwidth=\dimen198
\lst@column=\count300
\lst@pos=\count301
\lst@lostspace=\dimen199
\lst@width=\dimen256
\lst@newlines=\count302
\lst@lineno=\count303
\lst@maxwidth=\dimen257
(C:\Users\wb164718\AppData\Roaming\MiKTeX\2.9\tex/latex/listings\lstmisc.sty
File: lstmisc.sty 2019/02/27 1.8b (Carsten Heinz)
\c@lstnumber=\count304
\lst@skipnumbers=\count305
\lst@framebox=\box82
)
(C:\Users\wb164718\AppData\Roaming\MiKTeX\2.9\tex/latex/listings\listings.cfg
File: listings.cfg 2019/02/27 1.8b listings configuration
))
Package: listings 2019/02/27 1.8b (Carsten Heinz)
("C:\Program Files\MiKTeX 2.9\tex/latex/base\alltt.sty"
Package: alltt 1997/06/16 v2.0g defines alltt environment
)
\jnlcitationbox=\box83
\jnlcithsize=\dimen258

(C:\Users\wb164718\AppData\Roaming\MiKTeX\2.9\tex/latex/wrapfig\wrapfig.sty
\wrapoverhang=\dimen259
\WF@size=\dimen260
\c@WF@wrappedlines=\count306
\WF@box=\box84
\WF@everypar=\toks45
Package: wrapfig 2003/01/31  v 3.6
)
\wraplines=\count307
\@authorfigbox=\box85
\@authorfigboxdim=\skip97
\biofigadjskip=\skip98
)

LaTeX Warning: Unused global option(s):
    [AMA,STIX1COL].

(wileyNJD-AMA.aux)
\openout1 = `wileyNJD-AMA.aux'.

LaTeX Font Info:    Checking defaults for OML/cmm/m/it on input line 11.
LaTeX Font Info:    ... okay on input line 11.
LaTeX Font Info:    Checking defaults for T1/cmr/m/n on input line 11.
LaTeX Font Info:    ... okay on input line 11.
LaTeX Font Info:    Checking defaults for OT1/cmr/m/n on input line 11.
LaTeX Font Info:    ... okay on input line 11.
LaTeX Font Info:    Checking defaults for OMS/cmsy/m/n on input line 11.
LaTeX Font Info:    ... okay on input line 11.
LaTeX Font Info:    Checking defaults for OMX/cmex/m/n on input line 11.
LaTeX Font Info:    ... okay on input line 11.
LaTeX Font Info:    Checking defaults for U/cmr/m/n on input line 11.
LaTeX Font Info:    ... okay on input line 11.
LaTeX Font Info:    Checking defaults for PD1/pdf/m/n on input line 11.
LaTeX Font Info:    ... okay on input line 11.
LaTeX Font Info:    Checking defaults for LS1/stix/m/n on input line 11.
LaTeX Font Info:    Trying to load font information for LS1+stix on input line 
11.

(C:\Users\wb164718\AppData\Roaming\MiKTeX\2.9\tex/latex/stix\ls1stix.fd
File: ls1stix.fd 2015/04/17 v1.1.2-latex STIX LS1 font definitions
)
LaTeX Font Info:    ... okay on input line 11.
LaTeX Font Info:    Checking defaults for LS2/stix/m/n on input line 11.
LaTeX Font Info:    Trying to load font information for LS2+stix on input line 
11.

(C:\Users\wb164718\AppData\Roaming\MiKTeX\2.9\tex/latex/stix\ls2stix.fd
File: ls2stix.fd 2015/04/17 v1.1.2-latex STIX LS2 font definitions
)
LaTeX Font Info:    ... okay on input line 11.
LaTeX Font Info:    Trying to load font information for T1+stix on input line 1
1.

(C:\Users\wb164718\AppData\Roaming\MiKTeX\2.9\tex/latex/stix\t1stix.fd
File: t1stix.fd 2015/04/17 v1.1.2-latex STIX T1 font definitions
)
(C:\Users\wb164718\AppData\Roaming\MiKTeX\2.9\tex/context/base/mkii\supp-pdf.mk
ii
[Loading MPS to PDF converter (version 2006.09.02).]
\scratchcounter=\count308
\scratchdimen=\dimen261
\scratchbox=\box86
\nofMPsegments=\count309
\nofMParguments=\count310
\everyMPshowfont=\toks46
\MPscratchCnt=\count311
\MPscratchDim=\dimen262
\MPnumerator=\count312
\makeMPintoPDFobject=\count313
\everyMPtoPDFconversion=\toks47
) ("C:\Program Files\MiKTeX 2.9\tex/latex/oberdiek\epstopdf-base.sty"
Package: epstopdf-base 2016/05/15 v2.6 Base part for package epstopdf

("C:\Program Files\MiKTeX 2.9\tex/latex/oberdiek\grfext.sty"
Package: grfext 2016/05/16 v1.2 Manage graphics extensions (HO)
)
Package epstopdf-base Info: Redefining graphics rule for `.eps' on input line 4
38.
Package grfext Info: Graphics extension search list:
(grfext)             [.pdf,.png,.jpg,.mps,.jpeg,.jbig2,.jb2,.PDF,.PNG,.JPG,.JPE
G,.JBIG2,.JB2,.eps]
(grfext)             \AppendGraphicsExtensions on input line 456.
)
Package caption Info: Begin \AtBeginDocument code.
Package caption Info: hyperref package is loaded.
Package caption Info: listings package is loaded.
Package caption Info: wrapfig package is loaded.
Package caption Info: End \AtBeginDocument code.
\AtBeginShipoutBox=\box87
Package hyperref Info: Link coloring OFF on input line 11.

("C:\Program Files\MiKTeX 2.9\tex/latex/hyperref\nameref.sty"
Package: nameref 2019/09/16 v2.46 Cross-referencing by name of section

("C:\Program Files\MiKTeX 2.9\tex/generic/oberdiek\gettitlestring.sty"
Package: gettitlestring 2016/05/16 v1.5 Cleanup title references (HO)
)
\c@section@level=\count314
)
LaTeX Info: Redefining \ref on input line 11.
LaTeX Info: Redefining \pageref on input line 11.
LaTeX Info: Redefining \nameref on input line 11.

*geometry* driver: auto-detecting
*geometry* detected driver: pdftex
*geometry* verbose mode - [ preamble ] result:
* driver: pdftex
* paper: custom
* layout: <same size as paper>
* layoutoffset:(h,v)=(0.0pt,0.0pt)
* hratio: 1:1
* vratio: 1:1
* modes: twoside 
* h-part:(L,W,R)=(45.0pt, 507.50787pt, 45.0pt)
* v-part:(T,H,B)=(57.5pt, 668.79605pt, 59.0pt)
* \paperwidth=597.50787pt
* \paperheight=785.29605pt
* \textwidth=507.50787pt
* \textheight=668.79605pt
* \oddsidemargin=-27.26999pt
* \evensidemargin=-27.26999pt
* \topmargin=-46.76999pt
* \headheight=21.0pt
* \headsep=11.0pt
* \topskip=6.0pt
* \footskip=48.5pt
* \marginparwidth=0.0pt
* \marginparsep=0.0pt
* \columnsep=0.0pt
* \skip\footins=18.0pt plus 2.0pt minus 2.0pt
* \hoffset=0.0pt
* \voffset=0.0pt
* \mag=1000
* \@twocolumnfalse
* \@twosidetrue
* \@mparswitchtrue
* \@reversemarginfalse
* (1in=72.27pt=25.4mm, 1cm=28.453pt)

\c@lstlisting=\count315
LaTeX Font Info:    Font shape `T1/stix/bx/n' in size <9> not available
(Font)              Font shape `T1/stix/b/n' tried instead on input line 50.
LaTeX Font Info:    Font shape `T1/stix/bx/n' in size <18> not available
(Font)              Font shape `T1/stix/b/n' tried instead on input line 50.
LaTeX Font Info:    Trying to load font information for LS1+stixscr on input li
ne 50.
(C:\Users\wb164718\AppData\Roaming\MiKTeX\2.9\tex/latex/stix\ls1stixscr.fd
File: ls1stixscr.fd 2015/04/17 v1.1.2-latex STIX script LS1 font definitions
)
LaTeX Font Info:    Trying to load font information for LS2+stixex on input lin
e 50.

(C:\Users\wb164718\AppData\Roaming\MiKTeX\2.9\tex/latex/stix\ls2stixex.fd
File: ls2stixex.fd 2015/04/17 v1.1.2-latex STIX extentions LS2 font definitions

)
LaTeX Font Info:    Trying to load font information for LS1+stixfrak on input l
ine 50.

(C:\Users\wb164718\AppData\Roaming\MiKTeX\2.9\tex/latex/stix\ls1stixfrak.fd
File: ls1stixfrak.fd 2015/04/17 v1.1.2-latex STIX fraktur LS1 font definitions
)
LaTeX Font Info:    Trying to load font information for LS1+stixbb on input lin
e 50.

(C:\Users\wb164718\AppData\Roaming\MiKTeX\2.9\tex/latex/stix\ls1stixbb.fd
File: ls1stixbb.fd 2015/04/17 v1.1.2-latex STIX blackboard LS1 font definitions

)
LaTeX Font Info:    Trying to load font information for LS2+stixcal on input li
ne 50.

(C:\Users\wb164718\AppData\Roaming\MiKTeX\2.9\tex/latex/stix\ls2stixcal.fd
File: ls2stixcal.fd 2015/04/17 v1.1.2-latex STIX calligraphic LS2 font definiti
ons
)
LaTeX Font Info:    Trying to load font information for LS1+stixsf on input lin
e 50.

(C:\Users\wb164718\AppData\Roaming\MiKTeX\2.9\tex/latex/stix\ls1stixsf.fd
File: ls1stixsf.fd 2015/04/17 v1.1.2-latex STIX sans-serif LS1 font definitions

)
LaTeX Font Info:    Trying to load font information for LS2+stixtt on input lin
e 50.

(C:\Users\wb164718\AppData\Roaming\MiKTeX\2.9\tex/latex/stix\ls2stixtt.fd
File: ls2stixtt.fd 2015/04/17 v1.1.2-latex STIX typewriter LS2 font definitions

)
LaTeX Font Info:    Font shape `T1/stix/bx/n' in size <8> not available
(Font)              Font shape `T1/stix/b/n' tried instead on input line 50.
LaTeX Font Info:    Font shape `T1/stix/bx/n' in size <10> not available
(Font)              Font shape `T1/stix/b/n' tried instead on input line 50.

Overfull \hbox (346.99213pt too wide) in paragraph at lines 50--50
[][] | || []|[][] 
 []

LaTeX Font Info:    Calculating math sizes for size <10.03749> on input line 50
.
LaTeX Font Info:    Calculating math sizes for size <7.5> on input line 52.
LaTeX Font Info:    Font shape `T1/stix/bx/n' in size <7.5> not available
(Font)              Font shape `T1/stix/b/n' tried instead on input line 52.

Overfull \vbox (6.46347pt too high) has occurred while \output is active []


[1

\openout3 = `wileyNJD-AMA.pag'.

{C:/Users/wb164718/AppData/Local/MiKTeX/2.9/pdftex/config/pdftex.map}]
<empty.pdf, id=24, 114.43155pt x 86.162pt>
LaTeX Font Info:    Trying to load font information for T1+cmtt on input line 9
7.

("C:\Program Files\MiKTeX 2.9\tex/latex/base\t1cmtt.fd"
File: t1cmtt.fd 2014/09/29 v2.5h Standard LaTeX font definitions
)
LaTeX Font Info:    Font shape `T1/stix/bx/n' in size <10.03749> not available
(Font)              Font shape `T1/stix/b/n' tried instead on input line 98.
LaTeX Font Info:    Font shape `T1/stix/bx/n' in size <12> not available
(Font)              Font shape `T1/stix/b/n' tried instead on input line 119.
LaTeX Font Info:    Font shape `T1/stix/bx/n' in size <7> not available
(Font)              Font shape `T1/stix/b/n' tried instead on input line 127.
 [2] [3]
Overfull \hbox (16.5pt too wide) in paragraph at lines 194--194
[][] 
 []

[4] [5]
LaTeX Font Info:    Trying to load font information for OMS+stix on input line 
311.
LaTeX Font Info:    No file OMSstix.fd. on input line 311.


LaTeX Font Warning: Font shape `OMS/stix/m/n' undefined
(Font)              using `OMS/cmsy/m/n' instead
(Font)              for symbol `textbullet' on input line 311.


Underfull \hbox (badness 10000) in paragraph at lines 330--331

 []

[6]

LaTeX Warning: The counter will not be printed.
             The label is:  on input line 371.

[7]
Overfull \hbox (8.03777pt too wide) detected at line 484
$\LS1/stix/m/it/10.03749 :\LS1/stix/m/n/10.03749 3691 <$ 
 []


Overfull \hbox (5.01874pt too wide) detected at line 485
$\LS1/stix/m/it/10.03749 :\LS1/stix/m/n/10.03749 6060£$ 
 []

Package hyperref Info: bookmark level for unknown algorithm defaults to 0 on in
put line 502.
[8] [9] [10] [11] [12]
Overfull \hbox (13.0pt too wide) in paragraph at lines 643--643
[] [] 
 []


Underfull \hbox (badness 10000) in paragraph at lines 647--648
[]\T1/stix/m/n/10.03749 for pro-gram codes with math. Based on the text pro-vid
ed inside the optional argu-ment of
 []

Package hyperref Info: bookmark level for unknown lstlisting defaults to 0 on i
nput line 649.
[13] [14] [15] (wileyNJD-AMA.bbl [16]
Underfull \hbox (badness 1194) in paragraph at lines 14--18
[]\T1/stix/m/n/10.03749 Taylor GI, Green AE. Mech-a-nism of the pro-duc-tion of
 small eddies from large ones. \T1/stix/m/it/10.03749 P Roy Soc Lond A Mat.
 []


Underfull \hbox (badness 2229) in paragraph at lines 72--74
[]\T1/stix/m/n/10.03749 Lauritzen P, Erath C, Mit-tal R. On sim-pli-fy-ing `inc
re-men-tal remap'-based trans-port schemes. \T1/stix/m/it/10.03749 J Com-put Ph
ys.
 []


Underfull \hbox (badness 5388) in paragraph at lines 81--83
[]\T1/stix/m/n/10.03749 Dukowicz JK, Baum-gard-ner JR. Incre-men-tal remap-ping
 as a trans-port/ad-vec-tion algorithm. \T1/stix/m/it/10.03749 J Com-put Phys.
 []

[17]) [18]
Package atveryend Info: Empty hook `BeforeClearDocument' on input line 860.
 [19

]
Package atveryend Info: Empty hook `AfterLastShipout' on input line 860.
 (wileyNJD-AMA.aux)
Package atveryend Info: Executing hook `AtVeryEndDocument' on input line 860.
Package atveryend Info: Empty hook `AtEndAfterFileList' on input line 860.


LaTeX Font Warning: Some font shapes were not available, defaults substituted.

Package atveryend Info: Empty hook `AtVeryVeryEnd' on input line 860.
 ) 
Here is how much of TeX's memory you used:
 16484 strings out of 492453
 226523 string characters out of 3129810
 325753 words of memory out of 3000000
 20481 multiletter control sequences out of 15000+200000
 129646 words of font info for 159 fonts, out of 3000000 for 9000
 1167 hyphenation exceptions out of 8191
 46i,13n,46p,1291b,1009s stack positions out of 5000i,500n,10000p,200000b,50000s
pdfTeX warning (dest): name{Hfootnote.1} has been referenced but does not exi
st, replaced by a fixed one

{C:/Users/wb164718/AppData/Roaming/MiKTeX/2.9/fonts/enc/dvips/stix/stix-t1.enc}
 <C:\Users\wb164718\AppData\Local\MiKTeX\2.9\fonts/pk/ljfour/jknappen/ec/dpi600
\ectt1000.pk><C:/Users/wb164718/AppData/Roaming/MiKTeX/2.9/fonts/type1/public/s
tix/STIXGeneral-Bold.pfb><C:/Users/wb164718/AppData/Roaming/MiKTeX/2.9/fonts/ty
pe1/public/stix/STIXGeneral-Italic.pfb><C:/Users/wb164718/AppData/Roaming/MiKTe
X/2.9/fonts/type1/public/stix/STIXGeneral-Regular.pfb><C:/Program Files/MiKTeX 
2.9/fonts/type1/public/amsfonts/cm/cmsy10.pfb><C:/Users/wb164718/AppData/Roamin
g/MiKTeX/2.9/fonts/type1/public/stix/stix-mathcal.pfb><C:/Users/wb164718/AppDat
a/Roaming/MiKTeX/2.9/fonts/type1/public/stix/stix-mathex.pfb><C:/Users/wb164718
/AppData/Roaming/MiKTeX/2.9/fonts/type1/public/stix/stix-mathit.pfb><C:/Users/w
b164718/AppData/Roaming/MiKTeX/2.9/fonts/type1/public/stix/stix-mathrm.pfb><C:/
Users/wb164718/AppData/Roaming/MiKTeX/2.9/fonts/type1/public/stix/stix-mathsf.p
fb>
Output written on wileyNJD-AMA.pdf (19 pages, 272219 bytes).
PDF statistics:
 382 PDF objects out of 1000 (max. 8388607)
 102 named destinations out of 1000 (max. 500000)
 198 words of extra memory for PDF output out of 10000 (max. 10000000)

